<?xml version="1.0" encoding="UTF-8"?>
<robot generator="Robot 7.2.2 (Python 3.13.3 on win32)" generated="2025-06-30T14:38:26.436634" rpa="false" schemaversion="5">
<suite id="s1" name="Robotframework" source="C:\robotframework">
<suite id="s1-s1" name="Login Tests" source="C:\robotframework\login_tests">
<suite id="s1-s1-s1" name="Valide Login" source="C:\robotframework\login_tests\valide_login.robot">
<test id="s1-s1-s1-t1" name="Valid Login" line="9">
<kw name="Open Browser To Login Page" owner="resource" type="SETUP">
<kw name="Open Browser" owner="SeleniumLibrary">
<msg time="2025-06-30T14:38:26.819511" level="INFO">Opening browser 'chrome' to base url 'https://volunteer-smart-beta.nu.ac.th/pwa_main'.</msg>
<arg>${LOGIN URL}</arg>
<arg>${BROWSER}</arg>
<doc>Opens a new browser instance to the optional ``url``.</doc>
<status status="PASS" start="2025-06-30T14:38:26.819282" elapsed="7.488444"/>
</kw>
<kw name="Maximize Browser Window" owner="SeleniumLibrary">
<doc>Maximizes current browser window.</doc>
<status status="PASS" start="2025-06-30T14:38:34.308573" elapsed="0.032333"/>
</kw>
<kw name="Set Selenium Speed" owner="SeleniumLibrary">
<arg>${DELAY}</arg>
<doc>Sets the delay that is waited after each Selenium command.</doc>
<status status="PASS" start="2025-06-30T14:38:34.341072" elapsed="0.000231"/>
</kw>
<kw name="Click Close Announcement" owner="resource">
<kw name="Wait Until Element Is Visible" owner="SeleniumLibrary">
<arg>css:div#announcementModal .btn</arg>
<arg>timeout=20s</arg>
<doc>Waits until the element ``locator`` is visible.</doc>
<status status="PASS" start="2025-06-30T14:38:34.341652" elapsed="1.092432"/>
</kw>
<kw name="Scroll Element Into View" owner="SeleniumLibrary">
<arg>css:div#announcementModal .btn</arg>
<doc>Scrolls the element identified by ``locator`` into view.</doc>
<status status="PASS" start="2025-06-30T14:38:35.434370" elapsed="0.269661"/>
</kw>
<kw name="Click Button" owner="SeleniumLibrary">
<msg time="2025-06-30T14:38:35.704391" level="INFO">Clicking button 'css:div#announcementModal .btn'.</msg>
<arg>css:div#announcementModal .btn</arg>
<doc>Clicks the button identified by ``locator``.</doc>
<status status="PASS" start="2025-06-30T14:38:35.704215" elapsed="0.081385"/>
</kw>
<kw name="Wait Until Element Is Not Visible" owner="SeleniumLibrary">
<arg>css:div#announcementModal</arg>
<arg>timeout=10s</arg>
<doc>Waits until the element ``locator`` is not visible.</doc>
<status status="PASS" start="2025-06-30T14:38:35.785838" elapsed="0.252789"/>
</kw>
<status status="PASS" start="2025-06-30T14:38:34.341457" elapsed="1.697289"/>
</kw>
<kw name="Login Page Should Be Open">
<msg time="2025-06-30T14:38:36.040758" level="FAIL">No keyword with name 'Login Page Should Be Open' found. Did you try using keyword 'BuiltIn.Log' and forgot to use enough whitespace between keyword and arguments?</msg>
<status status="FAIL" start="2025-06-30T14:38:36.040669" elapsed="0.000160">No keyword with name 'Login Page Should Be Open' found. Did you try using keyword 'BuiltIn.Log' and forgot to use enough whitespace between keyword and arguments?</status>
</kw>
<status status="FAIL" start="2025-06-30T14:38:26.818682" elapsed="9.222322">No keyword with name 'Login Page Should Be Open' found. Did you try using keyword 'BuiltIn.Log' and forgot to use enough whitespace between keyword and arguments?</status>
</kw>
<kw name="Close Browser" owner="SeleniumLibrary" type="TEARDOWN">
<doc>Closes the current browser.</doc>
<status status="PASS" start="2025-06-30T14:38:36.041472" elapsed="2.463059"/>
</kw>
<status status="FAIL" start="2025-06-30T14:38:26.817950" elapsed="11.687030">Setup failed:
No keyword with name 'Login Page Should Be Open' found. Did you try using keyword 'BuiltIn.Log' and forgot to use enough whitespace between keyword and arguments?</status>
</test>
<doc>A test suite with a single test for valid login.

This test has a workflow that is created using keywords in
the imported resource file.</doc>
<status status="FAIL" start="2025-06-30T14:38:26.473182" elapsed="12.033037"/>
</suite>
<status status="FAIL" start="2025-06-30T14:38:26.471885" elapsed="12.035459"/>
</suite>
<suite id="s1-s2" name="Robot Vsmart" source="C:\robotframework\robot_vsmart">
<suite id="s1-s2-s1" name="Import Doc Case" source="C:\robotframework\robot_vsmart\import_doc_case">
<suite id="s1-s2-s1-s1" name="Main" source="C:\robotframework\robot_vsmart\import_doc_case\main.robot">
<test id="s1-s2-s1-s1-t1" name="Username" line="21">
<kw name="Get File" owner="OperatingSystem">
<msg time="2025-06-30T14:38:40.718560" level="INFO" html="true">Getting file '&lt;a href="file://C:\robotframework\robot_vsmart\import_doc_case\json\data_test\username_json.json"&gt;C:\robotframework\robot_vsmart\import_doc_case\json\data_test\username_json.json&lt;/a&gt;'.</msg>
<msg time="2025-06-30T14:38:40.728206" level="INFO">${json_string} = [
    {
        "province": "พิษณูโลก",
        "username": "phitsanulok",
        "password": "29tbSOu@e?LQ"
    }
]
</msg>
<var>${json_string}</var>
<arg>C:\\robotframework\\robot_vsmart\\import_doc_case/json/data_test/username_json.json</arg>
<doc>Returns the contents of a specified file.</doc>
<status status="PASS" start="2025-06-30T14:38:40.718429" elapsed="0.009838"/>
</kw>
<kw name="Evaluate" owner="BuiltIn">
<msg time="2025-06-30T14:38:40.729016" level="INFO">${json_array} = [{'province': 'พิษณูโลก', 'username': 'phitsanulok', 'password': '29tbSOu@e?LQ'}]</msg>
<var>${json_array}</var>
<arg>json.loads('''${json_string}''')</arg>
<arg>json</arg>
<doc>Evaluates the given expression in Python and returns the result.</doc>
<status status="PASS" start="2025-06-30T14:38:40.728733" elapsed="0.000308"/>
</kw>
<kw name="Get From List" owner="Collections">
<msg time="2025-06-30T14:38:40.729578" level="INFO">${first_item} = {'province': 'พิษณูโลก', 'username': 'phitsanulok', 'password': '29tbSOu@e?LQ'}</msg>
<var>${first_item}</var>
<arg>${json_array}</arg>
<arg>0</arg>
<doc>Returns the value specified with an ``index`` from ``list``.</doc>
<status status="PASS" start="2025-06-30T14:38:40.729422" elapsed="0.000181"/>
</kw>
<kw name="Get From Dictionary" owner="Collections">
<msg time="2025-06-30T14:38:40.730060" level="INFO">${province} = พิษณูโลก</msg>
<var>${province}</var>
<arg>${first_item}</arg>
<arg>province</arg>
<doc>Returns a value from the given ``dictionary`` based on the given ``key``.</doc>
<status status="PASS" start="2025-06-30T14:38:40.729904" elapsed="0.000181"/>
</kw>
<kw name="Get From Dictionary" owner="Collections">
<msg time="2025-06-30T14:38:40.730523" level="INFO">${username} = phitsanulok</msg>
<var>${username}</var>
<arg>${first_item}</arg>
<arg>username</arg>
<doc>Returns a value from the given ``dictionary`` based on the given ``key``.</doc>
<status status="PASS" start="2025-06-30T14:38:40.730374" elapsed="0.000173"/>
</kw>
<kw name="Get From Dictionary" owner="Collections">
<msg time="2025-06-30T14:38:40.731004" level="INFO">${password} = 29tbSOu@e?LQ</msg>
<var>${password}</var>
<arg>${first_item}</arg>
<arg>password</arg>
<doc>Returns a value from the given ``dictionary`` based on the given ``key``.</doc>
<status status="PASS" start="2025-06-30T14:38:40.730855" elapsed="0.000171"/>
</kw>
<kw name="Log" owner="BuiltIn">
<msg time="2025-06-30T14:38:40.731483" level="INFO">Province: พิษณูโลก</msg>
<arg>Province: ${province}</arg>
<doc>Logs the given message with the given level.</doc>
<status status="PASS" start="2025-06-30T14:38:40.731323" elapsed="0.000216"/>
</kw>
<kw name="Log" owner="BuiltIn">
<msg time="2025-06-30T14:38:40.732027" level="INFO">Username: phitsanulok</msg>
<arg>Username: ${username}</arg>
<doc>Logs the given message with the given level.</doc>
<status status="PASS" start="2025-06-30T14:38:40.731894" elapsed="0.000179"/>
</kw>
<kw name="Log" owner="BuiltIn">
<msg time="2025-06-30T14:38:40.732442" level="INFO">Password: 29tbSOu@e?LQ</msg>
<arg>Password: ${password}</arg>
<doc>Logs the given message with the given level.</doc>
<status status="PASS" start="2025-06-30T14:38:40.732308" elapsed="0.000185"/>
</kw>
<status status="PASS" start="2025-06-30T14:38:40.717470" elapsed="0.015658"/>
</test>
<test id="s1-s2-s1-s1-t2" name="Username" line="39">
<kw name="Get File" owner="OperatingSystem">
<msg time="2025-06-30T14:38:40.735067" level="INFO" html="true">Getting file '&lt;a href="file://C:\robotframework\robot_vsmart\import_doc_case\json\data_test\username_json.json"&gt;C:\robotframework\robot_vsmart\import_doc_case\json\data_test\username_json.json&lt;/a&gt;'.</msg>
<msg time="2025-06-30T14:38:40.735397" level="INFO">${json_string} = [
    {
        "province": "พิษณูโลก",
        "username": "phitsanulok",
        "password": "29tbSOu@e?LQ"
    }
]
</msg>
<var>${json_string}</var>
<arg>C:\\robotframework\\robot_vsmart\\import_doc_case${/}json${/}data_test${/}username_json.json</arg>
<arg>encoding=utf-8</arg>
<doc>Returns the contents of a specified file.</doc>
<status status="PASS" start="2025-06-30T14:38:40.734847" elapsed="0.000580"/>
</kw>
<kw name="Evaluate" owner="BuiltIn">
<msg time="2025-06-30T14:38:40.735999" level="INFO">${json_array} = [{'province': 'พิษณูโลก', 'username': 'phitsanulok', 'password': '29tbSOu@e?LQ'}]</msg>
<var>${json_array}</var>
<arg>json.loads('''${json_string}''')</arg>
<arg>json</arg>
<doc>Evaluates the given expression in Python and returns the result.</doc>
<status status="PASS" start="2025-06-30T14:38:40.735749" elapsed="0.000274"/>
</kw>
<kw name="Get From List" owner="Collections">
<msg time="2025-06-30T14:38:40.736541" level="INFO">${first_item} = {'province': 'พิษณูโลก', 'username': 'phitsanulok', 'password': '29tbSOu@e?LQ'}</msg>
<var>${first_item}</var>
<arg>${json_array}</arg>
<arg>0</arg>
<doc>Returns the value specified with an ``index`` from ``list``.</doc>
<status status="PASS" start="2025-06-30T14:38:40.736378" elapsed="0.000189"/>
</kw>
<kw name="Get From Dictionary" owner="Collections">
<msg time="2025-06-30T14:38:40.737028" level="INFO">${province} = พิษณูโลก</msg>
<var>${province}</var>
<arg>${first_item}</arg>
<arg>province</arg>
<doc>Returns a value from the given ``dictionary`` based on the given ``key``.</doc>
<status status="PASS" start="2025-06-30T14:38:40.736897" elapsed="0.000153"/>
</kw>
<kw name="Get From Dictionary" owner="Collections">
<msg time="2025-06-30T14:38:40.737508" level="INFO">${username} = phitsanulok</msg>
<var>${username}</var>
<arg>${first_item}</arg>
<arg>username</arg>
<doc>Returns a value from the given ``dictionary`` based on the given ``key``.</doc>
<status status="PASS" start="2025-06-30T14:38:40.737381" elapsed="0.000148"/>
</kw>
<kw name="Get From Dictionary" owner="Collections">
<msg time="2025-06-30T14:38:40.738019" level="INFO">${password} = 29tbSOu@e?LQ</msg>
<var>${password}</var>
<arg>${first_item}</arg>
<arg>password</arg>
<doc>Returns a value from the given ``dictionary`` based on the given ``key``.</doc>
<status status="PASS" start="2025-06-30T14:38:40.737892" elapsed="0.000147"/>
</kw>
<kw name="Log" owner="BuiltIn">
<msg time="2025-06-30T14:38:40.738521" level="INFO">Province: พิษณูโลก</msg>
<arg>Province: ${province}</arg>
<doc>Logs the given message with the given level.</doc>
<status status="PASS" start="2025-06-30T14:38:40.738389" elapsed="0.000181"/>
</kw>
<kw name="Log" owner="BuiltIn">
<msg time="2025-06-30T14:38:40.738995" level="INFO">Username: phitsanulok</msg>
<arg>Username: ${username}</arg>
<doc>Logs the given message with the given level.</doc>
<status status="PASS" start="2025-06-30T14:38:40.738889" elapsed="0.000139"/>
</kw>
<kw name="Log" owner="BuiltIn">
<msg time="2025-06-30T14:38:40.739497" level="INFO">Password: 29tbSOu@e?LQ</msg>
<arg>Password: ${password}</arg>
<doc>Logs the given message with the given level.</doc>
<status status="PASS" start="2025-06-30T14:38:40.739390" elapsed="0.000140"/>
</kw>
<status status="PASS" start="2025-06-30T14:38:40.734061" elapsed="0.006137"/>
</test>
<test id="s1-s2-s1-s1-t3" name="TC_1_001 | dwf_department_show_responsible_province" line="50">
<kw name="Set Selenium Speed" owner="SeleniumLibrary">
<arg>${Delay}</arg>
<doc>Sets the delay that is waited after each Selenium command.</doc>
<status status="PASS" start="2025-06-30T14:38:40.741602" elapsed="0.000213"/>
</kw>
<kw name="Get File" owner="OperatingSystem">
<msg time="2025-06-30T14:38:40.742334" level="INFO" html="true">Getting file '&lt;a href="file://C:\robotframework\robot_vsmart\import_doc_case\json\data_test\username_json.json"&gt;C:\robotframework\robot_vsmart\import_doc_case\json\data_test\username_json.json&lt;/a&gt;'.</msg>
<msg time="2025-06-30T14:38:40.742657" level="INFO">${json_string} = [
    {
        "province": "พิษณูโลก",
        "username": "phitsanulok",
        "password": "29tbSOu@e?LQ"
    }
]
</msg>
<var>${json_string}</var>
<arg>C:\\robotframework\\robot_vsmart\\import_doc_case${/}json${/}data_test${/}username_json.json</arg>
<arg>encoding=utf-8</arg>
<doc>Returns the contents of a specified file.</doc>
<status status="PASS" start="2025-06-30T14:38:40.742153" elapsed="0.000534"/>
</kw>
<kw name="Evaluate" owner="BuiltIn">
<msg time="2025-06-30T14:38:40.743221" level="INFO">${json_array} = [{'province': 'พิษณูโลก', 'username': 'phitsanulok', 'password': '29tbSOu@e?LQ'}]</msg>
<var>${json_array}</var>
<arg>json.loads('''${json_string}''')</arg>
<arg>json</arg>
<doc>Evaluates the given expression in Python and returns the result.</doc>
<status status="PASS" start="2025-06-30T14:38:40.742980" elapsed="0.000265"/>
</kw>
<for flavor="IN">
<iter>
<kw name="Get From Dictionary" owner="Collections">
<msg time="2025-06-30T14:38:40.744075" level="INFO">${province} = พิษณูโลก</msg>
<var>${province}</var>
<arg>${item}</arg>
<arg>province</arg>
<doc>Returns a value from the given ``dictionary`` based on the given ``key``.</doc>
<status status="PASS" start="2025-06-30T14:38:40.743936" elapsed="0.000162"/>
</kw>
<kw name="Get From Dictionary" owner="Collections">
<msg time="2025-06-30T14:38:40.744308" level="INFO">${username} = phitsanulok</msg>
<var>${username}</var>
<arg>${item}</arg>
<arg>username</arg>
<doc>Returns a value from the given ``dictionary`` based on the given ``key``.</doc>
<status status="PASS" start="2025-06-30T14:38:40.744212" elapsed="0.000114"/>
</kw>
<kw name="Get From Dictionary" owner="Collections">
<msg time="2025-06-30T14:38:40.744517" level="INFO">${password} = 29tbSOu@e?LQ</msg>
<var>${password}</var>
<arg>${item}</arg>
<arg>password</arg>
<doc>Returns a value from the given ``dictionary`` based on the given ``key``.</doc>
<status status="PASS" start="2025-06-30T14:38:40.744427" elapsed="0.000107"/>
</kw>
<kw name="Login Vsmart" owner="Login_Vsmart">
<kw name="Open Browser" owner="SeleniumLibrary">
<msg time="2025-06-30T14:38:40.745146" level="INFO">Opening browser 'Chrome' to base url 'https://volunteer-smart-beta.nu.ac.th/'.</msg>
<arg>${Login_URL}</arg>
<arg>Chrome</arg>
<doc>Opens a new browser instance to the optional ``url``.</doc>
<status status="PASS" start="2025-06-30T14:38:40.745023" elapsed="1.672202"/>
</kw>
<kw name="Input Text" owner="SeleniumLibrary">
<msg time="2025-06-30T14:38:42.418447" level="INFO">Typing text 'phitsanulok' into text field 'id=username'.</msg>
<msg time="2025-06-30T14:38:42.838619" level="INFO" html="true">&lt;/td&gt;&lt;/tr&gt;&lt;tr&gt;&lt;td colspan="3"&gt;&lt;a href="selenium-screenshot-18.png"&gt;&lt;img src="selenium-screenshot-18.png" width="800px"&gt;&lt;/a&gt;</msg>
<msg time="2025-06-30T14:38:42.838846" level="FAIL">ElementNotInteractableException: Message: element not interactable
  (Session info: chrome=137.0.7151.120)
Stacktrace:
	GetHandleVerifier [0x0x7ff756a1cda5+78885]
	GetHandleVerifier [0x0x7ff756a1ce00+78976]
	(No symbol) [0x0x7ff7567d99fc]
	(No symbol) [0x0x7ff756829db2]
	(No symbol) [0x0x7ff756827b29]
	(No symbol) [0x0x7ff756858b8a]
	(No symbol) [0x0x7ff756822f06]
	(No symbol) [0x0x7ff756858da0]
	(No symbol) [0x0x7ff75688122f]
	(No symbol) [0x0x7ff756858963]
	(No symbol) [0x0x7ff7568216b1]
	(No symbol) [0x0x7ff756822443]
	GetHandleVerifier [0x0x7ff756cf4eed+3061101]
	GetHandleVerifier [0x0x7ff756cef33d+3037629]
	GetHandleVerifier [0x0x7ff756d0e592+3165202]
	GetHandleVerifier [0x0x7ff756a3730e+186766]
	GetHandleVerifier [0x0x7ff756a3eb3f+217535]
	GetHandleVerifier [0x0x7ff756a259b4+114740]
	GetHandleVerifier [0x0x7ff756a25b69+115177]
	GetHandleVerifier [0x0x7ff756a0c368+10728]
	BaseThreadInitThunk [0x0x7ffc563de8d7+23]
	RtlUserThreadStart [0x0x7ffc570fc34c+44]
</msg>
<arg>id=username</arg>
<arg>${username}</arg>
<doc>Types the given ``text`` into the text field identified by ``locator``.</doc>
<status status="FAIL" start="2025-06-30T14:38:42.417651" elapsed="0.546267">ElementNotInteractableException: Message: element not interactable
  (Session info: chrome=137.0.7151.120)
Stacktrace:
	GetHandleVerifier [0x0x7ff756a1cda5+78885]
	GetHandleVerifier [0x0x7ff756a1ce00+78976]
	(No symbol) [0x0x7ff7567d99fc]
	(No symbol) [0x0x7ff756829db2]
	(No symbol) [0x0x7ff756827b29]
	(No symbol) [0x0x7ff756858b8a]
	(No symbol) [0x0x7ff756822f06]
	(No symbol) [0x0x7ff756858da0]
	(No symbol) [0x0x7ff75688122f]
	(No symbol) [0x0x7ff756858963]
	(No symbol) [0x0x7ff7568216b1]
	(No symbol) [0x0x7ff756822443]
	GetHandleVerifier [0x0x7ff756cf4eed+3061101]
	GetHandleVerifier [0x0x7ff756cef33d+3037629]
	GetHandleVerifier [0x0x7ff756d0e592+3165202]
	GetHandleVerifier [0x0x7ff756a3730e+186766]
	GetHandleVerifier [0x0x7ff756a3eb3f+217535]
	GetHandleVerifier [0x0x7ff756a259b4+114740]
	GetHandleVerifier [0x0x7ff756a25b69+115177]
	GetHandleVerifier [0x0x7ff756a0c368+10728]
	BaseThreadInitThunk [0x0x7ffc563de8d7+23]
	RtlUserThreadStart [0x0x7ffc570fc34c+44]
</status>
</kw>
<kw name="Input Text" owner="SeleniumLibrary">
<arg>id=password</arg>
<arg>${password}</arg>
<doc>Types the given ``text`` into the text field identified by ``locator``.</doc>
<status status="NOT RUN" start="2025-06-30T14:38:42.964323" elapsed="0.000050"/>
</kw>
<kw name="Click Button" owner="SeleniumLibrary">
<arg>id=loginButton</arg>
<doc>Clicks the button identified by ``locator``.</doc>
<status status="NOT RUN" start="2025-06-30T14:38:42.964568" elapsed="0.000033"/>
</kw>
<kw name="Wait Until Page Contains" owner="SeleniumLibrary">
<arg>Welcome</arg>
<doc>Waits until ``text`` appears on the current page.</doc>
<status status="NOT RUN" start="2025-06-30T14:38:42.964795" elapsed="0.000031"/>
</kw>
<arg>${username}</arg>
<arg>${password}</arg>
<status status="FAIL" start="2025-06-30T14:38:40.744674" elapsed="2.220333">ElementNotInteractableException: Message: element not interactable
  (Session info: chrome=137.0.7151.120)
Stacktrace:
	GetHandleVerifier [0x0x7ff756a1cda5+78885]
	GetHandleVerifier [0x0x7ff756a1ce00+78976]
	(No symbol) [0x0x7ff7567d99fc]
	(No symbol) [0x0x7ff756829db2]
	(No symbol) [0x0x7ff756827b29]
	(No symbol) [0x0x7ff756858b8a]
	(No symbol) [0x0x7ff756822f06]
	(No symbol) [0x0x7ff756858da0]
	(No symbol) [0x0x7ff75688122f]
	(No symbol) [0x0x7ff756858963]
	(No symbol) [0x0x7ff7568216b1]
	(No symbol) [0x0x7ff756822443]
	GetHandleVerifier [0x0x7ff756cf4eed+3061101]
	GetHandleVerifier [0x0x7ff756cef33d+3037629]
	GetHandleVerifier [0x0x7ff756d0e592+3165202]
	GetHandleVerifier [0x0x7ff756a3730e+186766]
	GetHandleVerifier [0x0x7ff756a3eb3f+217535]
	GetHandleVerifier [0x0x7ff756a259b4+114740]
	GetHandleVerifier [0x0x7ff756a25b69+115177]
	GetHandleVerifier [0x0x7ff756a0c368+10728]
	BaseThreadInitThunk [0x0x7ffc563de8d7+23]
	RtlUserThreadStart [0x0x7ffc570fc34c+44]
</status>
</kw>
<kw name="Goto import doc case" owner="Import_Doc_Case">
<status status="NOT RUN" start="2025-06-30T14:38:42.965308" elapsed="0.000046"/>
</kw>
<kw name="Wait Until Keyword Succeeds" owner="BuiltIn">
<arg>1 min</arg>
<arg>100ms</arg>
<arg>Switch To New Window</arg>
<doc>Runs the specified keyword and retries if it fails.</doc>
<status status="NOT RUN" start="2025-06-30T14:38:42.965586" elapsed="0.000037"/>
</kw>
<kw name="Sleep" owner="BuiltIn">
<arg>3s</arg>
<doc>Pauses the test executed for the given time.</doc>
<status status="NOT RUN" start="2025-06-30T14:38:42.965794" elapsed="0.000029"/>
</kw>
<kw name="Dwf Department Show Responsible Province">
<arg>${province}</arg>
<status status="NOT RUN" start="2025-06-30T14:38:42.965991" elapsed="0.000031"/>
</kw>
<for flavor="IN RANGE">
<iter>
<kw name="Run Notebook And Get Variables" owner="NotebookLibrary">
<var>${citizen_id}</var>
<var>${firstname}</var>
<var>${lastname}</var>
<var>${prefix}</var>
<arg>${NOTEBOOK_PATH}</arg>
<doc>Alias ให้ตรงกับชื่อเดิมใน Test Case</doc>
<status status="NOT RUN" start="2025-06-30T14:38:42.966520" elapsed="0.000032"/>
</kw>
<kw name="Execute Javascript" owner="SeleniumLibrary">
<arg>window.location.reload();</arg>
<doc>Executes the given JavaScript code with possible arguments.</doc>
<status status="NOT RUN" start="2025-06-30T14:38:42.966756" elapsed="0.000032"/>
</kw>
<kw name="Sleep" owner="BuiltIn">
<arg>3s</arg>
<doc>Pauses the test executed for the given time.</doc>
<status status="NOT RUN" start="2025-06-30T14:38:42.966943" elapsed="0.000029"/>
</kw>
<kw name="Insert Consent Form" owner="Consent_Form">
<status status="NOT RUN" start="2025-06-30T14:38:42.967187" elapsed="0.000036"/>
</kw>
<kw name="Informer over 18 years old" owner="Informer">
<arg>${citizen_id}</arg>
<arg>${firstname}</arg>
<arg>${lastname}</arg>
<arg>${prefix}</arg>
<status status="NOT RUN" start="2025-06-30T14:38:42.967453" elapsed="0.000036"/>
</kw>
<kw name="Run Notebook And Get Variables" owner="NotebookLibrary">
<var>${citizen_id}</var>
<var>${firstname}</var>
<var>${lastname}</var>
<var>${prefix}</var>
<arg>${NOTEBOOK_PATH}</arg>
<doc>Alias ให้ตรงกับชื่อเดิมใน Test Case</doc>
<status status="NOT RUN" start="2025-06-30T14:38:42.967674" elapsed="0.000031"/>
</kw>
<kw name="People problem over 18 years old" owner="People_Problem">
<arg>${citizen_id}</arg>
<arg>${firstname}</arg>
<arg>${lastname}</arg>
<arg>${prefix}</arg>
<status status="NOT RUN" start="2025-06-30T14:38:42.967967" elapsed="0.000034"/>
</kw>
<kw name="Run Notebook And Get Variables" owner="NotebookLibrary">
<var>${citizen_id}</var>
<var>${firstname}</var>
<var>${lastname}</var>
<var>${prefix}</var>
<arg>${NOTEBOOK_PATH}</arg>
<doc>Alias ให้ตรงกับชื่อเดิมใน Test Case</doc>
<status status="NOT RUN" start="2025-06-30T14:38:42.968201" elapsed="0.000095"/>
</kw>
<kw name="Insert Family Memeber" owner="Family_Member">
<arg>${citizen_id}</arg>
<arg>${firstname}</arg>
<arg>${lastname}</arg>
<arg>${prefix}</arg>
<status status="NOT RUN" start="2025-06-30T14:38:42.968632" elapsed="0.000044"/>
</kw>
<kw name="Random Info About Informer" owner="Info_About_Informer">
<status status="NOT RUN" start="2025-06-30T14:38:42.969600" elapsed="0.000054"/>
</kw>
<kw name="Insert House Condition" owner="Home_inspect">
<arg>Automated Test</arg>
<status status="NOT RUN" start="2025-06-30T14:38:42.969833" elapsed="0.000038"/>
</kw>
<kw name="Set Variable" owner="BuiltIn">
<var>${backup_house_condition_2}</var>
<arg>Automated Test</arg>
<doc>Returns the given values which can then be assigned to a variables.</doc>
<status status="NOT RUN" start="2025-06-30T14:38:42.970061" elapsed="0.000035"/>
</kw>
<kw name="Insert House Problem" owner="Home_inspect">
<arg>Automated test</arg>
<status status="NOT RUN" start="2025-06-30T14:38:42.970280" elapsed="0.000034"/>
</kw>
<kw name="Set Variable" owner="BuiltIn">
<var>${backup_house_problem_2}</var>
<arg>Automated Test</arg>
<doc>Returns the given values which can then be assigned to a variables.</doc>
<status status="NOT RUN" start="2025-06-30T14:38:42.970479" elapsed="0.000030"/>
</kw>
<kw name="Insert House Comment" owner="Home_inspect">
<arg>Automated test</arg>
<status status="NOT RUN" start="2025-06-30T14:38:42.970668" elapsed="0.000042"/>
</kw>
<kw name="Set Variable" owner="BuiltIn">
<var>${backup_house_comment}</var>
<arg>Automated Test</arg>
<doc>Returns the given values which can then be assigned to a variables.</doc>
<status status="NOT RUN" start="2025-06-30T14:38:42.970873" elapsed="0.000031"/>
</kw>
<kw name="Random Order Value" owner="Order">
<var>${backup_order}</var>
<arg>xpath=//select[@name="order_name"]</arg>
<status status="NOT RUN" start="2025-06-30T14:38:42.971109" elapsed="0.000034"/>
</kw>
<kw name="Random Money Help" owner="Home_inspect">
<var>${backup_money_help}</var>
<arg>xpath=//input[@name="money_help"]</arg>
<status status="NOT RUN" start="2025-06-30T14:38:42.971303" elapsed="0.000030"/>
</kw>
<kw name="Random How Payment Value" owner="Order">
<var>${backup_how_payment}</var>
<arg>xpath=//select[@name="transfer_money_type"]</arg>
<status status="NOT RUN" start="2025-06-30T14:38:42.971649" elapsed="0.000028"/>
</kw>
<kw name="Random Select By Text" owner="Random">
<var>${backup_bank_name}</var>
<arg>xpath=//select[@name="bank_name"]</arg>
<status status="NOT RUN" start="2025-06-30T14:38:42.971826" elapsed="0.000037"/>
</kw>
<kw name="Input Text" owner="SeleniumLibrary">
<arg>xpath=//input[@name='bank_branch']</arg>
<arg>automated test</arg>
<doc>Types the given ``text`` into the text field identified by ``locator``.</doc>
<status status="NOT RUN" start="2025-06-30T14:38:42.972059" elapsed="0.000032"/>
</kw>
<kw name="Set Variable" owner="BuiltIn">
<var>${backup_bank_branch}</var>
<arg>automated test</arg>
<doc>Returns the given values which can then be assigned to a variables.</doc>
<status status="NOT RUN" start="2025-06-30T14:38:42.972266" elapsed="0.000036"/>
</kw>
<kw name="Input Text" owner="SeleniumLibrary">
<arg>xpath=//input[@name='account_number']</arg>
<arg>1669931231</arg>
<doc>Types the given ``text`` into the text field identified by ``locator``.</doc>
<status status="NOT RUN" start="2025-06-30T14:38:42.972496" elapsed="0.000030"/>
</kw>
<kw name="Set Variable" owner="BuiltIn">
<var>${backup_account_number}</var>
<arg>1669931231</arg>
<doc>Returns the given values which can then be assigned to a variables.</doc>
<status status="NOT RUN" start="2025-06-30T14:38:42.972693" elapsed="0.000042"/>
</kw>
<kw name="Input Text" owner="SeleniumLibrary">
<arg>xpath=//input[@name='account_name']</arg>
<arg>automated test</arg>
<doc>Types the given ``text`` into the text field identified by ``locator``.</doc>
<status status="NOT RUN" start="2025-06-30T14:38:42.972907" elapsed="0.000030"/>
</kw>
<kw name="Set Variable" owner="BuiltIn">
<var>${backup_account_name}</var>
<arg>automated test</arg>
<doc>Returns the given values which can then be assigned to a variables.</doc>
<status status="NOT RUN" start="2025-06-30T14:38:42.973108" elapsed="0.000031"/>
</kw>
<kw name="Random Select By Text" owner="Random">
<var>${backup_account_type}</var>
<arg>xpath=//select[@name="account_type"]</arg>
<status status="NOT RUN" start="2025-06-30T14:38:42.973348" elapsed="0.000036"/>
</kw>
<kw name="Insert All Picture Inspect" owner="Home_inspect">
<status status="NOT RUN" start="2025-06-30T14:38:42.973574" elapsed="0.000036"/>
</kw>
<kw name="Click Element" owner="SeleniumLibrary">
<arg>xpath=//input[@value="บันทึกอย่างเดียว"]</arg>
<doc>Click the element identified by ``locator``.</doc>
<status status="NOT RUN" start="2025-06-30T14:38:42.973784" elapsed="0.000033"/>
</kw>
<kw name="Handle Alert" owner="SeleniumLibrary">
<arg>ACCEPT</arg>
<doc>Handles the current alert and returns its message.</doc>
<status status="NOT RUN" start="2025-06-30T14:38:42.973983" elapsed="0.000027"/>
</kw>
<var name="${i}"/>
<status status="NOT RUN" start="2025-06-30T14:38:42.966329" elapsed="0.007725"/>
</iter>
<var>${i}</var>
<value>3</value>
<status status="NOT RUN" start="2025-06-30T14:38:42.966098" elapsed="0.008027"/>
</for>
<kw name="Sleep" owner="BuiltIn">
<arg>5s</arg>
<doc>Pauses the test executed for the given time.</doc>
<status status="NOT RUN" start="2025-06-30T14:38:42.974310" elapsed="0.000034"/>
</kw>
<kw name="Close All Browsers" owner="SeleniumLibrary">
<doc>Closes all open browsers and resets the browser cache.</doc>
<status status="NOT RUN" start="2025-06-30T14:38:42.974525" elapsed="0.000029"/>
</kw>
<var name="${item}">{'province': 'พิษณูโลก', 'username': 'phitsanulok', 'password': '29tbSOu@e?LQ'}</var>
<status status="FAIL" start="2025-06-30T14:38:40.743809" elapsed="2.230834">ElementNotInteractableException: Message: element not interactable
  (Session info: chrome=137.0.7151.120)
Stacktrace:
	GetHandleVerifier [0x0x7ff756a1cda5+78885]
	GetHandleVerifier [0x0x7ff756a1ce00+78976]
	(No symbol) [0x0x7ff7567d99fc]
	(No symbol) [0x0x7ff756829db2]
	(No symbol) [0x0x7ff756827b29]
	(No symbol) [0x0x7ff756858b8a]
	(No symbol) [0x0x7ff756822f06]
	(No symbol) [0x0x7ff756858da0]
	(No symbol) [0x0x7ff75688122f]
	(No symbol) [0x0x7ff756858963]
	(No symbol) [0x0x7ff7568216b1]
	(No symbol) [0x0x7ff756822443]
	GetHandleVerifier [0x0x7ff756cf4eed+3061101]
	GetHandleVerifier [0x0x7ff756cef33d+3037629]
	GetHandleVerifier [0x0x7ff756d0e592+3165202]
	GetHandleVerifier [0x0x7ff756a3730e+186766]
	GetHandleVerifier [0x0x7ff756a3eb3f+217535]
	GetHandleVerifier [0x0x7ff756a259b4+114740]
	GetHandleVerifier [0x0x7ff756a25b69+115177]
	GetHandleVerifier [0x0x7ff756a0c368+10728]
	BaseThreadInitThunk [0x0x7ffc563de8d7+23]
	RtlUserThreadStart [0x0x7ffc570fc34c+44]
</status>
</iter>
<var>${item}</var>
<value>@{json_array}</value>
<status status="FAIL" start="2025-06-30T14:38:40.743514" elapsed="2.231259">ElementNotInteractableException: Message: element not interactable
  (Session info: chrome=137.0.7151.120)
Stacktrace:
	GetHandleVerifier [0x0x7ff756a1cda5+78885]
	GetHandleVerifier [0x0x7ff756a1ce00+78976]
	(No symbol) [0x0x7ff7567d99fc]
	(No symbol) [0x0x7ff756829db2]
	(No symbol) [0x0x7ff756827b29]
	(No symbol) [0x0x7ff756858b8a]
	(No symbol) [0x0x7ff756822f06]
	(No symbol) [0x0x7ff756858da0]
	(No symbol) [0x0x7ff75688122f]
	(No symbol) [0x0x7ff756858963]
	(No symbol) [0x0x7ff7568216b1]
	(No symbol) [0x0x7ff756822443]
	GetHandleVerifier [0x0x7ff756cf4eed+3061101]
	GetHandleVerifier [0x0x7ff756cef33d+3037629]
	GetHandleVerifier [0x0x7ff756d0e592+3165202]
	GetHandleVerifier [0x0x7ff756a3730e+186766]
	GetHandleVerifier [0x0x7ff756a3eb3f+217535]
	GetHandleVerifier [0x0x7ff756a259b4+114740]
	GetHandleVerifier [0x0x7ff756a25b69+115177]
	GetHandleVerifier [0x0x7ff756a0c368+10728]
	BaseThreadInitThunk [0x0x7ffc563de8d7+23]
	RtlUserThreadStart [0x0x7ffc570fc34c+44]
</status>
</for>
<status status="FAIL" start="2025-06-30T14:38:40.741015" elapsed="2.234204">ElementNotInteractableException: Message: element not interactable
  (Session info: chrome=137.0.7151.120)
Stacktrace:
	GetHandleVerifier [0x0x7ff756a1cda5+78885]
	GetHandleVerifier [0x0x7ff756a1ce00+78976]
	(No symbol) [0x0x7ff7567d99fc]
	(No symbol) [0x0x7ff756829db2]
	(No symbol) [0x0x7ff756827b29]
	(No symbol) [0x0x7ff756858b8a]
	(No symbol) [0x0x7ff756822f06]
	(No symbol) [0x0x7ff756858da0]
	(No symbol) [0x0x7ff75688122f]
	(No symbol) [0x0x7ff756858963]
	(No symbol) [0x0x7ff7568216b1]
	(No symbol) [0x0x7ff756822443]
	GetHandleVerifier [0x0x7ff756cf4eed+3061101]
	GetHandleVerifier [0x0x7ff756cef33d+3037629]
	GetHandleVerifier [0x0x7ff756d0e592+3165202]
	GetHandleVerifier [0x0x7ff756a3730e+186766]
	GetHandleVerifier [0x0x7ff756a3eb3f+217535]
	GetHandleVerifier [0x0x7ff756a259b4+114740]
	GetHandleVerifier [0x0x7ff756a25b69+115177]
	GetHandleVerifier [0x0x7ff756a0c368+10728]
	BaseThreadInitThunk [0x0x7ffc563de8d7+23]
	RtlUserThreadStart [0x0x7ffc570fc34c+44]
</status>
</test>
<test id="s1-s2-s1-s1-t4" name="TC_2_001 | with json" line="102">
<kw name="Set Variable" owner="BuiltIn">
<msg time="2025-06-30T14:38:42.978297" level="INFO">${cred_file} = C:\robotframework\robot_vsmart\import_doc_case\json\username_json.json</msg>
<var>${cred_file}</var>
<arg>C:\\robotframework\\robot_vsmart\\import_doc_case${/}json${/}username_json.json</arg>
<doc>Returns the given values which can then be assigned to a variables.</doc>
<status status="PASS" start="2025-06-30T14:38:42.978011" elapsed="0.000327"/>
</kw>
<kw name="Get File" owner="OperatingSystem">
<msg time="2025-06-30T14:38:42.978875" level="INFO" html="true">Getting file '&lt;a href="file://C:\robotframework\robot_vsmart\import_doc_case\json\username_json.json"&gt;C:\robotframework\robot_vsmart\import_doc_case\json\username_json.json&lt;/a&gt;'.</msg>
<msg time="2025-06-30T14:38:42.979133" level="FAIL">FileNotFoundError: [Errno 2] No such file or directory: 'C:\\robotframework\\robot_vsmart\\import_doc_case\\json\\username_json.json'</msg>
<var>${cred_str}</var>
<arg>${cred_file}</arg>
<arg>encoding=utf-8</arg>
<doc>Returns the contents of a specified file.</doc>
<status status="FAIL" start="2025-06-30T14:38:42.978667" elapsed="0.000641">FileNotFoundError: [Errno 2] No such file or directory: 'C:\\robotframework\\robot_vsmart\\import_doc_case\\json\\username_json.json'</status>
</kw>
<kw name="Evaluate" owner="BuiltIn">
<var>${creds}</var>
<arg>json.loads("""${cred_str}""")</arg>
<arg>json</arg>
<doc>Evaluates the given expression in Python and returns the result.</doc>
<status status="NOT RUN" start="2025-06-30T14:38:42.979733" elapsed="0.000050"/>
</kw>
<kw name="Get From List" owner="Collections">
<var>${first_cred}</var>
<arg>${creds}</arg>
<arg>0</arg>
<doc>Returns the value specified with an ``index`` from ``list``.</doc>
<status status="NOT RUN" start="2025-06-30T14:38:42.980085" elapsed="0.000035"/>
</kw>
<kw name="Get From Dictionary" owner="Collections">
<var>${username}</var>
<arg>${first_cred}</arg>
<arg>username</arg>
<doc>Returns a value from the given ``dictionary`` based on the given ``key``.</doc>
<status status="NOT RUN" start="2025-06-30T14:38:42.980438" elapsed="0.000044"/>
</kw>
<kw name="Get From Dictionary" owner="Collections">
<var>${password}</var>
<arg>${first_cred}</arg>
<arg>password</arg>
<doc>Returns a value from the given ``dictionary`` based on the given ``key``.</doc>
<status status="NOT RUN" start="2025-06-30T14:38:42.980864" elapsed="0.000083"/>
</kw>
<kw name="Login Vsmart" owner="Login_Vsmart">
<arg>${username}</arg>
<arg>${password}</arg>
<status status="NOT RUN" start="2025-06-30T14:38:42.981474" elapsed="0.000055"/>
</kw>
<kw name="Goto import doc case" owner="Import_Doc_Case">
<status status="NOT RUN" start="2025-06-30T14:38:42.981893" elapsed="0.000048"/>
</kw>
<kw name="Wait Until Keyword Succeeds" owner="BuiltIn">
<arg>1 min</arg>
<arg>100ms</arg>
<arg>Switch To New Window</arg>
<doc>Runs the specified keyword and retries if it fails.</doc>
<status status="NOT RUN" start="2025-06-30T14:38:42.982232" elapsed="0.000039"/>
</kw>
<kw name="Sleep" owner="BuiltIn">
<arg>3s</arg>
<doc>Pauses the test executed for the given time.</doc>
<status status="NOT RUN" start="2025-06-30T14:38:42.982604" elapsed="0.000035"/>
</kw>
<kw name="Set Variable" owner="BuiltIn">
<var>${data_file}</var>
<arg>C:\\robotframework\\robot_vsmart\\import_doc_case${/}json${/}data_test${/}data1.json</arg>
<doc>Returns the given values which can then be assigned to a variables.</doc>
<status status="NOT RUN" start="2025-06-30T14:38:42.982890" elapsed="0.000038"/>
</kw>
<kw name="Get File" owner="OperatingSystem">
<var>${data_str}</var>
<arg>${data_file}</arg>
<arg>encoding=utf-8</arg>
<doc>Returns the contents of a specified file.</doc>
<status status="NOT RUN" start="2025-06-30T14:38:42.983206" elapsed="0.000036"/>
</kw>
<kw name="Evaluate" owner="BuiltIn">
<var>${data}</var>
<arg>json.loads("""${data_str}""")</arg>
<arg>json</arg>
<doc>Evaluates the given expression in Python and returns the result.</doc>
<status status="NOT RUN" start="2025-06-30T14:38:42.983694" elapsed="0.000041"/>
</kw>
<kw name="Fill Informer Form From JSON" owner="Consent_Form">
<arg>${data['Informer']}</arg>
<status status="NOT RUN" start="2025-06-30T14:38:42.984474" elapsed="0.000075"/>
</kw>
<kw name="Informer over 18 years old From JSON" owner="Informer">
<arg>${data['Informer']}</arg>
<status status="NOT RUN" start="2025-06-30T14:38:42.985148" elapsed="0.000056"/>
</kw>
<kw name="Insert Family Memeber From JSON" owner="Family_Member">
<arg>${data['FamilyMember']}</arg>
<status status="NOT RUN" start="2025-06-30T14:38:42.985617" elapsed="0.000041"/>
</kw>
<kw name="Info About Informer From JSON" owner="Info_About_Informer">
<arg>${data['AboutPeopleProblem']}</arg>
<status status="NOT RUN" start="2025-06-30T14:38:42.985929" elapsed="0.000041"/>
</kw>
<kw name="Set Variable" owner="BuiltIn">
<var>${type_service}</var>
<arg>${data['TypeService']}</arg>
<doc>Returns the given values which can then be assigned to a variables.</doc>
<status status="NOT RUN" start="2025-06-30T14:38:42.986322" elapsed="0.000034"/>
</kw>
<kw name="Select Random Multiple Checkboxes By Name FORM FIVE With Json" owner="Checkbox_Form_Five">
<arg>${type_service}</arg>
<arg>modal_section5_</arg>
<status status="NOT RUN" start="2025-06-30T14:38:42.986858" elapsed="0.000049"/>
</kw>
<kw name="Set Variable" owner="BuiltIn">
<var>${status_problem}</var>
<arg>${data['StatusProblem']}</arg>
<doc>Returns the given values which can then be assigned to a variables.</doc>
<status status="NOT RUN" start="2025-06-30T14:38:42.987312" elapsed="0.000046"/>
</kw>
<kw name="Select Random Multiple Checkboxes By Name FORM SIX With Json" owner="Checkbox_Form_Six">
<arg>${status_problem}</arg>
<arg>modal_section6_</arg>
<status status="NOT RUN" start="2025-06-30T14:38:42.987837" elapsed="0.000060"/>
</kw>
<kw name="Set Variable" owner="BuiltIn">
<var>${helping_type}</var>
<arg>${data['HelpingType']}</arg>
<doc>Returns the given values which can then be assigned to a variables.</doc>
<status status="NOT RUN" start="2025-06-30T14:38:42.988402" elapsed="0.000051"/>
</kw>
<kw name="Select Random Multiple Checkboxes By Name FORM SEVEN With Json" owner="Checkbox_Form_Seven">
<arg>${helping_type}</arg>
<arg>modal_section7_</arg>
<status status="NOT RUN" start="2025-06-30T14:38:42.989088" elapsed="0.000062"/>
</kw>
<kw name="Set Variable" owner="BuiltIn">
<var>${benefit}</var>
<arg>${data['Benefit']}</arg>
<doc>Returns the given values which can then be assigned to a variables.</doc>
<status status="NOT RUN" start="2025-06-30T14:38:42.989480" elapsed="0.000073"/>
</kw>
<kw name="Select Random Multiple Checkboxes By Name FORM EIGHT With Json" owner="Checkbox_Form_Eight">
<arg>${benefit}</arg>
<arg>modal_section8_</arg>
<status status="NOT RUN" start="2025-06-30T14:38:42.990335" elapsed="0.000080"/>
</kw>
<kw name="Set Variable" owner="BuiltIn">
<var>${visit}</var>
<arg>${data['VisitHome']}</arg>
<doc>Returns the given values which can then be assigned to a variables.</doc>
<status status="NOT RUN" start="2025-06-30T14:38:42.991001" elapsed="0.000079"/>
</kw>
<kw name="Execute Javascript" owner="SeleniumLibrary">
<arg>document.querySelector('#s_housingconditions').value = '${visit['s_housingconditions']}'</arg>
<arg>ARGUMENTS</arg>
<arg>1</arg>
<doc>Executes the given JavaScript code with possible arguments.</doc>
<status status="NOT RUN" start="2025-06-30T14:38:42.991866" elapsed="0.000121"/>
</kw>
<kw name="Execute Javascript" owner="SeleniumLibrary">
<arg>document.querySelector('#s_problem').value</arg>
<arg>= '${visit['s_problem']}'</arg>
<arg>ARGUMENTS</arg>
<arg>1</arg>
<doc>Executes the given JavaScript code with possible arguments.</doc>
<status status="NOT RUN" start="2025-06-30T14:38:42.992498" elapsed="0.000062"/>
</kw>
<kw name="Execute Javascript" owner="SeleniumLibrary">
<arg>document.querySelector('#s_comment').value</arg>
<arg>= '${visit['s_comment']}'</arg>
<arg>ARGUMENTS</arg>
<arg>1</arg>
<doc>Executes the given JavaScript code with possible arguments.</doc>
<status status="NOT RUN" start="2025-06-30T14:38:42.993413" elapsed="0.000106"/>
</kw>
<kw name="Select From List By Value" owner="SeleniumLibrary">
<arg>xpath=//select[@id='order_name']</arg>
<arg>${visit['order_name']}</arg>
<doc>Selects options from selection list ``locator`` by ``values``.</doc>
<status status="NOT RUN" start="2025-06-30T14:38:42.994010" elapsed="0.000065"/>
</kw>
<kw name="Input Text" owner="SeleniumLibrary">
<arg>xpath=//input[@id='money_help']</arg>
<arg>${visit['money_help']}</arg>
<doc>Types the given ``text`` into the text field identified by ``locator``.</doc>
<status status="NOT RUN" start="2025-06-30T14:38:42.994453" elapsed="0.000037"/>
</kw>
<kw name="Select From List By Value" owner="SeleniumLibrary">
<arg>xpath=//select[@id='transfer_money_type']</arg>
<arg>${visit['transfer_money_type']}</arg>
<doc>Selects options from selection list ``locator`` by ``values``.</doc>
<status status="NOT RUN" start="2025-06-30T14:38:42.994784" elapsed="0.000044"/>
</kw>
<kw name="Select From List By Value" owner="SeleniumLibrary">
<arg>xpath=//select[@id='bank_name']</arg>
<arg>${visit['bank_name']}</arg>
<doc>Selects options from selection list ``locator`` by ``values``.</doc>
<status status="NOT RUN" start="2025-06-30T14:38:42.995185" elapsed="0.000057"/>
</kw>
<kw name="Execute Javascript" owner="SeleniumLibrary">
<arg>document.querySelector('#bank_branch').value</arg>
<arg>= '${visit['bank_branch']}'</arg>
<arg>ARGUMENTS</arg>
<arg>1</arg>
<doc>Executes the given JavaScript code with possible arguments.</doc>
<status status="NOT RUN" start="2025-06-30T14:38:42.996078" elapsed="0.000088"/>
</kw>
<kw name="Execute Javascript" owner="SeleniumLibrary">
<arg>document.querySelector('#account_number').value</arg>
<arg>= '${visit['account_number']}'</arg>
<arg>ARGUMENTS</arg>
<arg>1</arg>
<doc>Executes the given JavaScript code with possible arguments.</doc>
<status status="NOT RUN" start="2025-06-30T14:38:42.996599" elapsed="0.000038"/>
</kw>
<kw name="Execute Javascript" owner="SeleniumLibrary">
<arg>document.querySelector('#account_name').value</arg>
<arg>= '${visit['account_name']}'</arg>
<arg>ARGUMENTS</arg>
<arg>1</arg>
<doc>Executes the given JavaScript code with possible arguments.</doc>
<status status="NOT RUN" start="2025-06-30T14:38:42.996911" elapsed="0.000037"/>
</kw>
<kw name="Select From List By Value" owner="SeleniumLibrary">
<arg>xpath=//select[@name='account_type']</arg>
<arg>${visit['account_type']}</arg>
<doc>Selects options from selection list ``locator`` by ``values``.</doc>
<status status="NOT RUN" start="2025-06-30T14:38:42.997233" elapsed="0.000035"/>
</kw>
<kw name="Insert All Picture Inspect" owner="Home_inspect">
<status status="NOT RUN" start="2025-06-30T14:38:42.997785" elapsed="0.000065"/>
</kw>
<status status="FAIL" start="2025-06-30T14:38:42.977343" elapsed="0.020858">FileNotFoundError: [Errno 2] No such file or directory: 'C:\\robotframework\\robot_vsmart\\import_doc_case\\json\\username_json.json'</status>
</test>
<status status="FAIL" start="2025-06-30T14:38:38.511465" elapsed="4.488106"/>
</suite>
<suite id="s1-s2-s1-s2" name="Main2" source="C:\robotframework\robot_vsmart\import_doc_case\main2.robot">
<test id="s1-s2-s1-s2-t1" name="JQuery Datepicker Date In Past" line="7">
<kw name="Load JQuery Theme Page">
<kw name="Open Browser" owner="SeleniumLibrary">
<msg time="2025-06-30T14:38:43.009827" level="INFO">Opening browser 'Chrome' to base url 'https://jqueryui.com/themeroller/'.</msg>
<arg>https://jqueryui.com/themeroller/</arg>
<arg>Chrome</arg>
<doc>Opens a new browser instance to the optional ``url``.</doc>
<status status="PASS" start="2025-06-30T14:38:43.009661" elapsed="4.260389"/>
</kw>
<kw name="Scroll Element Into View" owner="SeleniumLibrary">
<arg>id:datepicker</arg>
<doc>Scrolls the element identified by ``locator`` into view.</doc>
<status status="PASS" start="2025-06-30T14:38:47.270446" elapsed="0.297980"/>
</kw>
<kw name="Scroll Element Into View" owner="SeleniumLibrary">
<arg>id:progressbar</arg>
<doc>Scrolls the element identified by ``locator`` into view.</doc>
<status status="PASS" start="2025-06-30T14:38:47.568681" elapsed="0.281441"/>
</kw>
<status status="PASS" start="2025-06-30T14:38:43.009304" elapsed="4.840990"/>
</kw>
<kw name="Select Date From DatePicker">
<kw name="Evaluate" owner="BuiltIn">
<msg time="2025-06-30T14:38:47.851525" level="INFO">${NewYear} = 2020</msg>
<msg time="2025-06-30T14:38:47.851586" level="INFO">${NewMonth} = 01</msg>
<msg time="2025-06-30T14:38:47.851634" level="INFO">${NewDay} = 01</msg>
<var>${NewYear}</var>
<var>${NewMonth}</var>
<var>${NewDay}</var>
<arg>"${NewDate}".split("-")</arg>
<doc>Evaluates the given expression in Python and returns the result.</doc>
<status status="PASS" start="2025-06-30T14:38:47.851177" elapsed="0.000485"/>
</kw>
<kw name="Convert To Integer" owner="BuiltIn">
<msg time="2025-06-30T14:38:47.852026" level="INFO">${NewMonth} = 1</msg>
<var>${NewMonth}</var>
<arg>${NewMonth}</arg>
<doc>Converts the given item to an integer number.</doc>
<status status="PASS" start="2025-06-30T14:38:47.851813" elapsed="0.000242"/>
</kw>
<kw name="Convert To Integer" owner="BuiltIn">
<msg time="2025-06-30T14:38:47.852367" level="INFO">${NewDay} = 1</msg>
<var>${NewDay}</var>
<arg>${NewDay}</arg>
<doc>Converts the given item to an integer number.</doc>
<status status="PASS" start="2025-06-30T14:38:47.852168" elapsed="0.000230"/>
</kw>
<kw name="Wait Until Keyword Succeeds" owner="BuiltIn">
<kw name="Move DatePicker To Year">
<kw name="DatePicker Current Year">
<kw name="Get Text" owner="SeleniumLibrary">
<msg time="2025-06-30T14:38:47.884619" level="INFO">${DPYear} = 2025</msg>
<var>${DPYear}</var>
<arg>//div[@id="datepicker"]//span[@class="ui-datepicker-year"]</arg>
<doc>Returns the text value of the element identified by ``locator``.</doc>
<status status="PASS" start="2025-06-30T14:38:47.853336" elapsed="0.031349"/>
</kw>
<return>
<value>${DPYear}</value>
<status status="PASS" start="2025-06-30T14:38:47.884819" elapsed="0.000125"/>
</return>
<msg time="2025-06-30T14:38:47.885164" level="INFO">${CurrYear} = 2025</msg>
<var>${CurrYear}</var>
<status status="PASS" start="2025-06-30T14:38:47.853121" elapsed="0.032079"/>
</kw>
<kw name="Run Keyword If" owner="BuiltIn">
<arg>${NewYear}&gt;${CurrYear}</arg>
<arg>DatePicker Click Next Month</arg>
<doc>Runs the given keyword with the given arguments, if ``condition`` is true.</doc>
<status status="PASS" start="2025-06-30T14:38:47.885383" elapsed="0.000293"/>
</kw>
<kw name="Run Keyword If" owner="BuiltIn">
<kw name="DatePicker Click Prev Month">
<kw name="Click Link" owner="SeleniumLibrary">
<msg time="2025-06-30T14:38:47.886532" level="INFO">Clicking link '//div[@id="datepicker"]//a[@title="Prev"]'.</msg>
<arg>//div[@id="datepicker"]//a[@title="Prev"]</arg>
<doc>Clicks a link identified by ``locator``.</doc>
<status status="PASS" start="2025-06-30T14:38:47.886315" elapsed="0.066815"/>
</kw>
<status status="PASS" start="2025-06-30T14:38:47.886118" elapsed="0.067145"/>
</kw>
<arg>${NewYear}&lt;${CurrYear}</arg>
<arg>DatePicker Click Prev Month</arg>
<doc>Runs the given keyword with the given arguments, if ``condition`` is true.</doc>
<status status="PASS" start="2025-06-30T14:38:47.885832" elapsed="0.067482"/>
</kw>
<kw name="DatePicker Current Year">
<kw name="Get Text" owner="SeleniumLibrary">
<msg time="2025-06-30T14:38:47.981476" level="INFO">${DPYear} = 2025</msg>
<var>${DPYear}</var>
<arg>//div[@id="datepicker"]//span[@class="ui-datepicker-year"]</arg>
<doc>Returns the text value of the element identified by ``locator``.</doc>
<status status="PASS" start="2025-06-30T14:38:47.953731" elapsed="0.027813"/>
</kw>
<return>
<value>${DPYear}</value>
<status status="PASS" start="2025-06-30T14:38:47.981676" elapsed="0.000085"/>
</return>
<msg time="2025-06-30T14:38:47.981961" level="INFO">${CurrYear} = 2025</msg>
<var>${CurrYear}</var>
<status status="PASS" start="2025-06-30T14:38:47.953493" elapsed="0.028496"/>
</kw>
<kw name="Should Be Equal As Numbers" owner="BuiltIn">
<msg time="2025-06-30T14:38:47.982377" level="FAIL">2025.0 != 2020.0</msg>
<arg>${CurrYear}</arg>
<arg>${NewYear}</arg>
<doc>Fails if objects are unequal after converting them to real numbers.</doc>
<status status="FAIL" start="2025-06-30T14:38:47.982117" elapsed="0.000340">2025.0 != 2020.0</status>
</kw>
<arg>${NewYear}</arg>
<status status="FAIL" start="2025-06-30T14:38:47.852837" elapsed="0.129760">2025.0 != 2020.0</status>
</kw>
<kw name="Move DatePicker To Year">
<kw name="DatePicker Current Year">
<kw name="Get Text" owner="SeleniumLibrary">
<msg time="2025-06-30T14:38:48.102669" level="INFO">${DPYear} = 2025</msg>
<var>${DPYear}</var>
<arg>//div[@id="datepicker"]//span[@class="ui-datepicker-year"]</arg>
<doc>Returns the text value of the element identified by ``locator``.</doc>
<status status="PASS" start="2025-06-30T14:38:48.083761" elapsed="0.018967"/>
</kw>
<return>
<value>${DPYear}</value>
<status status="PASS" start="2025-06-30T14:38:48.102924" elapsed="0.000072"/>
</return>
<msg time="2025-06-30T14:38:48.103163" level="INFO">${CurrYear} = 2025</msg>
<var>${CurrYear}</var>
<status status="PASS" start="2025-06-30T14:38:48.083553" elapsed="0.019640"/>
</kw>
<kw name="Run Keyword If" owner="BuiltIn">
<arg>${NewYear}&gt;${CurrYear}</arg>
<arg>DatePicker Click Next Month</arg>
<doc>Runs the given keyword with the given arguments, if ``condition`` is true.</doc>
<status status="PASS" start="2025-06-30T14:38:48.103377" elapsed="0.000271"/>
</kw>
<kw name="Run Keyword If" owner="BuiltIn">
<kw name="DatePicker Click Prev Month">
<kw name="Click Link" owner="SeleniumLibrary">
<msg time="2025-06-30T14:38:48.105141" level="INFO">Clicking link '//div[@id="datepicker"]//a[@title="Prev"]'.</msg>
<arg>//div[@id="datepicker"]//a[@title="Prev"]</arg>
<doc>Clicks a link identified by ``locator``.</doc>
<status status="PASS" start="2025-06-30T14:38:48.104298" elapsed="0.052254"/>
</kw>
<status status="PASS" start="2025-06-30T14:38:48.104054" elapsed="0.052666"/>
</kw>
<arg>${NewYear}&lt;${CurrYear}</arg>
<arg>DatePicker Click Prev Month</arg>
<doc>Runs the given keyword with the given arguments, if ``condition`` is true.</doc>
<status status="PASS" start="2025-06-30T14:38:48.103787" elapsed="0.053009"/>
</kw>
<kw name="DatePicker Current Year">
<kw name="Get Text" owner="SeleniumLibrary">
<msg time="2025-06-30T14:38:48.170018" level="INFO">${DPYear} = 2025</msg>
<var>${DPYear}</var>
<arg>//div[@id="datepicker"]//span[@class="ui-datepicker-year"]</arg>
<doc>Returns the text value of the element identified by ``locator``.</doc>
<status status="PASS" start="2025-06-30T14:38:48.157375" elapsed="0.012713"/>
</kw>
<return>
<value>${DPYear}</value>
<status status="PASS" start="2025-06-30T14:38:48.170217" elapsed="0.000077"/>
</return>
<msg time="2025-06-30T14:38:48.170497" level="INFO">${CurrYear} = 2025</msg>
<var>${CurrYear}</var>
<status status="PASS" start="2025-06-30T14:38:48.157041" elapsed="0.013493"/>
</kw>
<kw name="Should Be Equal As Numbers" owner="BuiltIn">
<msg time="2025-06-30T14:38:48.171026" level="FAIL">2025.0 != 2020.0</msg>
<arg>${CurrYear}</arg>
<arg>${NewYear}</arg>
<doc>Fails if objects are unequal after converting them to real numbers.</doc>
<status status="FAIL" start="2025-06-30T14:38:48.170704" elapsed="0.000418">2025.0 != 2020.0</status>
</kw>
<arg>${NewYear}</arg>
<status status="FAIL" start="2025-06-30T14:38:48.083113" elapsed="0.088163">2025.0 != 2020.0</status>
</kw>
<kw name="Move DatePicker To Year">
<kw name="DatePicker Current Year">
<kw name="Get Text" owner="SeleniumLibrary">
<msg time="2025-06-30T14:38:48.289051" level="INFO">${DPYear} = 2025</msg>
<var>${DPYear}</var>
<arg>//div[@id="datepicker"]//span[@class="ui-datepicker-year"]</arg>
<doc>Returns the text value of the element identified by ``locator``.</doc>
<status status="PASS" start="2025-06-30T14:38:48.272761" elapsed="0.016343"/>
</kw>
<return>
<value>${DPYear}</value>
<status status="PASS" start="2025-06-30T14:38:48.289204" elapsed="0.000062"/>
</return>
<msg time="2025-06-30T14:38:48.289394" level="INFO">${CurrYear} = 2025</msg>
<var>${CurrYear}</var>
<status status="PASS" start="2025-06-30T14:38:48.272548" elapsed="0.016867"/>
</kw>
<kw name="Run Keyword If" owner="BuiltIn">
<arg>${NewYear}&gt;${CurrYear}</arg>
<arg>DatePicker Click Next Month</arg>
<doc>Runs the given keyword with the given arguments, if ``condition`` is true.</doc>
<status status="PASS" start="2025-06-30T14:38:48.289578" elapsed="0.000267"/>
</kw>
<kw name="Run Keyword If" owner="BuiltIn">
<kw name="DatePicker Click Prev Month">
<kw name="Click Link" owner="SeleniumLibrary">
<msg time="2025-06-30T14:38:48.290750" level="INFO">Clicking link '//div[@id="datepicker"]//a[@title="Prev"]'.</msg>
<arg>//div[@id="datepicker"]//a[@title="Prev"]</arg>
<doc>Clicks a link identified by ``locator``.</doc>
<status status="PASS" start="2025-06-30T14:38:48.290543" elapsed="0.049333"/>
</kw>
<status status="PASS" start="2025-06-30T14:38:48.290310" elapsed="0.049723"/>
</kw>
<arg>${NewYear}&lt;${CurrYear}</arg>
<arg>DatePicker Click Prev Month</arg>
<doc>Runs the given keyword with the given arguments, if ``condition`` is true.</doc>
<status status="PASS" start="2025-06-30T14:38:48.290012" elapsed="0.050086"/>
</kw>
<kw name="DatePicker Current Year">
<kw name="Get Text" owner="SeleniumLibrary">
<msg time="2025-06-30T14:38:48.353771" level="INFO">${DPYear} = 2025</msg>
<var>${DPYear}</var>
<arg>//div[@id="datepicker"]//span[@class="ui-datepicker-year"]</arg>
<doc>Returns the text value of the element identified by ``locator``.</doc>
<status status="PASS" start="2025-06-30T14:38:48.340599" elapsed="0.013237"/>
</kw>
<return>
<value>${DPYear}</value>
<status status="PASS" start="2025-06-30T14:38:48.353955" elapsed="0.000069"/>
</return>
<msg time="2025-06-30T14:38:48.354170" level="INFO">${CurrYear} = 2025</msg>
<var>${CurrYear}</var>
<status status="PASS" start="2025-06-30T14:38:48.340315" elapsed="0.013891"/>
</kw>
<kw name="Should Be Equal As Numbers" owner="BuiltIn">
<msg time="2025-06-30T14:38:48.354685" level="FAIL">2025.0 != 2020.0</msg>
<arg>${CurrYear}</arg>
<arg>${NewYear}</arg>
<doc>Fails if objects are unequal after converting them to real numbers.</doc>
<status status="FAIL" start="2025-06-30T14:38:48.354369" elapsed="0.000398">2025.0 != 2020.0</status>
</kw>
<arg>${NewYear}</arg>
<status status="FAIL" start="2025-06-30T14:38:48.272128" elapsed="0.082778">2025.0 != 2020.0</status>
</kw>
<kw name="Move DatePicker To Year">
<kw name="DatePicker Current Year">
<kw name="Get Text" owner="SeleniumLibrary">
<msg time="2025-06-30T14:38:48.471914" level="INFO">${DPYear} = 2025</msg>
<var>${DPYear}</var>
<arg>//div[@id="datepicker"]//span[@class="ui-datepicker-year"]</arg>
<doc>Returns the text value of the element identified by ``locator``.</doc>
<status status="PASS" start="2025-06-30T14:38:48.456413" elapsed="0.015545"/>
</kw>
<return>
<value>${DPYear}</value>
<status status="PASS" start="2025-06-30T14:38:48.472054" elapsed="0.000050"/>
</return>
<msg time="2025-06-30T14:38:48.472222" level="INFO">${CurrYear} = 2025</msg>
<var>${CurrYear}</var>
<status status="PASS" start="2025-06-30T14:38:48.456186" elapsed="0.016057"/>
</kw>
<kw name="Run Keyword If" owner="BuiltIn">
<arg>${NewYear}&gt;${CurrYear}</arg>
<arg>DatePicker Click Next Month</arg>
<doc>Runs the given keyword with the given arguments, if ``condition`` is true.</doc>
<status status="PASS" start="2025-06-30T14:38:48.472382" elapsed="0.000259"/>
</kw>
<kw name="Run Keyword If" owner="BuiltIn">
<kw name="DatePicker Click Prev Month">
<kw name="Click Link" owner="SeleniumLibrary">
<msg time="2025-06-30T14:38:48.473603" level="INFO">Clicking link '//div[@id="datepicker"]//a[@title="Prev"]'.</msg>
<arg>//div[@id="datepicker"]//a[@title="Prev"]</arg>
<doc>Clicks a link identified by ``locator``.</doc>
<status status="PASS" start="2025-06-30T14:38:48.473398" elapsed="0.055887"/>
</kw>
<status status="PASS" start="2025-06-30T14:38:48.473141" elapsed="0.056313"/>
</kw>
<arg>${NewYear}&lt;${CurrYear}</arg>
<arg>DatePicker Click Prev Month</arg>
<doc>Runs the given keyword with the given arguments, if ``condition`` is true.</doc>
<status status="PASS" start="2025-06-30T14:38:48.472820" elapsed="0.056704"/>
</kw>
<kw name="DatePicker Current Year">
<kw name="Get Text" owner="SeleniumLibrary">
<msg time="2025-06-30T14:38:48.550217" level="INFO">${DPYear} = 2025</msg>
<var>${DPYear}</var>
<arg>//div[@id="datepicker"]//span[@class="ui-datepicker-year"]</arg>
<doc>Returns the text value of the element identified by ``locator``.</doc>
<status status="PASS" start="2025-06-30T14:38:48.530229" elapsed="0.020043"/>
</kw>
<return>
<value>${DPYear}</value>
<status status="PASS" start="2025-06-30T14:38:48.550371" elapsed="0.000067"/>
</return>
<msg time="2025-06-30T14:38:48.550569" level="INFO">${CurrYear} = 2025</msg>
<var>${CurrYear}</var>
<status status="PASS" start="2025-06-30T14:38:48.529770" elapsed="0.020821"/>
</kw>
<kw name="Should Be Equal As Numbers" owner="BuiltIn">
<msg time="2025-06-30T14:38:48.551162" level="FAIL">2025.0 != 2020.0</msg>
<arg>${CurrYear}</arg>
<arg>${NewYear}</arg>
<doc>Fails if objects are unequal after converting them to real numbers.</doc>
<status status="FAIL" start="2025-06-30T14:38:48.550817" elapsed="0.000436">2025.0 != 2020.0</status>
</kw>
<arg>${NewYear}</arg>
<status status="FAIL" start="2025-06-30T14:38:48.455643" elapsed="0.095760">2025.0 != 2020.0</status>
</kw>
<kw name="Move DatePicker To Year">
<kw name="DatePicker Current Year">
<kw name="Get Text" owner="SeleniumLibrary">
<msg time="2025-06-30T14:38:48.666511" level="INFO">${DPYear} = 2025</msg>
<var>${DPYear}</var>
<arg>//div[@id="datepicker"]//span[@class="ui-datepicker-year"]</arg>
<doc>Returns the text value of the element identified by ``locator``.</doc>
<status status="PASS" start="2025-06-30T14:38:48.652760" elapsed="0.013793"/>
</kw>
<return>
<value>${DPYear}</value>
<status status="PASS" start="2025-06-30T14:38:48.666662" elapsed="0.000068"/>
</return>
<msg time="2025-06-30T14:38:48.666879" level="INFO">${CurrYear} = 2025</msg>
<var>${CurrYear}</var>
<status status="PASS" start="2025-06-30T14:38:48.652554" elapsed="0.014354"/>
</kw>
<kw name="Run Keyword If" owner="BuiltIn">
<arg>${NewYear}&gt;${CurrYear}</arg>
<arg>DatePicker Click Next Month</arg>
<doc>Runs the given keyword with the given arguments, if ``condition`` is true.</doc>
<status status="PASS" start="2025-06-30T14:38:48.667058" elapsed="0.000267"/>
</kw>
<kw name="Run Keyword If" owner="BuiltIn">
<kw name="DatePicker Click Prev Month">
<kw name="Click Link" owner="SeleniumLibrary">
<msg time="2025-06-30T14:38:48.668173" level="INFO">Clicking link '//div[@id="datepicker"]//a[@title="Prev"]'.</msg>
<arg>//div[@id="datepicker"]//a[@title="Prev"]</arg>
<doc>Clicks a link identified by ``locator``.</doc>
<status status="PASS" start="2025-06-30T14:38:48.668008" elapsed="0.044553"/>
</kw>
<status status="PASS" start="2025-06-30T14:38:48.667751" elapsed="0.044949"/>
</kw>
<arg>${NewYear}&lt;${CurrYear}</arg>
<arg>DatePicker Click Prev Month</arg>
<doc>Runs the given keyword with the given arguments, if ``condition`` is true.</doc>
<status status="PASS" start="2025-06-30T14:38:48.667481" elapsed="0.045268"/>
</kw>
<kw name="DatePicker Current Year">
<kw name="Get Text" owner="SeleniumLibrary">
<msg time="2025-06-30T14:38:48.724487" level="INFO">${DPYear} = 2025</msg>
<var>${DPYear}</var>
<arg>//div[@id="datepicker"]//span[@class="ui-datepicker-year"]</arg>
<doc>Returns the text value of the element identified by ``locator``.</doc>
<status status="PASS" start="2025-06-30T14:38:48.713137" elapsed="0.011416"/>
</kw>
<return>
<value>${DPYear}</value>
<status status="PASS" start="2025-06-30T14:38:48.724667" elapsed="0.000071"/>
</return>
<msg time="2025-06-30T14:38:48.724912" level="INFO">${CurrYear} = 2025</msg>
<var>${CurrYear}</var>
<status status="PASS" start="2025-06-30T14:38:48.712904" elapsed="0.012039"/>
</kw>
<kw name="Should Be Equal As Numbers" owner="BuiltIn">
<msg time="2025-06-30T14:38:48.725381" level="FAIL">2025.0 != 2020.0</msg>
<arg>${CurrYear}</arg>
<arg>${NewYear}</arg>
<doc>Fails if objects are unequal after converting them to real numbers.</doc>
<status status="FAIL" start="2025-06-30T14:38:48.725094" elapsed="0.000369">2025.0 != 2020.0</status>
</kw>
<arg>${NewYear}</arg>
<status status="FAIL" start="2025-06-30T14:38:48.652111" elapsed="0.073478">2025.0 != 2020.0</status>
</kw>
<kw name="Move DatePicker To Year">
<kw name="DatePicker Current Year">
<kw name="Get Text" owner="SeleniumLibrary">
<msg time="2025-06-30T14:38:48.840453" level="INFO">${DPYear} = 2025</msg>
<var>${DPYear}</var>
<arg>//div[@id="datepicker"]//span[@class="ui-datepicker-year"]</arg>
<doc>Returns the text value of the element identified by ``locator``.</doc>
<status status="PASS" start="2025-06-30T14:38:48.826372" elapsed="0.014145"/>
</kw>
<return>
<value>${DPYear}</value>
<status status="PASS" start="2025-06-30T14:38:48.840627" elapsed="0.000070"/>
</return>
<msg time="2025-06-30T14:38:48.840854" level="INFO">${CurrYear} = 2025</msg>
<var>${CurrYear}</var>
<status status="PASS" start="2025-06-30T14:38:48.826213" elapsed="0.014671"/>
</kw>
<kw name="Run Keyword If" owner="BuiltIn">
<arg>${NewYear}&gt;${CurrYear}</arg>
<arg>DatePicker Click Next Month</arg>
<doc>Runs the given keyword with the given arguments, if ``condition`` is true.</doc>
<status status="PASS" start="2025-06-30T14:38:48.841042" elapsed="0.000239"/>
</kw>
<kw name="Run Keyword If" owner="BuiltIn">
<kw name="DatePicker Click Prev Month">
<kw name="Click Link" owner="SeleniumLibrary">
<msg time="2025-06-30T14:38:48.842159" level="INFO">Clicking link '//div[@id="datepicker"]//a[@title="Prev"]'.</msg>
<arg>//div[@id="datepicker"]//a[@title="Prev"]</arg>
<doc>Clicks a link identified by ``locator``.</doc>
<status status="PASS" start="2025-06-30T14:38:48.841972" elapsed="0.049378"/>
</kw>
<status status="PASS" start="2025-06-30T14:38:48.841737" elapsed="0.049761"/>
</kw>
<arg>${NewYear}&lt;${CurrYear}</arg>
<arg>DatePicker Click Prev Month</arg>
<doc>Runs the given keyword with the given arguments, if ``condition`` is true.</doc>
<status status="PASS" start="2025-06-30T14:38:48.841441" elapsed="0.050115"/>
</kw>
<kw name="DatePicker Current Year">
<kw name="Get Text" owner="SeleniumLibrary">
<msg time="2025-06-30T14:38:48.906011" level="INFO">${DPYear} = 2024</msg>
<var>${DPYear}</var>
<arg>//div[@id="datepicker"]//span[@class="ui-datepicker-year"]</arg>
<doc>Returns the text value of the element identified by ``locator``.</doc>
<status status="PASS" start="2025-06-30T14:38:48.892092" elapsed="0.013963"/>
</kw>
<return>
<value>${DPYear}</value>
<status status="PASS" start="2025-06-30T14:38:48.906132" elapsed="0.000049"/>
</return>
<msg time="2025-06-30T14:38:48.906290" level="INFO">${CurrYear} = 2024</msg>
<var>${CurrYear}</var>
<status status="PASS" start="2025-06-30T14:38:48.891764" elapsed="0.014546"/>
</kw>
<kw name="Should Be Equal As Numbers" owner="BuiltIn">
<msg time="2025-06-30T14:38:48.906619" level="FAIL">2024.0 != 2020.0</msg>
<arg>${CurrYear}</arg>
<arg>${NewYear}</arg>
<doc>Fails if objects are unequal after converting them to real numbers.</doc>
<status status="FAIL" start="2025-06-30T14:38:48.906420" elapsed="0.000266">2024.0 != 2020.0</status>
</kw>
<arg>${NewYear}</arg>
<status status="FAIL" start="2025-06-30T14:38:48.825914" elapsed="0.080861">2024.0 != 2020.0</status>
</kw>
<kw name="Move DatePicker To Year">
<kw name="DatePicker Current Year">
<kw name="Get Text" owner="SeleniumLibrary">
<msg time="2025-06-30T14:38:49.024597" level="INFO">${DPYear} = 2024</msg>
<var>${DPYear}</var>
<arg>//div[@id="datepicker"]//span[@class="ui-datepicker-year"]</arg>
<doc>Returns the text value of the element identified by ``locator``.</doc>
<status status="PASS" start="2025-06-30T14:38:49.008107" elapsed="0.016552"/>
</kw>
<return>
<value>${DPYear}</value>
<status status="PASS" start="2025-06-30T14:38:49.024774" elapsed="0.000076"/>
</return>
<msg time="2025-06-30T14:38:49.025011" level="INFO">${CurrYear} = 2024</msg>
<var>${CurrYear}</var>
<status status="PASS" start="2025-06-30T14:38:49.007732" elapsed="0.017303"/>
</kw>
<kw name="Run Keyword If" owner="BuiltIn">
<arg>${NewYear}&gt;${CurrYear}</arg>
<arg>DatePicker Click Next Month</arg>
<doc>Runs the given keyword with the given arguments, if ``condition`` is true.</doc>
<status status="PASS" start="2025-06-30T14:38:49.025177" elapsed="0.000181"/>
</kw>
<kw name="Run Keyword If" owner="BuiltIn">
<kw name="DatePicker Click Prev Month">
<kw name="Click Link" owner="SeleniumLibrary">
<msg time="2025-06-30T14:38:49.026322" level="INFO">Clicking link '//div[@id="datepicker"]//a[@title="Prev"]'.</msg>
<arg>//div[@id="datepicker"]//a[@title="Prev"]</arg>
<doc>Clicks a link identified by ``locator``.</doc>
<status status="PASS" start="2025-06-30T14:38:49.026107" elapsed="0.059791"/>
</kw>
<status status="PASS" start="2025-06-30T14:38:49.025803" elapsed="0.060277"/>
</kw>
<arg>${NewYear}&lt;${CurrYear}</arg>
<arg>DatePicker Click Prev Month</arg>
<doc>Runs the given keyword with the given arguments, if ``condition`` is true.</doc>
<status status="PASS" start="2025-06-30T14:38:49.025491" elapsed="0.060786"/>
</kw>
<kw name="DatePicker Current Year">
<kw name="Get Text" owner="SeleniumLibrary">
<msg time="2025-06-30T14:38:49.105135" level="INFO">${DPYear} = 2024</msg>
<var>${DPYear}</var>
<arg>//div[@id="datepicker"]//span[@class="ui-datepicker-year"]</arg>
<doc>Returns the text value of the element identified by ``locator``.</doc>
<status status="PASS" start="2025-06-30T14:38:49.086924" elapsed="0.018280"/>
</kw>
<return>
<value>${DPYear}</value>
<status status="PASS" start="2025-06-30T14:38:49.105336" elapsed="0.000079"/>
</return>
<msg time="2025-06-30T14:38:49.105547" level="INFO">${CurrYear} = 2024</msg>
<var>${CurrYear}</var>
<status status="PASS" start="2025-06-30T14:38:49.086545" elapsed="0.019024"/>
</kw>
<kw name="Should Be Equal As Numbers" owner="BuiltIn">
<msg time="2025-06-30T14:38:49.106036" level="FAIL">2024.0 != 2020.0</msg>
<arg>${CurrYear}</arg>
<arg>${NewYear}</arg>
<doc>Fails if objects are unequal after converting them to real numbers.</doc>
<status status="FAIL" start="2025-06-30T14:38:49.105719" elapsed="0.000412">2024.0 != 2020.0</status>
</kw>
<arg>${NewYear}</arg>
<status status="FAIL" start="2025-06-30T14:38:49.007439" elapsed="0.098837">2024.0 != 2020.0</status>
</kw>
<kw name="Move DatePicker To Year">
<kw name="DatePicker Current Year">
<kw name="Get Text" owner="SeleniumLibrary">
<msg time="2025-06-30T14:38:49.219563" level="INFO">${DPYear} = 2024</msg>
<var>${DPYear}</var>
<arg>//div[@id="datepicker"]//span[@class="ui-datepicker-year"]</arg>
<doc>Returns the text value of the element identified by ``locator``.</doc>
<status status="PASS" start="2025-06-30T14:38:49.207538" elapsed="0.012087"/>
</kw>
<return>
<value>${DPYear}</value>
<status status="PASS" start="2025-06-30T14:38:49.219738" elapsed="0.000067"/>
</return>
<msg time="2025-06-30T14:38:49.219962" level="INFO">${CurrYear} = 2024</msg>
<var>${CurrYear}</var>
<status status="PASS" start="2025-06-30T14:38:49.207311" elapsed="0.012681"/>
</kw>
<kw name="Run Keyword If" owner="BuiltIn">
<arg>${NewYear}&gt;${CurrYear}</arg>
<arg>DatePicker Click Next Month</arg>
<doc>Runs the given keyword with the given arguments, if ``condition`` is true.</doc>
<status status="PASS" start="2025-06-30T14:38:49.220152" elapsed="0.000235"/>
</kw>
<kw name="Run Keyword If" owner="BuiltIn">
<kw name="DatePicker Click Prev Month">
<kw name="Click Link" owner="SeleniumLibrary">
<msg time="2025-06-30T14:38:49.221220" level="INFO">Clicking link '//div[@id="datepicker"]//a[@title="Prev"]'.</msg>
<arg>//div[@id="datepicker"]//a[@title="Prev"]</arg>
<doc>Clicks a link identified by ``locator``.</doc>
<status status="PASS" start="2025-06-30T14:38:49.221010" elapsed="0.054087"/>
</kw>
<status status="PASS" start="2025-06-30T14:38:49.220773" elapsed="0.054506"/>
</kw>
<arg>${NewYear}&lt;${CurrYear}</arg>
<arg>DatePicker Click Prev Month</arg>
<doc>Runs the given keyword with the given arguments, if ``condition`` is true.</doc>
<status status="PASS" start="2025-06-30T14:38:49.220511" elapsed="0.054840"/>
</kw>
<kw name="DatePicker Current Year">
<kw name="Get Text" owner="SeleniumLibrary">
<msg time="2025-06-30T14:38:49.290276" level="INFO">${DPYear} = 2024</msg>
<var>${DPYear}</var>
<arg>//div[@id="datepicker"]//span[@class="ui-datepicker-year"]</arg>
<doc>Returns the text value of the element identified by ``locator``.</doc>
<status status="PASS" start="2025-06-30T14:38:49.275930" elapsed="0.014417"/>
</kw>
<return>
<value>${DPYear}</value>
<status status="PASS" start="2025-06-30T14:38:49.290471" elapsed="0.000085"/>
</return>
<msg time="2025-06-30T14:38:49.290758" level="INFO">${CurrYear} = 2024</msg>
<var>${CurrYear}</var>
<status status="PASS" start="2025-06-30T14:38:49.275583" elapsed="0.015209"/>
</kw>
<kw name="Should Be Equal As Numbers" owner="BuiltIn">
<msg time="2025-06-30T14:38:49.291272" level="FAIL">2024.0 != 2020.0</msg>
<arg>${CurrYear}</arg>
<arg>${NewYear}</arg>
<doc>Fails if objects are unequal after converting them to real numbers.</doc>
<status status="FAIL" start="2025-06-30T14:38:49.290952" elapsed="0.000419">2024.0 != 2020.0</status>
</kw>
<arg>${NewYear}</arg>
<status status="FAIL" start="2025-06-30T14:38:49.206879" elapsed="0.084645">2024.0 != 2020.0</status>
</kw>
<kw name="Move DatePicker To Year">
<kw name="DatePicker Current Year">
<kw name="Get Text" owner="SeleniumLibrary">
<msg time="2025-06-30T14:38:49.407222" level="INFO">${DPYear} = 2024</msg>
<var>${DPYear}</var>
<arg>//div[@id="datepicker"]//span[@class="ui-datepicker-year"]</arg>
<doc>Returns the text value of the element identified by ``locator``.</doc>
<status status="PASS" start="2025-06-30T14:38:49.393097" elapsed="0.014170"/>
</kw>
<return>
<value>${DPYear}</value>
<status status="PASS" start="2025-06-30T14:38:49.407344" elapsed="0.000048"/>
</return>
<msg time="2025-06-30T14:38:49.407504" level="INFO">${CurrYear} = 2024</msg>
<var>${CurrYear}</var>
<status status="PASS" start="2025-06-30T14:38:49.392847" elapsed="0.014678"/>
</kw>
<kw name="Run Keyword If" owner="BuiltIn">
<arg>${NewYear}&gt;${CurrYear}</arg>
<arg>DatePicker Click Next Month</arg>
<doc>Runs the given keyword with the given arguments, if ``condition`` is true.</doc>
<status status="PASS" start="2025-06-30T14:38:49.407648" elapsed="0.000213"/>
</kw>
<kw name="Run Keyword If" owner="BuiltIn">
<kw name="DatePicker Click Prev Month">
<kw name="Click Link" owner="SeleniumLibrary">
<msg time="2025-06-30T14:38:49.408488" level="INFO">Clicking link '//div[@id="datepicker"]//a[@title="Prev"]'.</msg>
<arg>//div[@id="datepicker"]//a[@title="Prev"]</arg>
<doc>Clicks a link identified by ``locator``.</doc>
<status status="PASS" start="2025-06-30T14:38:49.408359" elapsed="0.051167"/>
</kw>
<status status="PASS" start="2025-06-30T14:38:49.408194" elapsed="0.051497"/>
</kw>
<arg>${NewYear}&lt;${CurrYear}</arg>
<arg>DatePicker Click Prev Month</arg>
<doc>Runs the given keyword with the given arguments, if ``condition`` is true.</doc>
<status status="PASS" start="2025-06-30T14:38:49.407988" elapsed="0.051778"/>
</kw>
<kw name="DatePicker Current Year">
<kw name="Get Text" owner="SeleniumLibrary">
<msg time="2025-06-30T14:38:49.472168" level="INFO">${DPYear} = 2024</msg>
<var>${DPYear}</var>
<arg>//div[@id="datepicker"]//span[@class="ui-datepicker-year"]</arg>
<doc>Returns the text value of the element identified by ``locator``.</doc>
<status status="PASS" start="2025-06-30T14:38:49.460334" elapsed="0.011900"/>
</kw>
<return>
<value>${DPYear}</value>
<status status="PASS" start="2025-06-30T14:38:49.472351" elapsed="0.000078"/>
</return>
<msg time="2025-06-30T14:38:49.472615" level="INFO">${CurrYear} = 2024</msg>
<var>${CurrYear}</var>
<status status="PASS" start="2025-06-30T14:38:49.459999" elapsed="0.012654"/>
</kw>
<kw name="Should Be Equal As Numbers" owner="BuiltIn">
<msg time="2025-06-30T14:38:49.473133" level="FAIL">2024.0 != 2020.0</msg>
<arg>${CurrYear}</arg>
<arg>${NewYear}</arg>
<doc>Fails if objects are unequal after converting them to real numbers.</doc>
<status status="FAIL" start="2025-06-30T14:38:49.472820" elapsed="0.000394">2024.0 != 2020.0</status>
</kw>
<arg>${NewYear}</arg>
<status status="FAIL" start="2025-06-30T14:38:49.392387" elapsed="0.080974">2024.0 != 2020.0</status>
</kw>
<kw name="Move DatePicker To Year">
<kw name="DatePicker Current Year">
<kw name="Get Text" owner="SeleniumLibrary">
<msg time="2025-06-30T14:38:49.587325" level="INFO">${DPYear} = 2024</msg>
<var>${DPYear}</var>
<arg>//div[@id="datepicker"]//span[@class="ui-datepicker-year"]</arg>
<doc>Returns the text value of the element identified by ``locator``.</doc>
<status status="PASS" start="2025-06-30T14:38:49.575038" elapsed="0.012345"/>
</kw>
<return>
<value>${DPYear}</value>
<status status="PASS" start="2025-06-30T14:38:49.587498" elapsed="0.000073"/>
</return>
<msg time="2025-06-30T14:38:49.587853" level="INFO">${CurrYear} = 2024</msg>
<var>${CurrYear}</var>
<status status="PASS" start="2025-06-30T14:38:49.574798" elapsed="0.013101"/>
</kw>
<kw name="Run Keyword If" owner="BuiltIn">
<arg>${NewYear}&gt;${CurrYear}</arg>
<arg>DatePicker Click Next Month</arg>
<doc>Runs the given keyword with the given arguments, if ``condition`` is true.</doc>
<status status="PASS" start="2025-06-30T14:38:49.588104" elapsed="0.000269"/>
</kw>
<kw name="Run Keyword If" owner="BuiltIn">
<kw name="DatePicker Click Prev Month">
<kw name="Click Link" owner="SeleniumLibrary">
<msg time="2025-06-30T14:38:49.589299" level="INFO">Clicking link '//div[@id="datepicker"]//a[@title="Prev"]'.</msg>
<arg>//div[@id="datepicker"]//a[@title="Prev"]</arg>
<doc>Clicks a link identified by ``locator``.</doc>
<status status="PASS" start="2025-06-30T14:38:49.589104" elapsed="0.047984"/>
</kw>
<status status="PASS" start="2025-06-30T14:38:49.588842" elapsed="0.048392"/>
</kw>
<arg>${NewYear}&lt;${CurrYear}</arg>
<arg>DatePicker Click Prev Month</arg>
<doc>Runs the given keyword with the given arguments, if ``condition`` is true.</doc>
<status status="PASS" start="2025-06-30T14:38:49.588536" elapsed="0.048760"/>
</kw>
<kw name="DatePicker Current Year">
<kw name="Get Text" owner="SeleniumLibrary">
<msg time="2025-06-30T14:38:49.650638" level="INFO">${DPYear} = 2024</msg>
<var>${DPYear}</var>
<arg>//div[@id="datepicker"]//span[@class="ui-datepicker-year"]</arg>
<doc>Returns the text value of the element identified by ``locator``.</doc>
<status status="PASS" start="2025-06-30T14:38:49.637789" elapsed="0.012899"/>
</kw>
<return>
<value>${DPYear}</value>
<status status="PASS" start="2025-06-30T14:38:49.650781" elapsed="0.000056"/>
</return>
<msg time="2025-06-30T14:38:49.650969" level="INFO">${CurrYear} = 2024</msg>
<var>${CurrYear}</var>
<status status="PASS" start="2025-06-30T14:38:49.637508" elapsed="0.013484"/>
</kw>
<kw name="Should Be Equal As Numbers" owner="BuiltIn">
<msg time="2025-06-30T14:38:49.651337" level="FAIL">2024.0 != 2020.0</msg>
<arg>${CurrYear}</arg>
<arg>${NewYear}</arg>
<doc>Fails if objects are unequal after converting them to real numbers.</doc>
<status status="FAIL" start="2025-06-30T14:38:49.651107" elapsed="0.000298">2024.0 != 2020.0</status>
</kw>
<arg>${NewYear}</arg>
<status status="FAIL" start="2025-06-30T14:38:49.574275" elapsed="0.077229">2024.0 != 2020.0</status>
</kw>
<kw name="Move DatePicker To Year">
<kw name="DatePicker Current Year">
<kw name="Get Text" owner="SeleniumLibrary">
<msg time="2025-06-30T14:38:49.768938" level="INFO">${DPYear} = 2024</msg>
<var>${DPYear}</var>
<arg>//div[@id="datepicker"]//span[@class="ui-datepicker-year"]</arg>
<doc>Returns the text value of the element identified by ``locator``.</doc>
<status status="PASS" start="2025-06-30T14:38:49.753284" elapsed="0.015699"/>
</kw>
<return>
<value>${DPYear}</value>
<status status="PASS" start="2025-06-30T14:38:49.769063" elapsed="0.000049"/>
</return>
<msg time="2025-06-30T14:38:49.769225" level="INFO">${CurrYear} = 2024</msg>
<var>${CurrYear}</var>
<status status="PASS" start="2025-06-30T14:38:49.753003" elapsed="0.016242"/>
</kw>
<kw name="Run Keyword If" owner="BuiltIn">
<arg>${NewYear}&gt;${CurrYear}</arg>
<arg>DatePicker Click Next Month</arg>
<doc>Runs the given keyword with the given arguments, if ``condition`` is true.</doc>
<status status="PASS" start="2025-06-30T14:38:49.769368" elapsed="0.000203"/>
</kw>
<kw name="Run Keyword If" owner="BuiltIn">
<kw name="DatePicker Click Prev Month">
<kw name="Click Link" owner="SeleniumLibrary">
<msg time="2025-06-30T14:38:49.770194" level="INFO">Clicking link '//div[@id="datepicker"]//a[@title="Prev"]'.</msg>
<arg>//div[@id="datepicker"]//a[@title="Prev"]</arg>
<doc>Clicks a link identified by ``locator``.</doc>
<status status="PASS" start="2025-06-30T14:38:49.770068" elapsed="0.049648"/>
</kw>
<status status="PASS" start="2025-06-30T14:38:49.769906" elapsed="0.049978"/>
</kw>
<arg>${NewYear}&lt;${CurrYear}</arg>
<arg>DatePicker Click Prev Month</arg>
<doc>Runs the given keyword with the given arguments, if ``condition`` is true.</doc>
<status status="PASS" start="2025-06-30T14:38:49.769699" elapsed="0.050258"/>
</kw>
<kw name="DatePicker Current Year">
<kw name="Get Text" owner="SeleniumLibrary">
<msg time="2025-06-30T14:38:49.834841" level="INFO">${DPYear} = 2024</msg>
<var>${DPYear}</var>
<arg>//div[@id="datepicker"]//span[@class="ui-datepicker-year"]</arg>
<doc>Returns the text value of the element identified by ``locator``.</doc>
<status status="PASS" start="2025-06-30T14:38:49.820512" elapsed="0.014387"/>
</kw>
<return>
<value>${DPYear}</value>
<status status="PASS" start="2025-06-30T14:38:49.834998" elapsed="0.000073"/>
</return>
<msg time="2025-06-30T14:38:49.835265" level="INFO">${CurrYear} = 2024</msg>
<var>${CurrYear}</var>
<status status="PASS" start="2025-06-30T14:38:49.820189" elapsed="0.015113"/>
</kw>
<kw name="Should Be Equal As Numbers" owner="BuiltIn">
<msg time="2025-06-30T14:38:49.835761" level="FAIL">2024.0 != 2020.0</msg>
<arg>${CurrYear}</arg>
<arg>${NewYear}</arg>
<doc>Fails if objects are unequal after converting them to real numbers.</doc>
<status status="FAIL" start="2025-06-30T14:38:49.835481" elapsed="0.000359">2024.0 != 2020.0</status>
</kw>
<arg>${NewYear}</arg>
<status status="FAIL" start="2025-06-30T14:38:49.752418" elapsed="0.083544">2024.0 != 2020.0</status>
</kw>
<kw name="Move DatePicker To Year">
<kw name="DatePicker Current Year">
<kw name="Get Text" owner="SeleniumLibrary">
<msg time="2025-06-30T14:38:49.950363" level="INFO">${DPYear} = 2024</msg>
<var>${DPYear}</var>
<arg>//div[@id="datepicker"]//span[@class="ui-datepicker-year"]</arg>
<doc>Returns the text value of the element identified by ``locator``.</doc>
<status status="PASS" start="2025-06-30T14:38:49.937380" elapsed="0.013028"/>
</kw>
<return>
<value>${DPYear}</value>
<status status="PASS" start="2025-06-30T14:38:49.950487" elapsed="0.000057"/>
</return>
<msg time="2025-06-30T14:38:49.950702" level="INFO">${CurrYear} = 2024</msg>
<var>${CurrYear}</var>
<status status="PASS" start="2025-06-30T14:38:49.937087" elapsed="0.013651"/>
</kw>
<kw name="Run Keyword If" owner="BuiltIn">
<arg>${NewYear}&gt;${CurrYear}</arg>
<arg>DatePicker Click Next Month</arg>
<doc>Runs the given keyword with the given arguments, if ``condition`` is true.</doc>
<status status="PASS" start="2025-06-30T14:38:49.950930" elapsed="0.000276"/>
</kw>
<kw name="Run Keyword If" owner="BuiltIn">
<kw name="DatePicker Click Prev Month">
<kw name="Click Link" owner="SeleniumLibrary">
<msg time="2025-06-30T14:38:49.952190" level="INFO">Clicking link '//div[@id="datepicker"]//a[@title="Prev"]'.</msg>
<arg>//div[@id="datepicker"]//a[@title="Prev"]</arg>
<doc>Clicks a link identified by ``locator``.</doc>
<status status="PASS" start="2025-06-30T14:38:49.951986" elapsed="0.047573"/>
</kw>
<status status="PASS" start="2025-06-30T14:38:49.951715" elapsed="0.047966"/>
</kw>
<arg>${NewYear}&lt;${CurrYear}</arg>
<arg>DatePicker Click Prev Month</arg>
<doc>Runs the given keyword with the given arguments, if ``condition`` is true.</doc>
<status status="PASS" start="2025-06-30T14:38:49.951384" elapsed="0.048382"/>
</kw>
<kw name="DatePicker Current Year">
[...]
</kw>
<kw name="Should Be Equal As Numbers" owner="BuiltIn">
<msg time="2025-06-30T14:39:09.608272" level="FAIL">5.0 != 2.0</msg>
<arg>${CurrMonth}</arg>
<arg>${NewMonth}</arg>
<doc>Fails if objects are unequal after converting them to real numbers.</doc>
<status status="FAIL" start="2025-06-30T14:39:09.608091" elapsed="0.000254">5.0 != 2.0</status>
</kw>
<arg>${NewMonth}</arg>
<status status="FAIL" start="2025-06-30T14:39:09.531318" elapsed="0.077133">5.0 != 2.0</status>
</kw>
<kw name="Move DatePicker To Month">
<kw name="DatePicker Current Month">
<kw name="Create List" owner="BuiltIn">
<msg time="2025-06-30T14:39:09.709894" level="INFO">@{Months} = [ 0thMonth | January | February | March | April | May | June | July | August | September | October | November | December ]</msg>
<var>@{Months}</var>
<arg>0thMonth</arg>
<arg>January</arg>
<arg>February</arg>
<arg>March</arg>
<arg>April</arg>
<arg>May</arg>
<arg>June</arg>
<arg>July</arg>
<arg>August</arg>
<arg>September</arg>
<arg>October</arg>
<arg>November</arg>
<arg>December</arg>
<doc>Returns a list containing given items.</doc>
<status status="PASS" start="2025-06-30T14:39:09.709744" elapsed="0.000178"/>
</kw>
<kw name="Get Text" owner="SeleniumLibrary">
<msg time="2025-06-30T14:39:09.724978" level="INFO">${DPMonth} = May</msg>
<var>${DPMonth}</var>
<arg>//div[@id="datepicker"]//span[@class="ui-datepicker-month"]</arg>
<doc>Returns the text value of the element identified by ``locator``.</doc>
<status status="PASS" start="2025-06-30T14:39:09.710047" elapsed="0.014976"/>
</kw>
<kw name="Get Index From List" owner="Collections">
<msg time="2025-06-30T14:39:09.725339" level="INFO">${DPNumMonth} = 5</msg>
<var>${DPNumMonth}</var>
<arg>${Months}</arg>
<arg>${DPMonth}</arg>
<doc>Returns the index of the first occurrence of the ``value`` on the list.</doc>
<status status="PASS" start="2025-06-30T14:39:09.725162" elapsed="0.000205"/>
</kw>
<return>
<value>${DPNumMonth}</value>
<status status="PASS" start="2025-06-30T14:39:09.725433" elapsed="0.000037"/>
</return>
<msg time="2025-06-30T14:39:09.725573" level="INFO">${CurrMonth} = 5</msg>
<var>${CurrMonth}</var>
<status status="PASS" start="2025-06-30T14:39:09.709585" elapsed="0.016009"/>
</kw>
<kw name="Run Keyword If" owner="BuiltIn">
<arg>${NewMonth}&gt;${CurrMonth}</arg>
<arg>DatePicker Click Next Month</arg>
<doc>Runs the given keyword with the given arguments, if ``condition`` is true.</doc>
<status status="PASS" start="2025-06-30T14:39:09.725686" elapsed="0.000153"/>
</kw>
<kw name="Run Keyword If" owner="BuiltIn">
<kw name="DatePicker Click Prev Month">
<kw name="Click Link" owner="SeleniumLibrary">
<msg time="2025-06-30T14:39:09.726621" level="INFO">Clicking link '//div[@id="datepicker"]//a[@title="Prev"]'.</msg>
<arg>//div[@id="datepicker"]//a[@title="Prev"]</arg>
<doc>Clicks a link identified by ``locator``.</doc>
<status status="PASS" start="2025-06-30T14:39:09.726309" elapsed="0.047396"/>
</kw>
<status status="PASS" start="2025-06-30T14:39:09.726113" elapsed="0.047757"/>
</kw>
<arg>${NewMonth}&lt;${CurrMonth}</arg>
<arg>DatePicker Click Prev Month</arg>
<doc>Runs the given keyword with the given arguments, if ``condition`` is true.</doc>
<status status="PASS" start="2025-06-30T14:39:09.725926" elapsed="0.048020"/>
</kw>
<kw name="DatePicker Current Month">
<kw name="Create List" owner="BuiltIn">
<msg time="2025-06-30T14:39:09.774777" level="INFO">@{Months} = [ 0thMonth | January | February | March | April | May | June | July | August | September | October | November | December ]</msg>
<var>@{Months}</var>
<arg>0thMonth</arg>
<arg>January</arg>
<arg>February</arg>
<arg>March</arg>
<arg>April</arg>
<arg>May</arg>
<arg>June</arg>
<arg>July</arg>
<arg>August</arg>
<arg>September</arg>
<arg>October</arg>
<arg>November</arg>
<arg>December</arg>
<doc>Returns a list containing given items.</doc>
<status status="PASS" start="2025-06-30T14:39:09.774528" elapsed="0.000296"/>
</kw>
<kw name="Get Text" owner="SeleniumLibrary">
<msg time="2025-06-30T14:39:09.787056" level="INFO">${DPMonth} = April</msg>
<var>${DPMonth}</var>
<arg>//div[@id="datepicker"]//span[@class="ui-datepicker-month"]</arg>
<doc>Returns the text value of the element identified by ``locator``.</doc>
<status status="PASS" start="2025-06-30T14:39:09.775020" elapsed="0.012079"/>
</kw>
<kw name="Get Index From List" owner="Collections">
<msg time="2025-06-30T14:39:09.787416" level="INFO">${DPNumMonth} = 4</msg>
<var>${DPNumMonth}</var>
<arg>${Months}</arg>
<arg>${DPMonth}</arg>
<doc>Returns the index of the first occurrence of the ``value`` on the list.</doc>
<status status="PASS" start="2025-06-30T14:39:09.787239" elapsed="0.000200"/>
</kw>
<return>
<value>${DPNumMonth}</value>
<status status="PASS" start="2025-06-30T14:39:09.787491" elapsed="0.000036"/>
</return>
<msg time="2025-06-30T14:39:09.787624" level="INFO">${CurrMonth} = 4</msg>
<var>${CurrMonth}</var>
<status status="PASS" start="2025-06-30T14:39:09.774192" elapsed="0.013452"/>
</kw>
<kw name="Should Be Equal As Numbers" owner="BuiltIn">
<msg time="2025-06-30T14:39:09.787894" level="FAIL">4.0 != 2.0</msg>
<arg>${CurrMonth}</arg>
<arg>${NewMonth}</arg>
<doc>Fails if objects are unequal after converting them to real numbers.</doc>
<status status="FAIL" start="2025-06-30T14:39:09.787724" elapsed="0.000226">4.0 != 2.0</status>
</kw>
<arg>${NewMonth}</arg>
<status status="FAIL" start="2025-06-30T14:39:09.709273" elapsed="0.078762">4.0 != 2.0</status>
</kw>
<kw name="Move DatePicker To Month">
<kw name="DatePicker Current Month">
<kw name="Create List" owner="BuiltIn">
<msg time="2025-06-30T14:39:09.889457" level="INFO">@{Months} = [ 0thMonth | January | February | March | April | May | June | July | August | September | October | November | December ]</msg>
<var>@{Months}</var>
<arg>0thMonth</arg>
<arg>January</arg>
<arg>February</arg>
<arg>March</arg>
<arg>April</arg>
<arg>May</arg>
<arg>June</arg>
<arg>July</arg>
<arg>August</arg>
<arg>September</arg>
<arg>October</arg>
<arg>November</arg>
<arg>December</arg>
<doc>Returns a list containing given items.</doc>
<status status="PASS" start="2025-06-30T14:39:09.889317" elapsed="0.000167"/>
</kw>
<kw name="Get Text" owner="SeleniumLibrary">
<msg time="2025-06-30T14:39:09.900977" level="INFO">${DPMonth} = April</msg>
<var>${DPMonth}</var>
<arg>//div[@id="datepicker"]//span[@class="ui-datepicker-month"]</arg>
<doc>Returns the text value of the element identified by ``locator``.</doc>
<status status="PASS" start="2025-06-30T14:39:09.889597" elapsed="0.011424"/>
</kw>
<kw name="Get Index From List" owner="Collections">
<msg time="2025-06-30T14:39:09.901353" level="INFO">${DPNumMonth} = 4</msg>
<var>${DPNumMonth}</var>
<arg>${Months}</arg>
<arg>${DPMonth}</arg>
<doc>Returns the index of the first occurrence of the ``value`` on the list.</doc>
<status status="PASS" start="2025-06-30T14:39:09.901175" elapsed="0.000201"/>
</kw>
<return>
<value>${DPNumMonth}</value>
<status status="PASS" start="2025-06-30T14:39:09.901428" elapsed="0.000037"/>
</return>
<msg time="2025-06-30T14:39:09.901564" level="INFO">${CurrMonth} = 4</msg>
<var>${CurrMonth}</var>
<status status="PASS" start="2025-06-30T14:39:09.889145" elapsed="0.012439"/>
</kw>
<kw name="Run Keyword If" owner="BuiltIn">
<arg>${NewMonth}&gt;${CurrMonth}</arg>
<arg>DatePicker Click Next Month</arg>
<doc>Runs the given keyword with the given arguments, if ``condition`` is true.</doc>
<status status="PASS" start="2025-06-30T14:39:09.901694" elapsed="0.000161"/>
</kw>
<kw name="Run Keyword If" owner="BuiltIn">
<kw name="DatePicker Click Prev Month">
<kw name="Click Link" owner="SeleniumLibrary">
<msg time="2025-06-30T14:39:09.902497" level="INFO">Clicking link '//div[@id="datepicker"]//a[@title="Prev"]'.</msg>
<arg>//div[@id="datepicker"]//a[@title="Prev"]</arg>
<doc>Clicks a link identified by ``locator``.</doc>
<status status="PASS" start="2025-06-30T14:39:09.902356" elapsed="0.047064"/>
</kw>
<status status="PASS" start="2025-06-30T14:39:09.902151" elapsed="0.047379"/>
</kw>
<arg>${NewMonth}&lt;${CurrMonth}</arg>
<arg>DatePicker Click Prev Month</arg>
<doc>Runs the given keyword with the given arguments, if ``condition`` is true.</doc>
<status status="PASS" start="2025-06-30T14:39:09.901942" elapsed="0.047636"/>
</kw>
<kw name="DatePicker Current Month">
<kw name="Create List" owner="BuiltIn">
<msg time="2025-06-30T14:39:09.950133" level="INFO">@{Months} = [ 0thMonth | January | February | March | April | May | June | July | August | September | October | November | December ]</msg>
<var>@{Months}</var>
<arg>0thMonth</arg>
<arg>January</arg>
<arg>February</arg>
<arg>March</arg>
<arg>April</arg>
<arg>May</arg>
<arg>June</arg>
<arg>July</arg>
<arg>August</arg>
<arg>September</arg>
<arg>October</arg>
<arg>November</arg>
<arg>December</arg>
<doc>Returns a list containing given items.</doc>
<status status="PASS" start="2025-06-30T14:39:09.949987" elapsed="0.000172"/>
</kw>
<kw name="Get Text" owner="SeleniumLibrary">
<msg time="2025-06-30T14:39:09.961575" level="INFO">${DPMonth} = March</msg>
<var>${DPMonth}</var>
<arg>//div[@id="datepicker"]//span[@class="ui-datepicker-month"]</arg>
<doc>Returns the text value of the element identified by ``locator``.</doc>
<status status="PASS" start="2025-06-30T14:39:09.950295" elapsed="0.011330"/>
</kw>
<kw name="Get Index From List" owner="Collections">
<msg time="2025-06-30T14:39:09.962066" level="INFO">${DPNumMonth} = 3</msg>
<var>${DPNumMonth}</var>
<arg>${Months}</arg>
<arg>${DPMonth}</arg>
<doc>Returns the index of the first occurrence of the ``value`` on the list.</doc>
<status status="PASS" start="2025-06-30T14:39:09.961811" elapsed="0.000283"/>
</kw>
<return>
<value>${DPNumMonth}</value>
<status status="PASS" start="2025-06-30T14:39:09.962156" elapsed="0.000040"/>
</return>
<msg time="2025-06-30T14:39:09.962316" level="INFO">${CurrMonth} = 3</msg>
<var>${CurrMonth}</var>
<status status="PASS" start="2025-06-30T14:39:09.949755" elapsed="0.012585"/>
</kw>
<kw name="Should Be Equal As Numbers" owner="BuiltIn">
<msg time="2025-06-30T14:39:09.962670" level="FAIL">3.0 != 2.0</msg>
<arg>${CurrMonth}</arg>
<arg>${NewMonth}</arg>
<doc>Fails if objects are unequal after converting them to real numbers.</doc>
<status status="FAIL" start="2025-06-30T14:39:09.962454" elapsed="0.000290">3.0 != 2.0</status>
</kw>
<arg>${NewMonth}</arg>
<status status="FAIL" start="2025-06-30T14:39:09.888826" elapsed="0.074011">3.0 != 2.0</status>
</kw>
<kw name="Move DatePicker To Month">
<kw name="DatePicker Current Month">
<kw name="Create List" owner="BuiltIn">
<msg time="2025-06-30T14:39:10.064649" level="INFO">@{Months} = [ 0thMonth | January | February | March | April | May | June | July | August | September | October | November | December ]</msg>
<var>@{Months}</var>
<arg>0thMonth</arg>
<arg>January</arg>
<arg>February</arg>
<arg>March</arg>
<arg>April</arg>
<arg>May</arg>
<arg>June</arg>
<arg>July</arg>
<arg>August</arg>
<arg>September</arg>
<arg>October</arg>
<arg>November</arg>
<arg>December</arg>
<doc>Returns a list containing given items.</doc>
<status status="PASS" start="2025-06-30T14:39:10.064486" elapsed="0.000308"/>
</kw>
<kw name="Get Text" owner="SeleniumLibrary">
<msg time="2025-06-30T14:39:10.076071" level="INFO">${DPMonth} = March</msg>
<var>${DPMonth}</var>
<arg>//div[@id="datepicker"]//span[@class="ui-datepicker-month"]</arg>
<doc>Returns the text value of the element identified by ``locator``.</doc>
<status status="PASS" start="2025-06-30T14:39:10.064929" elapsed="0.011184"/>
</kw>
<kw name="Get Index From List" owner="Collections">
<msg time="2025-06-30T14:39:10.076512" level="INFO">${DPNumMonth} = 3</msg>
<var>${DPNumMonth}</var>
<arg>${Months}</arg>
<arg>${DPMonth}</arg>
<doc>Returns the index of the first occurrence of the ``value`` on the list.</doc>
<status status="PASS" start="2025-06-30T14:39:10.076282" elapsed="0.000259"/>
</kw>
<return>
<value>${DPNumMonth}</value>
<status status="PASS" start="2025-06-30T14:39:10.076599" elapsed="0.000036"/>
</return>
<msg time="2025-06-30T14:39:10.076736" level="INFO">${CurrMonth} = 3</msg>
<var>${CurrMonth}</var>
<status status="PASS" start="2025-06-30T14:39:10.063823" elapsed="0.012934"/>
</kw>
<kw name="Run Keyword If" owner="BuiltIn">
<arg>${NewMonth}&gt;${CurrMonth}</arg>
<arg>DatePicker Click Next Month</arg>
<doc>Runs the given keyword with the given arguments, if ``condition`` is true.</doc>
<status status="PASS" start="2025-06-30T14:39:10.076853" elapsed="0.000152"/>
</kw>
<kw name="Run Keyword If" owner="BuiltIn">
<kw name="DatePicker Click Prev Month">
<kw name="Click Link" owner="SeleniumLibrary">
<msg time="2025-06-30T14:39:10.077617" level="INFO">Clicking link '//div[@id="datepicker"]//a[@title="Prev"]'.</msg>
<arg>//div[@id="datepicker"]//a[@title="Prev"]</arg>
<doc>Clicks a link identified by ``locator``.</doc>
<status status="PASS" start="2025-06-30T14:39:10.077461" elapsed="0.047514"/>
</kw>
<status status="PASS" start="2025-06-30T14:39:10.077274" elapsed="0.047815"/>
</kw>
<arg>${NewMonth}&lt;${CurrMonth}</arg>
<arg>DatePicker Click Prev Month</arg>
<doc>Runs the given keyword with the given arguments, if ``condition`` is true.</doc>
<status status="PASS" start="2025-06-30T14:39:10.077090" elapsed="0.048042"/>
</kw>
<kw name="DatePicker Current Month">
<kw name="Create List" owner="BuiltIn">
<msg time="2025-06-30T14:39:10.125647" level="INFO">@{Months} = [ 0thMonth | January | February | March | April | May | June | July | August | September | October | November | December ]</msg>
<var>@{Months}</var>
<arg>0thMonth</arg>
<arg>January</arg>
<arg>February</arg>
<arg>March</arg>
<arg>April</arg>
<arg>May</arg>
<arg>June</arg>
<arg>July</arg>
<arg>August</arg>
<arg>September</arg>
<arg>October</arg>
<arg>November</arg>
<arg>December</arg>
<doc>Returns a list containing given items.</doc>
<status status="PASS" start="2025-06-30T14:39:10.125507" elapsed="0.000166"/>
</kw>
<kw name="Get Text" owner="SeleniumLibrary">
<msg time="2025-06-30T14:39:10.137778" level="INFO">${DPMonth} = February</msg>
<var>${DPMonth}</var>
<arg>//div[@id="datepicker"]//span[@class="ui-datepicker-month"]</arg>
<doc>Returns the text value of the element identified by ``locator``.</doc>
<status status="PASS" start="2025-06-30T14:39:10.125797" elapsed="0.012025"/>
</kw>
<kw name="Get Index From List" owner="Collections">
<msg time="2025-06-30T14:39:10.138149" level="INFO">${DPNumMonth} = 2</msg>
<var>${DPNumMonth}</var>
<arg>${Months}</arg>
<arg>${DPMonth}</arg>
<doc>Returns the index of the first occurrence of the ``value`` on the list.</doc>
<status status="PASS" start="2025-06-30T14:39:10.137966" elapsed="0.000208"/>
</kw>
<return>
<value>${DPNumMonth}</value>
<status status="PASS" start="2025-06-30T14:39:10.138238" elapsed="0.000046"/>
</return>
<msg time="2025-06-30T14:39:10.138405" level="INFO">${CurrMonth} = 2</msg>
<var>${CurrMonth}</var>
<status status="PASS" start="2025-06-30T14:39:10.125296" elapsed="0.013138"/>
</kw>
<kw name="Should Be Equal As Numbers" owner="BuiltIn">
<arg>${CurrMonth}</arg>
<arg>${NewMonth}</arg>
<doc>Fails if objects are unequal after converting them to real numbers.</doc>
<status status="PASS" start="2025-06-30T14:39:10.138535" elapsed="0.000153"/>
</kw>
<arg>${NewMonth}</arg>
<status status="PASS" start="2025-06-30T14:39:10.063497" elapsed="0.075251"/>
</kw>
<arg>1 min</arg>
<arg>100ms</arg>
<arg>Move DatePicker To Month</arg>
<arg>${NewMonth}</arg>
<doc>Runs the specified keyword and retries if it fails.</doc>
<status status="PASS" start="2025-06-30T14:39:08.348477" elapsed="1.790309"/>
</kw>
<kw name="Click Link" owner="SeleniumLibrary">
<msg time="2025-06-30T14:39:10.139019" level="INFO">Clicking link '//div[@id="datepicker"]//a[@data-date="29"]'.</msg>
<arg>//div[@id="datepicker"]//a[@data-date="${NewDay}"]</arg>
<doc>Clicks a link identified by ``locator``.</doc>
<status status="PASS" start="2025-06-30T14:39:10.138868" elapsed="0.055420"/>
</kw>
<kw name="Capture Page Screenshot" owner="SeleniumLibrary">
<msg time="2025-06-30T14:39:10.297792" level="INFO" html="true">&lt;/td&gt;&lt;/tr&gt;&lt;tr&gt;&lt;td colspan="3"&gt;&lt;a href="selenium-screenshot-20.png"&gt;&lt;img src="selenium-screenshot-20.png" width="800px"&gt;&lt;/a&gt;</msg>
<doc>Takes a screenshot of the current page and embeds it into a log file.</doc>
<status status="PASS" start="2025-06-30T14:39:10.194494" elapsed="0.103431"/>
</kw>
<arg>2024-02-29</arg>
<status status="PASS" start="2025-06-30T14:39:07.275236" elapsed="3.022798"/>
</kw>
<kw name="Close Browser" owner="SeleniumLibrary">
<doc>Closes the current browser.</doc>
<status status="PASS" start="2025-06-30T14:39:10.298403" elapsed="2.127764"/>
</kw>
<status status="PASS" start="2025-06-30T14:39:02.438412" elapsed="9.988057"/>
</test>
<status status="PASS" start="2025-06-30T14:38:43.000891" elapsed="29.426087"/>
</suite>
<status status="FAIL" start="2025-06-30T14:38:38.509962" elapsed="33.917851"/>
</suite>
<suite id="s1-s2-s2" name="Test" source="C:\robotframework\robot_vsmart\test.robot">
<test id="s1-s2-s2-t1" name="Open Google" line="6">
<kw name="Get Variables From Notebook">
<msg time="2025-06-30T14:39:12.440997" level="FAIL">No keyword with name 'Get Variables From Notebook' found. Did you try using keyword 'BuiltIn.Get Variables' and forgot to use enough whitespace between keyword and arguments?</msg>
<var>${citizen_id}</var>
<var>${firstname}</var>
<var>${lastname}</var>
<var>${prefix}</var>
<arg>${NOTEBOOK_PATH}</arg>
<status status="FAIL" start="2025-06-30T14:39:12.440923" elapsed="0.000127">No keyword with name 'Get Variables From Notebook' found. Did you try using keyword 'BuiltIn.Get Variables' and forgot to use enough whitespace between keyword and arguments?</status>
</kw>
<kw name="Open Browser" owner="SeleniumLibrary">
<arg>https://www.google.com</arg>
<arg>Chrome</arg>
<doc>Opens a new browser instance to the optional ``url``.</doc>
<status status="NOT RUN" start="2025-06-30T14:39:12.441327" elapsed="0.000030"/>
</kw>
<kw name="Title Should Be" owner="SeleniumLibrary">
<arg>Google</arg>
<doc>Verifies that the current page title equals ``title``.</doc>
<status status="NOT RUN" start="2025-06-30T14:39:12.441502" elapsed="0.000022"/>
</kw>
<status status="FAIL" start="2025-06-30T14:39:12.439188" elapsed="0.002505">No keyword with name 'Get Variables From Notebook' found. Did you try using keyword 'BuiltIn.Get Variables' and forgot to use enough whitespace between keyword and arguments?</status>
</test>
<status status="FAIL" start="2025-06-30T14:39:12.428503" elapsed="0.013804"/>
</suite>
<status status="FAIL" start="2025-06-30T14:38:38.508170" elapsed="33.934922"/>
</suite>
<status status="FAIL" start="2025-06-30T14:38:26.438393" elapsed="46.005351"/>
</suite>
<statistics>
<total>
<stat pass="4" fail="4" skip="0">All Tests</stat>
</total>
<tag>
</tag>
<suite>
<stat name="Robotframework" id="s1" pass="4" fail="4" skip="0">Robotframework</stat>
<stat name="Login Tests" id="s1-s1" pass="0" fail="1" skip="0">Robotframework.Login Tests</stat>
<stat name="Valide Login" id="s1-s1-s1" pass="0" fail="1" skip="0">Robotframework.Login Tests.Valide Login</stat>
<stat name="Robot Vsmart" id="s1-s2" pass="4" fail="3" skip="0">Robotframework.Robot Vsmart</stat>
<stat name="Import Doc Case" id="s1-s2-s1" pass="4" fail="2" skip="0">Robotframework.Robot Vsmart.Import Doc Case</stat>
<stat name="Main" id="s1-s2-s1-s1" pass="2" fail="2" skip="0">Robotframework.Robot Vsmart.Import Doc Case.Main</stat>
<stat name="Main2" id="s1-s2-s1-s2" pass="2" fail="0" skip="0">Robotframework.Robot Vsmart.Import Doc Case.Main2</stat>
<stat name="Test" id="s1-s2-s2" pass="0" fail="1" skip="0">Robotframework.Robot Vsmart.Test</stat>
</suite>
</statistics>
<errors>
<msg time="2025-06-30T14:38:40.734108" level="WARN">Multiple tests with name 'Username' executed in suite 'Robotframework.Robot Vsmart.Import Doc Case.Main'.</msg>
</errors>
</robot>
