<?xml version="1.0" encoding="UTF-8"?>
<robot generator="Robot 7.2.2 (Python 3.13.3 on win32)" generated="2025-06-18T16:48:56.444364" rpa="false" schemaversion="5">
<suite id="s1" name="Import Doc Case" source="C:\robotframework\robot_vsmart\import_doc_case">
<suite id="s1-s1" name="Main" source="C:\robotframework\robot_vsmart\import_doc_case\main.robot">
<test id="s1-s1-t1" name="Username" line="20">
<kw name="Get File" owner="OperatingSystem">
<msg time="2025-06-18T16:48:57.821428" level="INFO" html="true">Getting file '&lt;a href="file://C:\robotframework\robot_vsmart\import_doc_case\json\data_test\username_json.json"&gt;C:\robotframework\robot_vsmart\import_doc_case\json\data_test\username_json.json&lt;/a&gt;'.</msg>
<msg time="2025-06-18T16:48:57.821756" level="INFO">${json_string} = [
    {
        "province": "พังงา",
        "username": "pnatnsw",
        "password": "pnatnsw#smart3"
    }
]
</msg>
<var>${json_string}</var>
<arg>C:\\robotframework\\robot_vsmart\\import_doc_case/json/data_test/username_json.json</arg>
<doc>Returns the contents of a specified file.</doc>
<status status="PASS" start="2025-06-18T16:48:57.821229" elapsed="0.000569"/>
</kw>
<kw name="Evaluate" owner="BuiltIn">
<msg time="2025-06-18T16:48:57.822430" level="INFO">${json_array} = [{'province': 'พังงา', 'username': 'pnatnsw', 'password': 'pnatnsw#smart3'}]</msg>
<var>${json_array}</var>
<arg>json.loads('''${json_string}''')</arg>
<arg>json</arg>
<doc>Evaluates the given expression in Python and returns the result.</doc>
<status status="PASS" start="2025-06-18T16:48:57.822121" elapsed="0.000338"/>
</kw>
<kw name="Get From List" owner="Collections">
<msg time="2025-06-18T16:48:57.822917" level="INFO">${first_item} = {'province': 'พังงา', 'username': 'pnatnsw', 'password': 'pnatnsw#smart3'}</msg>
<var>${first_item}</var>
<arg>${json_array}</arg>
<arg>0</arg>
<doc>Returns the value specified with an ``index`` from ``list``.</doc>
<status status="PASS" start="2025-06-18T16:48:57.822772" elapsed="0.000169"/>
</kw>
<kw name="Get From Dictionary" owner="Collections">
<msg time="2025-06-18T16:48:57.823345" level="INFO">${province} = พังงา</msg>
<var>${province}</var>
<arg>${first_item}</arg>
<arg>province</arg>
<doc>Returns a value from the given ``dictionary`` based on the given ``key``.</doc>
<status status="PASS" start="2025-06-18T16:48:57.823216" elapsed="0.000152"/>
</kw>
<kw name="Get From Dictionary" owner="Collections">
<msg time="2025-06-18T16:48:57.823876" level="INFO">${username} = pnatnsw</msg>
<var>${username}</var>
<arg>${first_item}</arg>
<arg>username</arg>
<doc>Returns a value from the given ``dictionary`` based on the given ``key``.</doc>
<status status="PASS" start="2025-06-18T16:48:57.823644" elapsed="0.000271"/>
</kw>
<kw name="Get From Dictionary" owner="Collections">
<msg time="2025-06-18T16:48:57.824403" level="INFO">${password} = pnatnsw#smart3</msg>
<var>${password}</var>
<arg>${first_item}</arg>
<arg>password</arg>
<doc>Returns a value from the given ``dictionary`` based on the given ``key``.</doc>
<status status="PASS" start="2025-06-18T16:48:57.824253" elapsed="0.000174"/>
</kw>
<kw name="Log" owner="BuiltIn">
<msg time="2025-06-18T16:48:57.824742" level="INFO">Province: พังงา</msg>
<arg>Province: ${province}</arg>
<doc>Logs the given message with the given level.</doc>
<status status="PASS" start="2025-06-18T16:48:57.824626" elapsed="0.000153"/>
</kw>
<kw name="Log" owner="BuiltIn">
<msg time="2025-06-18T16:48:57.825176" level="INFO">Username: pnatnsw</msg>
<arg>Username: ${username}</arg>
<doc>Logs the given message with the given level.</doc>
<status status="PASS" start="2025-06-18T16:48:57.825058" elapsed="0.000152"/>
</kw>
<kw name="Log" owner="BuiltIn">
<msg time="2025-06-18T16:48:57.825583" level="INFO">Password: pnatnsw#smart3</msg>
<arg>Password: ${password}</arg>
<doc>Logs the given message with the given level.</doc>
<status status="PASS" start="2025-06-18T16:48:57.825482" elapsed="0.000134"/>
</kw>
<status status="PASS" start="2025-06-18T16:48:57.819718" elapsed="0.006358"/>
</test>
<test id="s1-s1-t2" name="TC_1_001 | dwf_department_show_responsible_province" line="37">
<kw name="Set Selenium Speed" owner="SeleniumLibrary">
<arg>${Delay}</arg>
<doc>Sets the delay that is waited after each Selenium command.</doc>
<status status="PASS" start="2025-06-18T16:48:57.827310" elapsed="0.000244"/>
</kw>
<kw name="Get File" owner="OperatingSystem">
<msg time="2025-06-18T16:48:57.827991" level="INFO" html="true">Getting file '&lt;a href="file://C:\robotframework\robot_vsmart\import_doc_case\json\data_test\username_json.json"&gt;C:\robotframework\robot_vsmart\import_doc_case\json\data_test\username_json.json&lt;/a&gt;'.</msg>
<msg time="2025-06-18T16:48:57.828306" level="INFO">${json_string} = [
    {
        "province": "พังงา",
        "username": "pnatnsw",
        "password": "pnatnsw#smart3"
    }
]
</msg>
<var>${json_string}</var>
<arg>C:\\robotframework\\robot_vsmart\\import_doc_case/json/data_test/username_json.json</arg>
<doc>Returns the contents of a specified file.</doc>
<status status="PASS" start="2025-06-18T16:48:57.827864" elapsed="0.000474"/>
</kw>
<kw name="Evaluate" owner="BuiltIn">
<msg time="2025-06-18T16:48:57.828845" level="INFO">${json_array} = [{'province': 'พังงา', 'username': 'pnatnsw', 'password': 'pnatnsw#smart3'}]</msg>
<var>${json_array}</var>
<arg>json.loads('''${json_string}''')</arg>
<arg>json</arg>
<doc>Evaluates the given expression in Python and returns the result.</doc>
<status status="PASS" start="2025-06-18T16:48:57.828576" elapsed="0.000299"/>
</kw>
<for flavor="IN">
<iter>
<kw name="Get From Dictionary" owner="Collections">
<msg time="2025-06-18T16:48:57.829842" level="INFO">${province} = พังงา</msg>
<var>${province}</var>
<arg>${item}</arg>
<arg>province</arg>
<doc>Returns a value from the given ``dictionary`` based on the given ``key``.</doc>
<status status="PASS" start="2025-06-18T16:48:57.829599" elapsed="0.000287"/>
</kw>
<kw name="Get From Dictionary" owner="Collections">
<msg time="2025-06-18T16:48:57.830228" level="INFO">${username} = pnatnsw</msg>
<var>${username}</var>
<arg>${item}</arg>
<arg>username</arg>
<doc>Returns a value from the given ``dictionary`` based on the given ``key``.</doc>
<status status="PASS" start="2025-06-18T16:48:57.830085" elapsed="0.000166"/>
</kw>
<kw name="Get From Dictionary" owner="Collections">
<msg time="2025-06-18T16:48:57.830476" level="INFO">${password} = pnatnsw#smart3</msg>
<var>${password}</var>
<arg>${item}</arg>
<arg>password</arg>
<doc>Returns a value from the given ``dictionary`` based on the given ``key``.</doc>
<status status="PASS" start="2025-06-18T16:48:57.830367" elapsed="0.000138"/>
</kw>
<kw name="Log" owner="BuiltIn">
<msg time="2025-06-18T16:48:57.830726" level="INFO">------------------------------------------------------------------------พังงา</msg>
<arg>------------------------------------------------------------------------${province}</arg>
<doc>Logs the given message with the given level.</doc>
<status status="PASS" start="2025-06-18T16:48:57.830623" elapsed="0.000137"/>
</kw>
<kw name="Login Vsmart" owner="Login_Vsmart">
<kw name="Open Browser" owner="SeleniumLibrary">
<msg time="2025-06-18T16:48:57.831443" level="INFO">Opening browser 'Chrome' to base url 'http://127.0.0.1:8000/'.</msg>
<msg time="2025-06-18T16:49:03.241012" level="INFO" html="true">&lt;/td&gt;&lt;/tr&gt;&lt;tr&gt;&lt;td colspan="3"&gt;&lt;a href="selenium-screenshot-8.png"&gt;&lt;img src="selenium-screenshot-8.png" width="800px"&gt;&lt;/a&gt;</msg>
<msg time="2025-06-18T16:49:03.241380" level="FAIL">WebDriverException: Message: unknown error: net::ERR_CONNECTION_REFUSED
  (Session info: chrome=137.0.7151.104)
Stacktrace:
	GetHandleVerifier [0x0x7ff632adcda5+78885]
	GetHandleVerifier [0x0x7ff632adce00+78976]
	(No symbol) [0x0x7ff632899bca]
	(No symbol) [0x0x7ff6328965e2]
	(No symbol) [0x0x7ff632887319]
	(No symbol) [0x0x7ff6328890c1]
	(No symbol) [0x0x7ff632887636]
	(No symbol) [0x0x7ff632887096]
	(No symbol) [0x0x7ff632886d5a]
	(No symbol) [0x0x7ff63288492f]
	(No symbol) [0x0x7ff6328851ac]
	(No symbol) [0x0x7ff63289db7a]
	(No symbol) [0x0x7ff63294201e]
	(No symbol) [0x0x7ff632918b8a]
	(No symbol) [0x0x7ff63294122f]
	(No symbol) [0x0x7ff632918963]
	(No symbol) [0x0x7ff6328e16b1]
	(No symbol) [0x0x7ff6328e2443]
	GetHandleVerifier [0x0x7ff632db4eed+3061101]
	GetHandleVerifier [0x0x7ff632daf33d+3037629]
	GetHandleVerifier [0x0x7ff632dce592+3165202]
	GetHandleVerifier [0x0x7ff632af730e+186766]
	GetHandleVerifier [0x0x7ff632afeb3f+217535]
	GetHandleVerifier [0x0x7ff632ae59b4+114740]
	GetHandleVerifier [0x0x7ff632ae5b69+115177]
	GetHandleVerifier [0x0x7ff632acc368+10728]
	BaseThreadInitThunk [0x0x7ffb91dde8d7+23]
	RtlUserThreadStart [0x0x7ffb93f3c34c+44]
</msg>
<arg>http://127.0.0.1:8000/</arg>
<arg>Chrome</arg>
<doc>Opens a new browser instance to the optional ``url``.</doc>
<status status="FAIL" start="2025-06-18T16:48:57.831308" elapsed="5.413548">WebDriverException: Message: unknown error: net::ERR_CONNECTION_REFUSED
  (Session info: chrome=137.0.7151.104)
Stacktrace:
	GetHandleVerifier [0x0x7ff632adcda5+78885]
	GetHandleVerifier [0x0x7ff632adce00+78976]
	(No symbol) [0x0x7ff632899bca]
	(No symbol) [0x0x7ff6328965e2]
	(No symbol) [0x0x7ff632887319]
	(No symbol) [0x0x7ff6328890c1]
	(No symbol) [0x0x7ff632887636]
	(No symbol) [0x0x7ff632887096]
	(No symbol) [0x0x7ff632886d5a]
	(No symbol) [0x0x7ff63288492f]
	(No symbol) [0x0x7ff6328851ac]
	(No symbol) [0x0x7ff63289db7a]
	(No symbol) [0x0x7ff63294201e]
	(No symbol) [0x0x7ff632918b8a]
	(No symbol) [0x0x7ff63294122f]
	(No symbol) [0x0x7ff632918963]
	(No symbol) [0x0x7ff6328e16b1]
	(No symbol) [0x0x7ff6328e2443]
	GetHandleVerifier [0x0x7ff632db4eed+3061101]
	GetHandleVerifier [0x0x7ff632daf33d+3037629]
	GetHandleVerifier [0x0x7ff632dce592+3165202]
	GetHandleVerifier [0x0x7ff632af730e+186766]
	GetHandleVerifier [0x0x7ff632afeb3f+217535]
	GetHandleVerifier [0x0x7ff632ae59b4+114740]
	GetHandleVerifier [0x0x7ff632ae5b69+115177]
	GetHandleVerifier [0x0x7ff632acc368+10728]
	BaseThreadInitThunk [0x0x7ffb91dde8d7+23]
	RtlUserThreadStart [0x0x7ffb93f3c34c+44]
</status>
</kw>
<kw name="Sleep" owner="BuiltIn">
<arg>1s</arg>
<doc>Pauses the test executed for the given time.</doc>
<status status="NOT RUN" start="2025-06-18T16:49:03.245317" elapsed="0.000069"/>
</kw>
<kw name="Wait Until Element Is Visible" owner="SeleniumLibrary">
<arg>//*[@id="announcementModal"]</arg>
<doc>Waits until the element ``locator`` is visible.</doc>
<status status="NOT RUN" start="2025-06-18T16:49:03.245625" elapsed="0.000033"/>
</kw>
<kw name="Wait Until Element Is Visible" owner="SeleniumLibrary">
<arg>//*[@id="announcementModal"]/div/div/div[1]/button</arg>
<arg>timeout=20s</arg>
<doc>Waits until the element ``locator`` is visible.</doc>
<status status="NOT RUN" start="2025-06-18T16:49:03.245832" elapsed="0.000030"/>
</kw>
<kw name="Click Element" owner="SeleniumLibrary">
<arg>//*[@id="announcementModal"]/div/div/div[1]/button</arg>
<doc>Click the element identified by ``locator``.</doc>
<status status="NOT RUN" start="2025-06-18T16:49:03.246066" elapsed="0.000033"/>
</kw>
<kw name="Sleep" owner="BuiltIn">
<arg>2s</arg>
<doc>Pauses the test executed for the given time.</doc>
<status status="NOT RUN" start="2025-06-18T16:49:03.246253" elapsed="0.000026"/>
</kw>
<kw name="Input Username" owner="Login_Vsmart">
<arg>${Username}</arg>
<status status="NOT RUN" start="2025-06-18T16:49:03.246542" elapsed="0.000041"/>
</kw>
<kw name="Input Passwords" owner="Login_Vsmart">
<arg>${password}</arg>
<status status="NOT RUN" start="2025-06-18T16:49:03.246746" elapsed="0.000033"/>
</kw>
<kw name="Submit" owner="Login_Vsmart">
<status status="NOT RUN" start="2025-06-18T16:49:03.246946" elapsed="0.000035"/>
</kw>
<arg>${username}</arg>
<arg>${password}</arg>
<status status="FAIL" start="2025-06-18T16:48:57.830932" elapsed="5.416262">WebDriverException: Message: unknown error: net::ERR_CONNECTION_REFUSED
  (Session info: chrome=137.0.7151.104)
Stacktrace:
	GetHandleVerifier [0x0x7ff632adcda5+78885]
	GetHandleVerifier [0x0x7ff632adce00+78976]
	(No symbol) [0x0x7ff632899bca]
	(No symbol) [0x0x7ff6328965e2]
	(No symbol) [0x0x7ff632887319]
	(No symbol) [0x0x7ff6328890c1]
	(No symbol) [0x0x7ff632887636]
	(No symbol) [0x0x7ff632887096]
	(No symbol) [0x0x7ff632886d5a]
	(No symbol) [0x0x7ff63288492f]
	(No symbol) [0x0x7ff6328851ac]
	(No symbol) [0x0x7ff63289db7a]
	(No symbol) [0x0x7ff63294201e]
	(No symbol) [0x0x7ff632918b8a]
	(No symbol) [0x0x7ff63294122f]
	(No symbol) [0x0x7ff632918963]
	(No symbol) [0x0x7ff6328e16b1]
	(No symbol) [0x0x7ff6328e2443]
	GetHandleVerifier [0x0x7ff632db4eed+3061101]
	GetHandleVerifier [0x0x7ff632daf33d+3037629]
	GetHandleVerifier [0x0x7ff632dce592+3165202]
	GetHandleVerifier [0x0x7ff632af730e+186766]
	GetHandleVerifier [0x0x7ff632afeb3f+217535]
	GetHandleVerifier [0x0x7ff632ae59b4+114740]
	GetHandleVerifier [0x0x7ff632ae5b69+115177]
	GetHandleVerifier [0x0x7ff632acc368+10728]
	BaseThreadInitThunk [0x0x7ffb91dde8d7+23]
	RtlUserThreadStart [0x0x7ffb93f3c34c+44]
</status>
</kw>
<kw name="Goto import doc case" owner="Import_Doc_Case">
<status status="NOT RUN" start="2025-06-18T16:49:03.247430" elapsed="0.000033"/>
</kw>
<kw name="Wait Until Keyword Succeeds" owner="BuiltIn">
<arg>1 min</arg>
<arg>100ms</arg>
<arg>Switch To New Window</arg>
<doc>Runs the specified keyword and retries if it fails.</doc>
<status status="NOT RUN" start="2025-06-18T16:49:03.247649" elapsed="0.000027"/>
</kw>
<kw name="Sleep" owner="BuiltIn">
<arg>3s</arg>
<doc>Pauses the test executed for the given time.</doc>
<status status="NOT RUN" start="2025-06-18T16:49:03.247786" elapsed="0.000020"/>
</kw>
<for flavor="IN RANGE">
<iter>
<kw name="Run Notebook And Get Variables" owner="NotebookLibrary">
<var>${citizen_id}</var>
<var>${firstname}</var>
<var>${lastname}</var>
<var>${prefix}</var>
<arg>random_cid_name.ipynb</arg>
<status status="NOT RUN" start="2025-06-18T16:49:03.248266" elapsed="0.000036"/>
</kw>
<kw name="Execute Javascript" owner="SeleniumLibrary">
<arg>window.location.reload();</arg>
<doc>Executes the given JavaScript code with possible arguments.</doc>
<status status="NOT RUN" start="2025-06-18T16:49:03.248502" elapsed="0.000032"/>
</kw>
<kw name="Sleep" owner="BuiltIn">
<arg>3s</arg>
<doc>Pauses the test executed for the given time.</doc>
<status status="NOT RUN" start="2025-06-18T16:49:03.248668" elapsed="0.000026"/>
</kw>
<kw name="Insert Consent Form" owner="Consent_Form">
<status status="NOT RUN" start="2025-06-18T16:49:03.248870" elapsed="0.000037"/>
</kw>
<kw name="Informer over 18 years old" owner="Informer">
<arg>${citizen_id}</arg>
<arg>${firstname}</arg>
<arg>${lastname}</arg>
<arg>${prefix}</arg>
<status status="NOT RUN" start="2025-06-18T16:49:03.249095" elapsed="0.000025"/>
</kw>
<kw name="Run Notebook And Get Variables" owner="NotebookLibrary">
<var>${citizen_id}</var>
<var>${firstname}</var>
<var>${lastname}</var>
<var>${prefix}</var>
<arg>random_cid_name.ipynb</arg>
<status status="NOT RUN" start="2025-06-18T16:49:03.249244" elapsed="0.000029"/>
</kw>
<kw name="People problem over 18 years old" owner="People_Problem">
<arg>${citizen_id}</arg>
<arg>${firstname}</arg>
<arg>${lastname}</arg>
<arg>${prefix}</arg>
<status status="NOT RUN" start="2025-06-18T16:49:03.249524" elapsed="0.000039"/>
</kw>
<kw name="Run Notebook And Get Variables" owner="NotebookLibrary">
<var>${citizen_id}</var>
<var>${firstname}</var>
<var>${lastname}</var>
<var>${prefix}</var>
<arg>random_cid_name.ipynb</arg>
<status status="NOT RUN" start="2025-06-18T16:49:03.249760" elapsed="0.000035"/>
</kw>
<kw name="Insert Family Memeber" owner="Family_Member">
<arg>${citizen_id}</arg>
<arg>${firstname}</arg>
<arg>${lastname}</arg>
<arg>${prefix}</arg>
<status status="NOT RUN" start="2025-06-18T16:49:03.250087" elapsed="0.000042"/>
</kw>
<kw name="Random Info About Informer" owner="Info_About_Informer">
<status status="NOT RUN" start="2025-06-18T16:49:03.250446" elapsed="0.000043"/>
</kw>
<kw name="Insert House Condition" owner="Home_inspect">
<arg>'Automated Test'</arg>
<status status="NOT RUN" start="2025-06-18T16:49:03.250647" elapsed="0.000034"/>
</kw>
<kw name="Set Variable" owner="BuiltIn">
<var>${backup_house_condition_2}</var>
<arg>'Automated Test'</arg>
<doc>Returns the given values which can then be assigned to a variables.</doc>
<status status="NOT RUN" start="2025-06-18T16:49:03.250855" elapsed="0.000031"/>
</kw>
<kw name="Insert House Problem" owner="Home_inspect">
<arg>'Automated test'</arg>
<status status="NOT RUN" start="2025-06-18T16:49:03.251061" elapsed="0.000036"/>
</kw>
<kw name="Set Variable" owner="BuiltIn">
<var>${backup_house_problem_2}</var>
<arg>'Automated Test'</arg>
<doc>Returns the given values which can then be assigned to a variables.</doc>
<status status="NOT RUN" start="2025-06-18T16:49:03.251263" elapsed="0.000033"/>
</kw>
<kw name="Insert House Comment" owner="Home_inspect">
<arg>'Automated test'</arg>
<status status="NOT RUN" start="2025-06-18T16:49:03.251614" elapsed="0.000033"/>
</kw>
<kw name="Set Variable" owner="BuiltIn">
<var>${backup_house_comment}</var>
<arg>'Automated Test'</arg>
<doc>Returns the given values which can then be assigned to a variables.</doc>
<status status="NOT RUN" start="2025-06-18T16:49:03.251812" elapsed="0.000032"/>
</kw>
<kw name="Random Order Value" owner="Order">
<var>${backup_order}</var>
<arg>xpath=//select[@name="order_name"]</arg>
<status status="NOT RUN" start="2025-06-18T16:49:03.252040" elapsed="0.000034"/>
</kw>
<kw name="Random Money Help" owner="Home_inspect">
<var>${backup_money_help}</var>
<arg>xpath=//input[@name="money_help"]</arg>
<status status="NOT RUN" start="2025-06-18T16:49:03.252248" elapsed="0.000034"/>
</kw>
<kw name="Random How Payment Value" owner="Order">
<var>${backup_how_payment}</var>
<arg>xpath=//select[@name="transfer_money_type"]</arg>
<status status="NOT RUN" start="2025-06-18T16:49:03.252483" elapsed="0.000037"/>
</kw>
<kw name="Random Select By Text" owner="Random">
<var>${backup_bank_name}</var>
<arg>xpath=//select[@name="bank_name"]</arg>
<status status="NOT RUN" start="2025-06-18T16:49:03.252711" elapsed="0.000040"/>
</kw>
<kw name="Input Text" owner="SeleniumLibrary">
<arg>xpath=//input[@name='bank_branch']</arg>
<arg>automated test</arg>
<doc>Types the given ``text`` into the text field identified by ``locator``.</doc>
<status status="NOT RUN" start="2025-06-18T16:49:03.253001" elapsed="0.000051"/>
</kw>
<kw name="Set Variable" owner="BuiltIn">
<var>${backup_bank_branch}</var>
<arg>automated test</arg>
<doc>Returns the given values which can then be assigned to a variables.</doc>
<status status="NOT RUN" start="2025-06-18T16:49:03.253283" elapsed="0.000038"/>
</kw>
<kw name="Input Text" owner="SeleniumLibrary">
<arg>xpath=//input[@name='account_number']</arg>
<arg>1669931231</arg>
<doc>Types the given ``text`` into the text field identified by ``locator``.</doc>
<status status="NOT RUN" start="2025-06-18T16:49:03.253515" elapsed="0.000029"/>
</kw>
<kw name="Set Variable" owner="BuiltIn">
<var>${backup_account_number}</var>
<arg>1669931231</arg>
<doc>Returns the given values which can then be assigned to a variables.</doc>
<status status="NOT RUN" start="2025-06-18T16:49:03.253703" elapsed="0.000036"/>
</kw>
<kw name="Input Text" owner="SeleniumLibrary">
<arg>xpath=//input[@name='account_name']</arg>
<arg>automated test</arg>
<doc>Types the given ``text`` into the text field identified by ``locator``.</doc>
<status status="NOT RUN" start="2025-06-18T16:49:03.253910" elapsed="0.000038"/>
</kw>
<kw name="Set Variable" owner="BuiltIn">
<var>${backup_account_name}</var>
<arg>automated test</arg>
<doc>Returns the given values which can then be assigned to a variables.</doc>
<status status="NOT RUN" start="2025-06-18T16:49:03.254141" elapsed="0.000033"/>
</kw>
<kw name="Random Select By Text" owner="Random">
<var>${backup_account_type}</var>
<arg>xpath=//select[@name="account_type"]</arg>
<status status="NOT RUN" start="2025-06-18T16:49:03.254402" elapsed="0.000045"/>
</kw>
<kw name="Insert All Picture Inspect" owner="Home_inspect">
<status status="NOT RUN" start="2025-06-18T16:49:03.254701" elapsed="0.000033"/>
</kw>
<kw name="Click Element" owner="SeleniumLibrary">
<arg>xpath=//input[@value="บันทึกอย่างเดียว"]</arg>
<doc>Click the element identified by ``locator``.</doc>
<status status="NOT RUN" start="2025-06-18T16:49:03.254868" elapsed="0.000027"/>
</kw>
<kw name="Handle Alert" owner="SeleniumLibrary">
<arg>ACCEPT</arg>
<doc>Handles the current alert and returns its message.</doc>
<status status="NOT RUN" start="2025-06-18T16:49:03.255039" elapsed="0.000022"/>
</kw>
<var name="${i}"/>
<status status="NOT RUN" start="2025-06-18T16:49:03.248096" elapsed="0.007003"/>
</iter>
<var>${i}</var>
<value>3</value>
<status status="NOT RUN" start="2025-06-18T16:49:03.247882" elapsed="0.007299"/>
</for>
<kw name="Sleep" owner="BuiltIn">
<arg>5s</arg>
<doc>Pauses the test executed for the given time.</doc>
<status status="NOT RUN" start="2025-06-18T16:49:03.255384" elapsed="0.000052"/>
</kw>
<kw name="Close All Browsers" owner="SeleniumLibrary">
<doc>Closes all open browsers and resets the browser cache.</doc>
<status status="NOT RUN" start="2025-06-18T16:49:03.255640" elapsed="0.000032"/>
</kw>
<var name="${item}">{'province': 'พังงา', 'username': 'pnatnsw', 'password': 'pnatnsw#smart3'}</var>
<status status="FAIL" start="2025-06-18T16:48:57.829416" elapsed="5.426352">WebDriverException: Message: unknown error: net::ERR_CONNECTION_REFUSED
  (Session info: chrome=137.0.7151.104)
Stacktrace:
	GetHandleVerifier [0x0x7ff632adcda5+78885]
	GetHandleVerifier [0x0x7ff632adce00+78976]
	(No symbol) [0x0x7ff632899bca]
	(No symbol) [0x0x7ff6328965e2]
	(No symbol) [0x0x7ff632887319]
	(No symbol) [0x0x7ff6328890c1]
	(No symbol) [0x0x7ff632887636]
	(No symbol) [0x0x7ff632887096]
	(No symbol) [0x0x7ff632886d5a]
	(No symbol) [0x0x7ff63288492f]
	(No symbol) [0x0x7ff6328851ac]
	(No symbol) [0x0x7ff63289db7a]
	(No symbol) [0x0x7ff63294201e]
	(No symbol) [0x0x7ff632918b8a]
	(No symbol) [0x0x7ff63294122f]
	(No symbol) [0x0x7ff632918963]
	(No symbol) [0x0x7ff6328e16b1]
	(No symbol) [0x0x7ff6328e2443]
	GetHandleVerifier [0x0x7ff632db4eed+3061101]
	GetHandleVerifier [0x0x7ff632daf33d+3037629]
	GetHandleVerifier [0x0x7ff632dce592+3165202]
	GetHandleVerifier [0x0x7ff632af730e+186766]
	GetHandleVerifier [0x0x7ff632afeb3f+217535]
	GetHandleVerifier [0x0x7ff632ae59b4+114740]
	GetHandleVerifier [0x0x7ff632ae5b69+115177]
	GetHandleVerifier [0x0x7ff632acc368+10728]
	BaseThreadInitThunk [0x0x7ffb91dde8d7+23]
	RtlUserThreadStart [0x0x7ffb93f3c34c+44]
</status>
</iter>
<var>${item}</var>
<value>@{json_array}</value>
<status status="FAIL" start="2025-06-18T16:48:57.829049" elapsed="5.426856">WebDriverException: Message: unknown error: net::ERR_CONNECTION_REFUSED
  (Session info: chrome=137.0.7151.104)
Stacktrace:
	GetHandleVerifier [0x0x7ff632adcda5+78885]
	GetHandleVerifier [0x0x7ff632adce00+78976]
	(No symbol) [0x0x7ff632899bca]
	(No symbol) [0x0x7ff6328965e2]
	(No symbol) [0x0x7ff632887319]
	(No symbol) [0x0x7ff6328890c1]
	(No symbol) [0x0x7ff632887636]
	(No symbol) [0x0x7ff632887096]
	(No symbol) [0x0x7ff632886d5a]
	(No symbol) [0x0x7ff63288492f]
	(No symbol) [0x0x7ff6328851ac]
	(No symbol) [0x0x7ff63289db7a]
	(No symbol) [0x0x7ff63294201e]
	(No symbol) [0x0x7ff632918b8a]
	(No symbol) [0x0x7ff63294122f]
	(No symbol) [0x0x7ff632918963]
	(No symbol) [0x0x7ff6328e16b1]
	(No symbol) [0x0x7ff6328e2443]
	GetHandleVerifier [0x0x7ff632db4eed+3061101]
	GetHandleVerifier [0x0x7ff632daf33d+3037629]
	GetHandleVerifier [0x0x7ff632dce592+3165202]
	GetHandleVerifier [0x0x7ff632af730e+186766]
	GetHandleVerifier [0x0x7ff632afeb3f+217535]
	GetHandleVerifier [0x0x7ff632ae59b4+114740]
	GetHandleVerifier [0x0x7ff632ae5b69+115177]
	GetHandleVerifier [0x0x7ff632acc368+10728]
	BaseThreadInitThunk [0x0x7ffb91dde8d7+23]
	RtlUserThreadStart [0x0x7ffb93f3c34c+44]
</status>
</for>
<status status="FAIL" start="2025-06-18T16:48:57.826760" elapsed="5.429735">WebDriverException: Message: unknown error: net::ERR_CONNECTION_REFUSED
  (Session info: chrome=137.0.7151.104)
Stacktrace:
	GetHandleVerifier [0x0x7ff632adcda5+78885]
	GetHandleVerifier [0x0x7ff632adce00+78976]
	(No symbol) [0x0x7ff632899bca]
	(No symbol) [0x0x7ff6328965e2]
	(No symbol) [0x0x7ff632887319]
	(No symbol) [0x0x7ff6328890c1]
	(No symbol) [0x0x7ff632887636]
	(No symbol) [0x0x7ff632887096]
	(No symbol) [0x0x7ff632886d5a]
	(No symbol) [0x0x7ff63288492f]
	(No symbol) [0x0x7ff6328851ac]
	(No symbol) [0x0x7ff63289db7a]
	(No symbol) [0x0x7ff63294201e]
	(No symbol) [0x0x7ff632918b8a]
	(No symbol) [0x0x7ff63294122f]
	(No symbol) [0x0x7ff632918963]
	(No symbol) [0x0x7ff6328e16b1]
	(No symbol) [0x0x7ff6328e2443]
	GetHandleVerifier [0x0x7ff632db4eed+3061101]
	GetHandleVerifier [0x0x7ff632daf33d+3037629]
	GetHandleVerifier [0x0x7ff632dce592+3165202]
	GetHandleVerifier [0x0x7ff632af730e+186766]
	GetHandleVerifier [0x0x7ff632afeb3f+217535]
	GetHandleVerifier [0x0x7ff632ae59b4+114740]
	GetHandleVerifier [0x0x7ff632ae5b69+115177]
	GetHandleVerifier [0x0x7ff632acc368+10728]
	BaseThreadInitThunk [0x0x7ffb91dde8d7+23]
	RtlUserThreadStart [0x0x7ffb93f3c34c+44]
</status>
</test>
<test id="s1-s1-t3" name="TC_2_001 | with json" line="98">
<kw name="Set Variable" owner="BuiltIn">
<msg time="2025-06-18T16:49:03.259148" level="INFO">${DATA_FILE_PATH} = C:\robotframework\robot_vsmart\import_doc_case\json\data_test/</msg>
<var>${DATA_FILE_PATH}</var>
<arg>C:\\robotframework\\robot_vsmart\\import_doc_case${/}json${/}data_test/</arg>
<doc>Returns the given values which can then be assigned to a variables.</doc>
<status status="PASS" start="2025-06-18T16:49:03.258258" elapsed="0.000943"/>
</kw>
<kw name="Read JSON Data" owner="JsonData">
<kw name="Get File" owner="OperatingSystem">
<msg time="2025-06-18T16:49:03.260209" level="INFO" html="true">Getting file '&lt;a href="file://C:\robotframework\robot_vsmart\import_doc_case\json\data_test\data1.json"&gt;C:\robotframework\robot_vsmart\import_doc_case\json\data_test\data1.json&lt;/a&gt;'.</msg>
<msg time="2025-06-18T16:49:03.260694" level="INFO">${json_string} = {
    "Informer": {
        "tpmap": "True",
        "informer_type": "1",
        "i_cid": "1231231231234",
        "i_prefix": "3",
        "i_firstname": "ทดสอบชื่อ",
        "i_last_name": "ทดสอบน...</msg>
<var>${json_string}</var>
<arg>${json_file}</arg>
<doc>Returns the contents of a specified file.</doc>
<status status="PASS" start="2025-06-18T16:49:03.260037" elapsed="0.000700"/>
</kw>
<kw name="Evaluate" owner="BuiltIn">
<msg time="2025-06-18T16:49:03.261595" level="INFO">${json_data} = {'Informer': {'tpmap': 'True', 'informer_type': '1', 'i_cid': '1231231231234', 'i_prefix': '3', 'i_firstname': 'ทดสอบชื่อ', 'i_last_name': 'ทดสอบนามสกุล', 'i_date': '1989-02-24', 'i_edu': '1', 'i_ethn...</msg>
<var>${json_data}</var>
<arg>json.loads('''${json_string}''')</arg>
<arg>json</arg>
<doc>Evaluates the given expression in Python and returns the result.</doc>
<status status="PASS" start="2025-06-18T16:49:03.260910" elapsed="0.000736"/>
</kw>
<return>
<value>${json_data}</value>
<status status="PASS" start="2025-06-18T16:49:03.261722" elapsed="0.000088"/>
</return>
<msg time="2025-06-18T16:49:03.262118" level="INFO">${data} = {'Informer': {'tpmap': 'True', 'informer_type': '1', 'i_cid': '1231231231234', 'i_prefix': '3', 'i_firstname': 'ทดสอบชื่อ', 'i_last_name': 'ทดสอบนามสกุล', 'i_date': '1989-02-24', 'i_edu': '1', 'i_ethn...</msg>
<var>${data}</var>
<arg>${DATA_FILE_PATH}data1.json</arg>
<status status="PASS" start="2025-06-18T16:49:03.259621" elapsed="0.002538"/>
</kw>
<kw name="Set Selenium Speed" owner="SeleniumLibrary">
<arg>${Delay}</arg>
<doc>Sets the delay that is waited after each Selenium command.</doc>
<status status="PASS" start="2025-06-18T16:49:03.262504" elapsed="0.000241"/>
</kw>
<kw name="Run Notebook And Get Variables" owner="NotebookLibrary">
<msg time="2025-06-18T16:49:03.697252" level="INFO">C:\robotframework
Libraly/data\thainames.json
Error: Libraly/data\thainames.json does not exist.</msg>
<msg time="2025-06-18T16:49:03.697359" level="INFO">C:\robotframework\venv\share\jupyter\nbconvert\templates\python\index.py.j2:61: UserWarning: IPython is needed to transform IPython syntax to pure Python. Install ipython if you need this functionality.</msg>
<msg time="2025-06-18T16:49:03.697701" level="INFO">${citizen_id} = None</msg>
<msg time="2025-06-18T16:49:03.697781" level="INFO">${firstname} = None</msg>
<msg time="2025-06-18T16:49:03.697830" level="INFO">${lastname} = None</msg>
<msg time="2025-06-18T16:49:03.697874" level="INFO">${prefix} = None</msg>
<var>${citizen_id}</var>
<var>${firstname}</var>
<var>${lastname}</var>
<var>${prefix}</var>
<arg>random_cid_name.ipynb</arg>
<status status="PASS" start="2025-06-18T16:49:03.263086" elapsed="0.434819"/>
</kw>
<kw name="Login Vsmart" owner="Login_Vsmart">
<kw name="Open Browser" owner="SeleniumLibrary">
<msg time="2025-06-18T16:49:03.699064" level="INFO">Opening browser 'Chrome' to base url 'http://127.0.0.1:8000/'.</msg>
<msg time="2025-06-18T16:49:09.225169" level="INFO" html="true">&lt;/td&gt;&lt;/tr&gt;&lt;tr&gt;&lt;td colspan="3"&gt;&lt;a href="selenium-screenshot-9.png"&gt;&lt;img src="selenium-screenshot-9.png" width="800px"&gt;&lt;/a&gt;</msg>
<msg time="2025-06-18T16:49:09.225425" level="FAIL">WebDriverException: Message: unknown error: net::ERR_CONNECTION_REFUSED
  (Session info: chrome=137.0.7151.104)
Stacktrace:
	GetHandleVerifier [0x0x7ff632adcda5+78885]
	GetHandleVerifier [0x0x7ff632adce00+78976]
	(No symbol) [0x0x7ff632899bca]
	(No symbol) [0x0x7ff6328965e2]
	(No symbol) [0x0x7ff632887319]
	(No symbol) [0x0x7ff6328890c1]
	(No symbol) [0x0x7ff632887636]
	(No symbol) [0x0x7ff632887096]
	(No symbol) [0x0x7ff632886d5a]
	(No symbol) [0x0x7ff63288492f]
	(No symbol) [0x0x7ff6328851ac]
	(No symbol) [0x0x7ff63289db7a]
	(No symbol) [0x0x7ff63294201e]
	(No symbol) [0x0x7ff632918b8a]
	(No symbol) [0x0x7ff63294122f]
	(No symbol) [0x0x7ff632918963]
	(No symbol) [0x0x7ff6328e16b1]
	(No symbol) [0x0x7ff6328e2443]
	GetHandleVerifier [0x0x7ff632db4eed+3061101]
	GetHandleVerifier [0x0x7ff632daf33d+3037629]
	GetHandleVerifier [0x0x7ff632dce592+3165202]
	GetHandleVerifier [0x0x7ff632af730e+186766]
	GetHandleVerifier [0x0x7ff632afeb3f+217535]
	GetHandleVerifier [0x0x7ff632ae59b4+114740]
	GetHandleVerifier [0x0x7ff632ae5b69+115177]
	GetHandleVerifier [0x0x7ff632acc368+10728]
	BaseThreadInitThunk [0x0x7ffb91dde8d7+23]
	RtlUserThreadStart [0x0x7ffb93f3c34c+44]
</msg>
<arg>http://127.0.0.1:8000/</arg>
<arg>Chrome</arg>
<doc>Opens a new browser instance to the optional ``url``.</doc>
<status status="FAIL" start="2025-06-18T16:49:03.698782" elapsed="5.528344">WebDriverException: Message: unknown error: net::ERR_CONNECTION_REFUSED
  (Session info: chrome=137.0.7151.104)
Stacktrace:
	GetHandleVerifier [0x0x7ff632adcda5+78885]
	GetHandleVerifier [0x0x7ff632adce00+78976]
	(No symbol) [0x0x7ff632899bca]
	(No symbol) [0x0x7ff6328965e2]
	(No symbol) [0x0x7ff632887319]
	(No symbol) [0x0x7ff6328890c1]
	(No symbol) [0x0x7ff632887636]
	(No symbol) [0x0x7ff632887096]
	(No symbol) [0x0x7ff632886d5a]
	(No symbol) [0x0x7ff63288492f]
	(No symbol) [0x0x7ff6328851ac]
	(No symbol) [0x0x7ff63289db7a]
	(No symbol) [0x0x7ff63294201e]
	(No symbol) [0x0x7ff632918b8a]
	(No symbol) [0x0x7ff63294122f]
	(No symbol) [0x0x7ff632918963]
	(No symbol) [0x0x7ff6328e16b1]
	(No symbol) [0x0x7ff6328e2443]
	GetHandleVerifier [0x0x7ff632db4eed+3061101]
	GetHandleVerifier [0x0x7ff632daf33d+3037629]
	GetHandleVerifier [0x0x7ff632dce592+3165202]
	GetHandleVerifier [0x0x7ff632af730e+186766]
	GetHandleVerifier [0x0x7ff632afeb3f+217535]
	GetHandleVerifier [0x0x7ff632ae59b4+114740]
	GetHandleVerifier [0x0x7ff632ae5b69+115177]
	GetHandleVerifier [0x0x7ff632acc368+10728]
	BaseThreadInitThunk [0x0x7ffb91dde8d7+23]
	RtlUserThreadStart [0x0x7ffb93f3c34c+44]
</status>
</kw>
<kw name="Sleep" owner="BuiltIn">
<arg>1s</arg>
<doc>Pauses the test executed for the given time.</doc>
<status status="NOT RUN" start="2025-06-18T16:49:09.227493" elapsed="0.000049"/>
</kw>
<kw name="Wait Until Element Is Visible" owner="SeleniumLibrary">
<arg>//*[@id="announcementModal"]</arg>
<doc>Waits until the element ``locator`` is visible.</doc>
<status status="NOT RUN" start="2025-06-18T16:49:09.227714" elapsed="0.000026"/>
</kw>
<kw name="Wait Until Element Is Visible" owner="SeleniumLibrary">
<arg>//*[@id="announcementModal"]/div/div/div[1]/button</arg>
<arg>timeout=20s</arg>
<doc>Waits until the element ``locator`` is visible.</doc>
<status status="NOT RUN" start="2025-06-18T16:49:09.227876" elapsed="0.000023"/>
</kw>
<kw name="Click Element" owner="SeleniumLibrary">
<arg>//*[@id="announcementModal"]/div/div/div[1]/button</arg>
<doc>Click the element identified by ``locator``.</doc>
<status status="NOT RUN" start="2025-06-18T16:49:09.228040" elapsed="0.000021"/>
</kw>
<kw name="Sleep" owner="BuiltIn">
<arg>2s</arg>
<doc>Pauses the test executed for the given time.</doc>
<status status="NOT RUN" start="2025-06-18T16:49:09.228185" elapsed="0.000021"/>
</kw>
<kw name="Input Username" owner="Login_Vsmart">
<arg>${Username}</arg>
<status status="NOT RUN" start="2025-06-18T16:49:09.228598" elapsed="0.000056"/>
</kw>
<kw name="Input Passwords" owner="Login_Vsmart">
<arg>${password}</arg>
<status status="NOT RUN" start="2025-06-18T16:49:09.228821" elapsed="0.000030"/>
</kw>
<kw name="Submit" owner="Login_Vsmart">
<status status="NOT RUN" start="2025-06-18T16:49:09.228978" elapsed="0.000024"/>
</kw>
<arg>icetest33</arg>
<arg>88888888</arg>
<status status="FAIL" start="2025-06-18T16:49:03.698312" elapsed="5.530825">WebDriverException: Message: unknown error: net::ERR_CONNECTION_REFUSED
  (Session info: chrome=137.0.7151.104)
Stacktrace:
	GetHandleVerifier [0x0x7ff632adcda5+78885]
	GetHandleVerifier [0x0x7ff632adce00+78976]
	(No symbol) [0x0x7ff632899bca]
	(No symbol) [0x0x7ff6328965e2]
	(No symbol) [0x0x7ff632887319]
	(No symbol) [0x0x7ff6328890c1]
	(No symbol) [0x0x7ff632887636]
	(No symbol) [0x0x7ff632887096]
	(No symbol) [0x0x7ff632886d5a]
	(No symbol) [0x0x7ff63288492f]
	(No symbol) [0x0x7ff6328851ac]
	(No symbol) [0x0x7ff63289db7a]
	(No symbol) [0x0x7ff63294201e]
	(No symbol) [0x0x7ff632918b8a]
	(No symbol) [0x0x7ff63294122f]
	(No symbol) [0x0x7ff632918963]
	(No symbol) [0x0x7ff6328e16b1]
	(No symbol) [0x0x7ff6328e2443]
	GetHandleVerifier [0x0x7ff632db4eed+3061101]
	GetHandleVerifier [0x0x7ff632daf33d+3037629]
	GetHandleVerifier [0x0x7ff632dce592+3165202]
	GetHandleVerifier [0x0x7ff632af730e+186766]
	GetHandleVerifier [0x0x7ff632afeb3f+217535]
	GetHandleVerifier [0x0x7ff632ae59b4+114740]
	GetHandleVerifier [0x0x7ff632ae5b69+115177]
	GetHandleVerifier [0x0x7ff632acc368+10728]
	BaseThreadInitThunk [0x0x7ffb91dde8d7+23]
	RtlUserThreadStart [0x0x7ffb93f3c34c+44]
</status>
</kw>
<kw name="Goto import doc case" owner="Import_Doc_Case">
<status status="NOT RUN" start="2025-06-18T16:49:09.229553" elapsed="0.000048"/>
</kw>
<kw name="Wait Until Keyword Succeeds" owner="BuiltIn">
<arg>1 min</arg>
<arg>100ms</arg>
<arg>Switch To New Window</arg>
<doc>Runs the specified keyword and retries if it fails.</doc>
<status status="NOT RUN" start="2025-06-18T16:49:09.229907" elapsed="0.000035"/>
</kw>
<kw name="Sleep" owner="BuiltIn">
<arg>3s</arg>
<doc>Pauses the test executed for the given time.</doc>
<status status="NOT RUN" start="2025-06-18T16:49:09.230204" elapsed="0.000038"/>
</kw>
<kw name="Execute Javascript" owner="SeleniumLibrary">
<arg>window.location.reload();</arg>
<doc>Executes the given JavaScript code with possible arguments.</doc>
<status status="NOT RUN" start="2025-06-18T16:49:09.230470" elapsed="0.000028"/>
</kw>
<kw name="Fill Informer Form From JSON" owner="Consent_Form">
<arg>${data}</arg>
<status status="NOT RUN" start="2025-06-18T16:49:09.230831" elapsed="0.000030"/>
</kw>
<kw name="Informer over 18 years old From JSON" owner="Informer">
<arg>${data}</arg>
<status status="NOT RUN" start="2025-06-18T16:49:09.231150" elapsed="0.000034"/>
</kw>
<kw name="Insert Family Memeber From JSON" owner="Family_Member">
<arg>${data}</arg>
<status status="NOT RUN" start="2025-06-18T16:49:09.231432" elapsed="0.000034"/>
</kw>
<kw name="Info About Informer From JSON" owner="Info_About_Informer">
<arg>${data}</arg>
<status status="NOT RUN" start="2025-06-18T16:49:09.231690" elapsed="0.000027"/>
</kw>
<kw name="Set Variable" owner="BuiltIn">
<var>${Type_Service}</var>
<arg>${data['TypeService']}</arg>
<doc>Returns the given values which can then be assigned to a variables.</doc>
<status status="NOT RUN" start="2025-06-18T16:49:09.231973" elapsed="0.000034"/>
</kw>
<kw name="Select Random Multiple Checkboxes By Name FORM FIVE With Json" owner="Checkbox_Form_Five">
<arg>${Type_Service}</arg>
<arg>modal_section5_</arg>
<status status="NOT RUN" start="2025-06-18T16:49:09.232391" elapsed="0.000032"/>
</kw>
<kw name="Wait Until Element Is Visible" owner="SeleniumLibrary">
<arg>xpath=//a[@id='icon_checked_6']</arg>
<doc>Waits until the element ``locator`` is visible.</doc>
<status status="NOT RUN" start="2025-06-18T16:49:09.232644" elapsed="0.000028"/>
</kw>
<kw name="Set Variable" owner="BuiltIn">
<var>${StatusProblem}</var>
<arg>${data['StatusProblem']}</arg>
<doc>Returns the given values which can then be assigned to a variables.</doc>
<status status="NOT RUN" start="2025-06-18T16:49:09.232855" elapsed="0.000033"/>
</kw>
<kw name="Select Random Multiple Checkboxes By Name FORM SIX With Json" owner="Checkbox_Form_Six">
<arg>${StatusProblem}</arg>
<arg>modal_section6_</arg>
<status status="NOT RUN" start="2025-06-18T16:49:09.233383" elapsed="0.000034"/>
</kw>
<kw name="Set Variable" owner="BuiltIn">
<var>${HelpingType}</var>
<arg>${data['HelpingType']}</arg>
<doc>Returns the given values which can then be assigned to a variables.</doc>
<status status="NOT RUN" start="2025-06-18T16:49:09.233669" elapsed="0.000035"/>
</kw>
<kw name="Select Random Multiple Checkboxes By Name FORM SEVEN With Json" owner="Checkbox_Form_Seven">
<arg>${HelpingType}</arg>
<arg>modal_section7_</arg>
<status status="NOT RUN" start="2025-06-18T16:49:09.234035" elapsed="0.000029"/>
</kw>
<kw name="Set Variable" owner="BuiltIn">
<var>${Benefit}</var>
<arg>${data['Benefit']}</arg>
<doc>Returns the given values which can then be assigned to a variables.</doc>
<status status="NOT RUN" start="2025-06-18T16:49:09.234329" elapsed="0.000042"/>
</kw>
<kw name="Select Random Multiple Checkboxes By Name FORM EIGHT With Json" owner="Checkbox_Form_Eight">
<arg>${Benefit}</arg>
<arg>modal_section8_</arg>
<status status="NOT RUN" start="2025-06-18T16:49:09.234741" elapsed="0.000038"/>
</kw>
<kw name="Set Variable" owner="BuiltIn">
<var>${VisitHome}</var>
<arg>${data['VisitHome']}</arg>
<doc>Returns the given values which can then be assigned to a variables.</doc>
<status status="NOT RUN" start="2025-06-18T16:49:09.235009" elapsed="0.000036"/>
</kw>
<kw name="Execute Javascript" owner="SeleniumLibrary">
<arg>document.querySelector('#s_housingconditions').value = '${VisitHome['s_housingconditions']}'</arg>
<arg>ARGUMENTS</arg>
<arg>1</arg>
<doc>Executes the given JavaScript code with possible arguments.</doc>
<status status="NOT RUN" start="2025-06-18T16:49:09.235334" elapsed="0.000044"/>
</kw>
<kw name="Execute Javascript" owner="SeleniumLibrary">
<arg>document.querySelector('#s_problem').value = '${VisitHome['s_problem']}'</arg>
<arg>ARGUMENTS</arg>
<arg>1</arg>
<doc>Executes the given JavaScript code with possible arguments.</doc>
<status status="NOT RUN" start="2025-06-18T16:49:09.235649" elapsed="0.000043"/>
</kw>
<kw name="Execute Javascript" owner="SeleniumLibrary">
<arg>document.querySelector('#s_comment').value = '${VisitHome['s_comment']}'</arg>
<arg>ARGUMENTS</arg>
<arg>1</arg>
<doc>Executes the given JavaScript code with possible arguments.</doc>
<status status="NOT RUN" start="2025-06-18T16:49:09.236306" elapsed="0.000048"/>
</kw>
<kw name="Select From List By Value" owner="SeleniumLibrary">
<arg>xpath=//select[@id='order_name']</arg>
<arg>${VisitHome['order_name']}</arg>
<doc>Selects options from selection list ``locator`` by ``values``.</doc>
<status status="NOT RUN" start="2025-06-18T16:49:09.236685" elapsed="0.000040"/>
</kw>
<kw name="Input Text" owner="SeleniumLibrary">
<arg>xpath=//input[@id='money_help']</arg>
<arg>${VisitHome['money_help']}</arg>
<doc>Types the given ``text`` into the text field identified by ``locator``.</doc>
<status status="NOT RUN" start="2025-06-18T16:49:09.237010" elapsed="0.000038"/>
</kw>
<kw name="Select From List By Value" owner="SeleniumLibrary">
<arg>xpath=//select[@id='transfer_money_type']</arg>
<arg>${VisitHome['transfer_money_type']}</arg>
<doc>Selects options from selection list ``locator`` by ``values``.</doc>
<status status="NOT RUN" start="2025-06-18T16:49:09.237326" elapsed="0.000035"/>
</kw>
<kw name="Select From List By Value" owner="SeleniumLibrary">
<arg>xpath=//select[@id='bank_name']</arg>
<arg>${VisitHome['bank_name']}</arg>
<doc>Selects options from selection list ``locator`` by ``values``.</doc>
<status status="NOT RUN" start="2025-06-18T16:49:09.237685" elapsed="0.000057"/>
</kw>
<kw name="Execute Javascript" owner="SeleniumLibrary">
<arg>document.querySelector('#bank_branch').value = '${VisitHome['bank_branch']}'</arg>
<arg>ARGUMENTS</arg>
<arg>1</arg>
<doc>Executes the given JavaScript code with possible arguments.</doc>
<status status="NOT RUN" start="2025-06-18T16:49:09.238093" elapsed="0.000035"/>
</kw>
<kw name="Execute Javascript" owner="SeleniumLibrary">
<arg>document.querySelector('#account_number').value = '${VisitHome['account_number']}'</arg>
<arg>ARGUMENTS</arg>
<arg>1</arg>
<doc>Executes the given JavaScript code with possible arguments.</doc>
<status status="NOT RUN" start="2025-06-18T16:49:09.238419" elapsed="0.000043"/>
</kw>
<kw name="Execute Javascript" owner="SeleniumLibrary">
<arg>document.querySelector('#account_name').value = '${VisitHome['account_name']}'</arg>
<arg>ARGUMENTS</arg>
<arg>1</arg>
<doc>Executes the given JavaScript code with possible arguments.</doc>
<status status="NOT RUN" start="2025-06-18T16:49:09.238735" elapsed="0.000034"/>
</kw>
<kw name="Select From List By Value" owner="SeleniumLibrary">
<arg>xpath=//select[@name='account_type']</arg>
<arg>${VisitHome['account_type']}</arg>
<doc>Selects options from selection list ``locator`` by ``values``.</doc>
<status status="NOT RUN" start="2025-06-18T16:49:09.239169" elapsed="0.000049"/>
</kw>
<kw name="Insert All Picture Inspect" owner="Home_inspect">
<status status="NOT RUN" start="2025-06-18T16:49:09.239589" elapsed="0.000044"/>
</kw>
<status status="FAIL" start="2025-06-18T16:49:03.257632" elapsed="5.982300">WebDriverException: Message: unknown error: net::ERR_CONNECTION_REFUSED
  (Session info: chrome=137.0.7151.104)
Stacktrace:
	GetHandleVerifier [0x0x7ff632adcda5+78885]
	GetHandleVerifier [0x0x7ff632adce00+78976]
	(No symbol) [0x0x7ff632899bca]
	(No symbol) [0x0x7ff6328965e2]
	(No symbol) [0x0x7ff632887319]
	(No symbol) [0x0x7ff6328890c1]
	(No symbol) [0x0x7ff632887636]
	(No symbol) [0x0x7ff632887096]
	(No symbol) [0x0x7ff632886d5a]
	(No symbol) [0x0x7ff63288492f]
	(No symbol) [0x0x7ff6328851ac]
	(No symbol) [0x0x7ff63289db7a]
	(No symbol) [0x0x7ff63294201e]
	(No symbol) [0x0x7ff632918b8a]
	(No symbol) [0x0x7ff63294122f]
	(No symbol) [0x0x7ff632918963]
	(No symbol) [0x0x7ff6328e16b1]
	(No symbol) [0x0x7ff6328e2443]
	GetHandleVerifier [0x0x7ff632db4eed+3061101]
	GetHandleVerifier [0x0x7ff632daf33d+3037629]
	GetHandleVerifier [0x0x7ff632dce592+3165202]
	GetHandleVerifier [0x0x7ff632af730e+186766]
	GetHandleVerifier [0x0x7ff632afeb3f+217535]
	GetHandleVerifier [0x0x7ff632ae59b4+114740]
	GetHandleVerifier [0x0x7ff632ae5b69+115177]
	GetHandleVerifier [0x0x7ff632acc368+10728]
	BaseThreadInitThunk [0x0x7ffb91dde8d7+23]
	RtlUserThreadStart [0x0x7ffb93f3c34c+44]
</status>
</test>
<status status="FAIL" start="2025-06-18T16:48:56.477544" elapsed="12.763591"/>
</suite>
<suite id="s1-s2" name="Main2" source="C:\robotframework\robot_vsmart\import_doc_case\main2.robot">
<test id="s1-s2-t1" name="JQuery Datepicker Date In Past" line="7">
<kw name="Load JQuery Theme Page">
<kw name="Open Browser" owner="SeleniumLibrary">
<msg time="2025-06-18T16:49:09.248111" level="INFO">Opening browser 'Chrome' to base url 'https://jqueryui.com/themeroller/'.</msg>
<arg>https://jqueryui.com/themeroller/</arg>
<arg>Chrome</arg>
<doc>Opens a new browser instance to the optional ``url``.</doc>
<status status="PASS" start="2025-06-18T16:49:09.247837" elapsed="3.072943"/>
</kw>
<kw name="Scroll Element Into View" owner="SeleniumLibrary">
<arg>id:datepicker</arg>
<doc>Scrolls the element identified by ``locator`` into view.</doc>
<status status="PASS" start="2025-06-18T16:49:12.321065" elapsed="0.299755"/>
</kw>
<kw name="Scroll Element Into View" owner="SeleniumLibrary">
<arg>id:progressbar</arg>
<doc>Scrolls the element identified by ``locator`` into view.</doc>
<status status="PASS" start="2025-06-18T16:49:12.621059" elapsed="0.296813"/>
</kw>
<status status="PASS" start="2025-06-18T16:49:09.247430" elapsed="3.670655"/>
</kw>
<kw name="Select Date From DatePicker">
<kw name="Evaluate" owner="BuiltIn">
<msg time="2025-06-18T16:49:12.919393" level="INFO">${NewYear} = 2020</msg>
<msg time="2025-06-18T16:49:12.919457" level="INFO">${NewMonth} = 01</msg>
<msg time="2025-06-18T16:49:12.919499" level="INFO">${NewDay} = 01</msg>
<var>${NewYear}</var>
<var>${NewMonth}</var>
<var>${NewDay}</var>
<arg>"${NewDate}".split("-")</arg>
<doc>Evaluates the given expression in Python and returns the result.</doc>
<status status="PASS" start="2025-06-18T16:49:12.919059" elapsed="0.000468"/>
</kw>
<kw name="Convert To Integer" owner="BuiltIn">
<msg time="2025-06-18T16:49:12.919931" level="INFO">${NewMonth} = 1</msg>
<var>${NewMonth}</var>
<arg>${NewMonth}</arg>
<doc>Converts the given item to an integer number.</doc>
<status status="PASS" start="2025-06-18T16:49:12.919670" elapsed="0.000322"/>
</kw>
<kw name="Convert To Integer" owner="BuiltIn">
<msg time="2025-06-18T16:49:12.920436" level="INFO">${NewDay} = 1</msg>
<var>${NewDay}</var>
<arg>${NewDay}</arg>
<doc>Converts the given item to an integer number.</doc>
<status status="PASS" start="2025-06-18T16:49:12.920175" elapsed="0.000303"/>
</kw>
<kw name="Wait Until Keyword Succeeds" owner="BuiltIn">
<kw name="Move DatePicker To Year">
<kw name="DatePicker Current Year">
<kw name="Get Text" owner="SeleniumLibrary">
<msg time="2025-06-18T16:49:12.944610" level="INFO">${DPYear} = 2025</msg>
<var>${DPYear}</var>
<arg>//div[@id="datepicker"]//span[@class="ui-datepicker-year"]</arg>
<doc>Returns the text value of the element identified by ``locator``.</doc>
<status status="PASS" start="2025-06-18T16:49:12.921795" elapsed="0.022893"/>
</kw>
<return>
<value>${DPYear}</value>
<status status="PASS" start="2025-06-18T16:49:12.944825" elapsed="0.000093"/>
</return>
<msg time="2025-06-18T16:49:12.945115" level="INFO">${CurrYear} = 2025</msg>
<var>${CurrYear}</var>
<status status="PASS" start="2025-06-18T16:49:12.921486" elapsed="0.023661"/>
</kw>
<kw name="Run Keyword If" owner="BuiltIn">
<arg>${NewYear}&gt;${CurrYear}</arg>
<arg>DatePicker Click Next Month</arg>
<doc>Runs the given keyword with the given arguments, if ``condition`` is true.</doc>
<status status="PASS" start="2025-06-18T16:49:12.945313" elapsed="0.000277"/>
</kw>
<kw name="Run Keyword If" owner="BuiltIn">
<kw name="DatePicker Click Prev Month">
<kw name="Click Link" owner="SeleniumLibrary">
<msg time="2025-06-18T16:49:12.946509" level="INFO">Clicking link '//div[@id="datepicker"]//a[@title="Prev"]'.</msg>
<arg>//div[@id="datepicker"]//a[@title="Prev"]</arg>
<doc>Clicks a link identified by ``locator``.</doc>
<status status="PASS" start="2025-06-18T16:49:12.946319" elapsed="0.073845"/>
</kw>
<status status="PASS" start="2025-06-18T16:49:12.946049" elapsed="0.074269"/>
</kw>
<arg>${NewYear}&lt;${CurrYear}</arg>
<arg>DatePicker Click Prev Month</arg>
<doc>Runs the given keyword with the given arguments, if ``condition`` is true.</doc>
<status status="PASS" start="2025-06-18T16:49:12.945758" elapsed="0.074622"/>
</kw>
<kw name="DatePicker Current Year">
<kw name="Get Text" owner="SeleniumLibrary">
<msg time="2025-06-18T16:49:13.052008" level="INFO">${DPYear} = 2025</msg>
<var>${DPYear}</var>
<arg>//div[@id="datepicker"]//span[@class="ui-datepicker-year"]</arg>
<doc>Returns the text value of the element identified by ``locator``.</doc>
<status status="PASS" start="2025-06-18T16:49:13.020922" elapsed="0.031158"/>
</kw>
<return>
<value>${DPYear}</value>
<status status="PASS" start="2025-06-18T16:49:13.052178" elapsed="0.000076"/>
</return>
<msg time="2025-06-18T16:49:13.052414" level="INFO">${CurrYear} = 2025</msg>
<var>${CurrYear}</var>
<status status="PASS" start="2025-06-18T16:49:13.020613" elapsed="0.031834"/>
</kw>
<kw name="Should Be Equal As Numbers" owner="BuiltIn">
<msg time="2025-06-18T16:49:13.052866" level="FAIL">2025.0 != 2020.0</msg>
<arg>${CurrYear}</arg>
<arg>${NewYear}</arg>
<doc>Fails if objects are unequal after converting them to real numbers.</doc>
<status status="FAIL" start="2025-06-18T16:49:13.052594" elapsed="0.000368">2025.0 != 2020.0</status>
</kw>
<arg>${NewYear}</arg>
<status status="FAIL" start="2025-06-18T16:49:12.921064" elapsed="0.132151">2025.0 != 2020.0</status>
</kw>
<kw name="Move DatePicker To Year">
<kw name="DatePicker Current Year">
<kw name="Get Text" owner="SeleniumLibrary">
<msg time="2025-06-18T16:49:13.166751" level="INFO">${DPYear} = 2025</msg>
<var>${DPYear}</var>
<arg>//div[@id="datepicker"]//span[@class="ui-datepicker-year"]</arg>
<doc>Returns the text value of the element identified by ``locator``.</doc>
<status status="PASS" start="2025-06-18T16:49:13.154490" elapsed="0.012307"/>
</kw>
<return>
<value>${DPYear}</value>
<status status="PASS" start="2025-06-18T16:49:13.166899" elapsed="0.000066"/>
</return>
<msg time="2025-06-18T16:49:13.167113" level="INFO">${CurrYear} = 2025</msg>
<var>${CurrYear}</var>
<status status="PASS" start="2025-06-18T16:49:13.154322" elapsed="0.012819"/>
</kw>
<kw name="Run Keyword If" owner="BuiltIn">
<arg>${NewYear}&gt;${CurrYear}</arg>
<arg>DatePicker Click Next Month</arg>
<doc>Runs the given keyword with the given arguments, if ``condition`` is true.</doc>
<status status="PASS" start="2025-06-18T16:49:13.167273" elapsed="0.000211"/>
</kw>
<kw name="Run Keyword If" owner="BuiltIn">
<kw name="DatePicker Click Prev Month">
<kw name="Click Link" owner="SeleniumLibrary">
<msg time="2025-06-18T16:49:13.168196" level="INFO">Clicking link '//div[@id="datepicker"]//a[@title="Prev"]'.</msg>
<arg>//div[@id="datepicker"]//a[@title="Prev"]</arg>
<doc>Clicks a link identified by ``locator``.</doc>
<status status="PASS" start="2025-06-18T16:49:13.168041" elapsed="0.052140"/>
</kw>
<status status="PASS" start="2025-06-18T16:49:13.167847" elapsed="0.052493"/>
</kw>
<arg>${NewYear}&lt;${CurrYear}</arg>
<arg>DatePicker Click Prev Month</arg>
<doc>Runs the given keyword with the given arguments, if ``condition`` is true.</doc>
<status status="PASS" start="2025-06-18T16:49:13.167604" elapsed="0.052807"/>
</kw>
<kw name="DatePicker Current Year">
<kw name="Get Text" owner="SeleniumLibrary">
<msg time="2025-06-18T16:49:13.232915" level="INFO">${DPYear} = 2025</msg>
<var>${DPYear}</var>
<arg>//div[@id="datepicker"]//span[@class="ui-datepicker-year"]</arg>
<doc>Returns the text value of the element identified by ``locator``.</doc>
<status status="PASS" start="2025-06-18T16:49:13.220990" elapsed="0.011970"/>
</kw>
<return>
<value>${DPYear}</value>
<status status="PASS" start="2025-06-18T16:49:13.233041" elapsed="0.000066"/>
</return>
<msg time="2025-06-18T16:49:13.233227" level="INFO">${CurrYear} = 2025</msg>
<var>${CurrYear}</var>
<status status="PASS" start="2025-06-18T16:49:13.220646" elapsed="0.012601"/>
</kw>
<kw name="Should Be Equal As Numbers" owner="BuiltIn">
<msg time="2025-06-18T16:49:13.233593" level="FAIL">2025.0 != 2020.0</msg>
<arg>${CurrYear}</arg>
<arg>${NewYear}</arg>
<doc>Fails if objects are unequal after converting them to real numbers.</doc>
<status status="FAIL" start="2025-06-18T16:49:13.233374" elapsed="0.000279">2025.0 != 2020.0</status>
</kw>
<arg>${NewYear}</arg>
<status status="FAIL" start="2025-06-18T16:49:13.154001" elapsed="0.079740">2025.0 != 2020.0</status>
</kw>
<kw name="Move DatePicker To Year">
<kw name="DatePicker Current Year">
<kw name="Get Text" owner="SeleniumLibrary">
<msg time="2025-06-18T16:49:13.350767" level="INFO">${DPYear} = 2025</msg>
<var>${DPYear}</var>
<arg>//div[@id="datepicker"]//span[@class="ui-datepicker-year"]</arg>
<doc>Returns the text value of the element identified by ``locator``.</doc>
<status status="PASS" start="2025-06-18T16:49:13.335802" elapsed="0.015028"/>
</kw>
<return>
<value>${DPYear}</value>
<status status="PASS" start="2025-06-18T16:49:13.350947" elapsed="0.000076"/>
</return>
<msg time="2025-06-18T16:49:13.351203" level="INFO">${CurrYear} = 2025</msg>
<var>${CurrYear}</var>
<status status="PASS" start="2025-06-18T16:49:13.335436" elapsed="0.015799"/>
</kw>
<kw name="Run Keyword If" owner="BuiltIn">
<arg>${NewYear}&gt;${CurrYear}</arg>
<arg>DatePicker Click Next Month</arg>
<doc>Runs the given keyword with the given arguments, if ``condition`` is true.</doc>
<status status="PASS" start="2025-06-18T16:49:13.351433" elapsed="0.000307"/>
</kw>
<kw name="Run Keyword If" owner="BuiltIn">
<kw name="DatePicker Click Prev Month">
<kw name="Click Link" owner="SeleniumLibrary">
<msg time="2025-06-18T16:49:13.352968" level="INFO">Clicking link '//div[@id="datepicker"]//a[@title="Prev"]'.</msg>
<arg>//div[@id="datepicker"]//a[@title="Prev"]</arg>
<doc>Clicks a link identified by ``locator``.</doc>
<status status="PASS" start="2025-06-18T16:49:13.352756" elapsed="0.045941"/>
</kw>
<status status="PASS" start="2025-06-18T16:49:13.352481" elapsed="0.046381"/>
</kw>
<arg>${NewYear}&lt;${CurrYear}</arg>
<arg>DatePicker Click Prev Month</arg>
<doc>Runs the given keyword with the given arguments, if ``condition`` is true.</doc>
<status status="PASS" start="2025-06-18T16:49:13.352102" elapsed="0.046826"/>
</kw>
<kw name="DatePicker Current Year">
<kw name="Get Text" owner="SeleniumLibrary">
<msg time="2025-06-18T16:49:13.411625" level="INFO">${DPYear} = 2025</msg>
<var>${DPYear}</var>
<arg>//div[@id="datepicker"]//span[@class="ui-datepicker-year"]</arg>
<doc>Returns the text value of the element identified by ``locator``.</doc>
<status status="PASS" start="2025-06-18T16:49:13.399530" elapsed="0.012161"/>
</kw>
<return>
<value>${DPYear}</value>
<status status="PASS" start="2025-06-18T16:49:13.411806" elapsed="0.000079"/>
</return>
<msg time="2025-06-18T16:49:13.412071" level="INFO">${CurrYear} = 2025</msg>
<var>${CurrYear}</var>
<status status="PASS" start="2025-06-18T16:49:13.399207" elapsed="0.012896"/>
</kw>
<kw name="Should Be Equal As Numbers" owner="BuiltIn">
<msg time="2025-06-18T16:49:13.412574" level="FAIL">2025.0 != 2020.0</msg>
<arg>${CurrYear}</arg>
<arg>${NewYear}</arg>
<doc>Fails if objects are unequal after converting them to real numbers.</doc>
<status status="FAIL" start="2025-06-18T16:49:13.412267" elapsed="0.000398">2025.0 != 2020.0</status>
</kw>
<arg>${NewYear}</arg>
<status status="FAIL" start="2025-06-18T16:49:13.334785" elapsed="0.078020">2025.0 != 2020.0</status>
</kw>
<kw name="Move DatePicker To Year">
<kw name="DatePicker Current Year">
<kw name="Get Text" owner="SeleniumLibrary">
<msg time="2025-06-18T16:49:13.526325" level="INFO">${DPYear} = 2025</msg>
<var>${DPYear}</var>
<arg>//div[@id="datepicker"]//span[@class="ui-datepicker-year"]</arg>
<doc>Returns the text value of the element identified by ``locator``.</doc>
<status status="PASS" start="2025-06-18T16:49:13.514248" elapsed="0.012122"/>
</kw>
<return>
<value>${DPYear}</value>
<status status="PASS" start="2025-06-18T16:49:13.526447" elapsed="0.000050"/>
</return>
<msg time="2025-06-18T16:49:13.526610" level="INFO">${CurrYear} = 2025</msg>
<var>${CurrYear}</var>
<status status="PASS" start="2025-06-18T16:49:13.514056" elapsed="0.012575"/>
</kw>
<kw name="Run Keyword If" owner="BuiltIn">
<arg>${NewYear}&gt;${CurrYear}</arg>
<arg>DatePicker Click Next Month</arg>
<doc>Runs the given keyword with the given arguments, if ``condition`` is true.</doc>
<status status="PASS" start="2025-06-18T16:49:13.526744" elapsed="0.000178"/>
</kw>
<kw name="Run Keyword If" owner="BuiltIn">
<kw name="DatePicker Click Prev Month">
<kw name="Click Link" owner="SeleniumLibrary">
<msg time="2025-06-18T16:49:13.527497" level="INFO">Clicking link '//div[@id="datepicker"]//a[@title="Prev"]'.</msg>
<arg>//div[@id="datepicker"]//a[@title="Prev"]</arg>
<doc>Clicks a link identified by ``locator``.</doc>
<status status="PASS" start="2025-06-18T16:49:13.527370" elapsed="0.062469"/>
</kw>
<status status="PASS" start="2025-06-18T16:49:13.527207" elapsed="0.062797"/>
</kw>
<arg>${NewYear}&lt;${CurrYear}</arg>
<arg>DatePicker Click Prev Month</arg>
<doc>Runs the given keyword with the given arguments, if ``condition`` is true.</doc>
<status status="PASS" start="2025-06-18T16:49:13.527018" elapsed="0.063052"/>
</kw>
<kw name="DatePicker Current Year">
<kw name="Get Text" owner="SeleniumLibrary">
<msg time="2025-06-18T16:49:13.607076" level="INFO">${DPYear} = 2025</msg>
<var>${DPYear}</var>
<arg>//div[@id="datepicker"]//span[@class="ui-datepicker-year"]</arg>
<doc>Returns the text value of the element identified by ``locator``.</doc>
<status status="PASS" start="2025-06-18T16:49:13.590798" elapsed="0.016360"/>
</kw>
<return>
<value>${DPYear}</value>
<status status="PASS" start="2025-06-18T16:49:13.607302" elapsed="0.000079"/>
</return>
<msg time="2025-06-18T16:49:13.607568" level="INFO">${CurrYear} = 2025</msg>
<var>${CurrYear}</var>
<status status="PASS" start="2025-06-18T16:49:13.590314" elapsed="0.017290"/>
</kw>
<kw name="Should Be Equal As Numbers" owner="BuiltIn">
<msg time="2025-06-18T16:49:13.608071" level="FAIL">2025.0 != 2020.0</msg>
<arg>${CurrYear}</arg>
<arg>${NewYear}</arg>
<doc>Fails if objects are unequal after converting them to real numbers.</doc>
<status status="FAIL" start="2025-06-18T16:49:13.607769" elapsed="0.000393">2025.0 != 2020.0</status>
</kw>
<arg>${NewYear}</arg>
<status status="FAIL" start="2025-06-18T16:49:13.513567" elapsed="0.094756">2025.0 != 2020.0</status>
</kw>
<kw name="Move DatePicker To Year">
<kw name="DatePicker Current Year">
<kw name="Get Text" owner="SeleniumLibrary">
<msg time="2025-06-18T16:49:13.722622" level="INFO">${DPYear} = 2025</msg>
<var>${DPYear}</var>
<arg>//div[@id="datepicker"]//span[@class="ui-datepicker-year"]</arg>
<doc>Returns the text value of the element identified by ``locator``.</doc>
<status status="PASS" start="2025-06-18T16:49:13.710145" elapsed="0.012523"/>
</kw>
<return>
<value>${DPYear}</value>
<status status="PASS" start="2025-06-18T16:49:13.722768" elapsed="0.000054"/>
</return>
<msg time="2025-06-18T16:49:13.722966" level="INFO">${CurrYear} = 2025</msg>
<var>${CurrYear}</var>
<status status="PASS" start="2025-06-18T16:49:13.709780" elapsed="0.013215"/>
</kw>
<kw name="Run Keyword If" owner="BuiltIn">
<arg>${NewYear}&gt;${CurrYear}</arg>
<arg>DatePicker Click Next Month</arg>
<doc>Runs the given keyword with the given arguments, if ``condition`` is true.</doc>
<status status="PASS" start="2025-06-18T16:49:13.723131" elapsed="0.000265"/>
</kw>
<kw name="Run Keyword If" owner="BuiltIn">
<kw name="DatePicker Click Prev Month">
<kw name="Click Link" owner="SeleniumLibrary">
<msg time="2025-06-18T16:49:13.724127" level="INFO">Clicking link '//div[@id="datepicker"]//a[@title="Prev"]'.</msg>
<arg>//div[@id="datepicker"]//a[@title="Prev"]</arg>
<doc>Clicks a link identified by ``locator``.</doc>
<status status="PASS" start="2025-06-18T16:49:13.723992" elapsed="0.045088"/>
</kw>
<status status="PASS" start="2025-06-18T16:49:13.723774" elapsed="0.045468"/>
</kw>
<arg>${NewYear}&lt;${CurrYear}</arg>
<arg>DatePicker Click Prev Month</arg>
<doc>Runs the given keyword with the given arguments, if ``condition`` is true.</doc>
<status status="PASS" start="2025-06-18T16:49:13.723516" elapsed="0.045801"/>
</kw>
<kw name="DatePicker Current Year">
<kw name="Get Text" owner="SeleniumLibrary">
<msg time="2025-06-18T16:49:13.781904" level="INFO">${DPYear} = 2025</msg>
<var>${DPYear}</var>
<arg>//div[@id="datepicker"]//span[@class="ui-datepicker-year"]</arg>
<doc>Returns the text value of the element identified by ``locator``.</doc>
<status status="PASS" start="2025-06-18T16:49:13.769901" elapsed="0.012066"/>
</kw>
<return>
<value>${DPYear}</value>
<status status="PASS" start="2025-06-18T16:49:13.782080" elapsed="0.000075"/>
</return>
<msg time="2025-06-18T16:49:13.782329" level="INFO">${CurrYear} = 2025</msg>
<var>${CurrYear}</var>
<status status="PASS" start="2025-06-18T16:49:13.769560" elapsed="0.012804"/>
</kw>
<kw name="Should Be Equal As Numbers" owner="BuiltIn">
<msg time="2025-06-18T16:49:13.782818" level="FAIL">2025.0 != 2020.0</msg>
<arg>${CurrYear}</arg>
<arg>${NewYear}</arg>
<doc>Fails if objects are unequal after converting them to real numbers.</doc>
<status status="FAIL" start="2025-06-18T16:49:13.782524" elapsed="0.000383">2025.0 != 2020.0</status>
</kw>
<arg>${NewYear}</arg>
<status status="FAIL" start="2025-06-18T16:49:13.709249" elapsed="0.073792">2025.0 != 2020.0</status>
</kw>
<kw name="Move DatePicker To Year">
<kw name="DatePicker Current Year">
<kw name="Get Text" owner="SeleniumLibrary">
<msg time="2025-06-18T16:49:13.904424" level="INFO">${DPYear} = 2025</msg>
<var>${DPYear}</var>
<arg>//div[@id="datepicker"]//span[@class="ui-datepicker-year"]</arg>
<doc>Returns the text value of the element identified by ``locator``.</doc>
<status status="PASS" start="2025-06-18T16:49:13.884528" elapsed="0.019985"/>
</kw>
<return>
<value>${DPYear}</value>
<status status="PASS" start="2025-06-18T16:49:13.904681" elapsed="0.000104"/>
</return>
<msg time="2025-06-18T16:49:13.905064" level="INFO">${CurrYear} = 2025</msg>
<var>${CurrYear}</var>
<status status="PASS" start="2025-06-18T16:49:13.884289" elapsed="0.020837"/>
</kw>
<kw name="Run Keyword If" owner="BuiltIn">
<arg>${NewYear}&gt;${CurrYear}</arg>
<arg>DatePicker Click Next Month</arg>
<doc>Runs the given keyword with the given arguments, if ``condition`` is true.</doc>
<status status="PASS" start="2025-06-18T16:49:13.905422" elapsed="0.000407"/>
</kw>
<kw name="Run Keyword If" owner="BuiltIn">
<kw name="DatePicker Click Prev Month">
<kw name="Click Link" owner="SeleniumLibrary">
<msg time="2025-06-18T16:49:13.907196" level="INFO">Clicking link '//div[@id="datepicker"]//a[@title="Prev"]'.</msg>
<arg>//div[@id="datepicker"]//a[@title="Prev"]</arg>
<doc>Clicks a link identified by ``locator``.</doc>
<status status="PASS" start="2025-06-18T16:49:13.906945" elapsed="0.045510"/>
</kw>
<status status="PASS" start="2025-06-18T16:49:13.906541" elapsed="0.046060"/>
</kw>
<arg>${NewYear}&lt;${CurrYear}</arg>
<arg>DatePicker Click Prev Month</arg>
<doc>Runs the given keyword with the given arguments, if ``condition`` is true.</doc>
<status status="PASS" start="2025-06-18T16:49:13.906075" elapsed="0.046587"/>
</kw>
<kw name="DatePicker Current Year">
<kw name="Get Text" owner="SeleniumLibrary">
<msg time="2025-06-18T16:49:13.964799" level="INFO">${DPYear} = 2024</msg>
<var>${DPYear}</var>
<arg>//div[@id="datepicker"]//span[@class="ui-datepicker-year"]</arg>
<doc>Returns the text value of the element identified by ``locator``.</doc>
<status status="PASS" start="2025-06-18T16:49:13.953176" elapsed="0.011689"/>
</kw>
<return>
<value>${DPYear}</value>
<status status="PASS" start="2025-06-18T16:49:13.964976" elapsed="0.000074"/>
</return>
<msg time="2025-06-18T16:49:13.965234" level="INFO">${CurrYear} = 2024</msg>
<var>${CurrYear}</var>
<status status="PASS" start="2025-06-18T16:49:13.952880" elapsed="0.012386"/>
</kw>
<kw name="Should Be Equal As Numbers" owner="BuiltIn">
<msg time="2025-06-18T16:49:13.965734" level="FAIL">2024.0 != 2020.0</msg>
<arg>${CurrYear}</arg>
<arg>${NewYear}</arg>
<doc>Fails if objects are unequal after converting them to real numbers.</doc>
<status status="FAIL" start="2025-06-18T16:49:13.965427" elapsed="0.000399">2024.0 != 2020.0</status>
</kw>
<arg>${NewYear}</arg>
<status status="FAIL" start="2025-06-18T16:49:13.883781" elapsed="0.082186">2024.0 != 2020.0</status>
</kw>
<kw name="Move DatePicker To Year">
<kw name="DatePicker Current Year">
<kw name="Get Text" owner="SeleniumLibrary">
<msg time="2025-06-18T16:49:14.081868" level="INFO">${DPYear} = 2024</msg>
<var>${DPYear}</var>
<arg>//div[@id="datepicker"]//span[@class="ui-datepicker-year"]</arg>
<doc>Returns the text value of the element identified by ``locator``.</doc>
<status status="PASS" start="2025-06-18T16:49:14.068795" elapsed="0.013129"/>
</kw>
<return>
<value>${DPYear}</value>
<status status="PASS" start="2025-06-18T16:49:14.082037" elapsed="0.000076"/>
</return>
<msg time="2025-06-18T16:49:14.082289" level="INFO">${CurrYear} = 2024</msg>
<var>${CurrYear}</var>
<status status="PASS" start="2025-06-18T16:49:14.067974" elapsed="0.014348"/>
</kw>
<kw name="Run Keyword If" owner="BuiltIn">
<arg>${NewYear}&gt;${CurrYear}</arg>
<arg>DatePicker Click Next Month</arg>
<doc>Runs the given keyword with the given arguments, if ``condition`` is true.</doc>
<status status="PASS" start="2025-06-18T16:49:14.082459" elapsed="0.000177"/>
</kw>
<kw name="Run Keyword If" owner="BuiltIn">
<kw name="DatePicker Click Prev Month">
<kw name="Click Link" owner="SeleniumLibrary">
<msg time="2025-06-18T16:49:14.083299" level="INFO">Clicking link '//div[@id="datepicker"]//a[@title="Prev"]'.</msg>
<arg>//div[@id="datepicker"]//a[@title="Prev"]</arg>
<doc>Clicks a link identified by ``locator``.</doc>
<status status="PASS" start="2025-06-18T16:49:14.083172" elapsed="0.045617"/>
</kw>
<status status="PASS" start="2025-06-18T16:49:14.083008" elapsed="0.045885"/>
</kw>
<arg>${NewYear}&lt;${CurrYear}</arg>
<arg>DatePicker Click Prev Month</arg>
<doc>Runs the given keyword with the given arguments, if ``condition`` is true.</doc>
<status status="PASS" start="2025-06-18T16:49:14.082790" elapsed="0.046147"/>
</kw>
<kw name="DatePicker Current Year">
<kw name="Get Text" owner="SeleniumLibrary">
<msg time="2025-06-18T16:49:14.140890" level="INFO">${DPYear} = 2024</msg>
<var>${DPYear}</var>
<arg>//div[@id="datepicker"]//span[@class="ui-datepicker-year"]</arg>
<doc>Returns the text value of the element identified by ``locator``.</doc>
<status status="PASS" start="2025-06-18T16:49:14.129373" elapsed="0.011599"/>
</kw>
<return>
<value>${DPYear}</value>
<status status="PASS" start="2025-06-18T16:49:14.141091" elapsed="0.000075"/>
</return>
<msg time="2025-06-18T16:49:14.141348" level="INFO">${CurrYear} = 2024</msg>
<var>${CurrYear}</var>
<status status="PASS" start="2025-06-18T16:49:14.129104" elapsed="0.012277"/>
</kw>
<kw name="Should Be Equal As Numbers" owner="BuiltIn">
<msg time="2025-06-18T16:49:14.141833" level="FAIL">2024.0 != 2020.0</msg>
<arg>${CurrYear}</arg>
<arg>${NewYear}</arg>
<doc>Fails if objects are unequal after converting them to real numbers.</doc>
<status status="FAIL" start="2025-06-18T16:49:14.141544" elapsed="0.000357">2024.0 != 2020.0</status>
</kw>
<arg>${NewYear}</arg>
<status status="FAIL" start="2025-06-18T16:49:14.067056" elapsed="0.074964">2024.0 != 2020.0</status>
</kw>
<kw name="Move DatePicker To Year">
<kw name="DatePicker Current Year">
<kw name="Get Text" owner="SeleniumLibrary">
<msg time="2025-06-18T16:49:14.257063" level="INFO">${DPYear} = 2024</msg>
<var>${DPYear}</var>
<arg>//div[@id="datepicker"]//span[@class="ui-datepicker-year"]</arg>
<doc>Returns the text value of the element identified by ``locator``.</doc>
<status status="PASS" start="2025-06-18T16:49:14.244015" elapsed="0.013094"/>
</kw>
<return>
<value>${DPYear}</value>
<status status="PASS" start="2025-06-18T16:49:14.257203" elapsed="0.000056"/>
</return>
<msg time="2025-06-18T16:49:14.257395" level="INFO">${CurrYear} = 2024</msg>
<var>${CurrYear}</var>
<status status="PASS" start="2025-06-18T16:49:14.243698" elapsed="0.013722"/>
</kw>
<kw name="Run Keyword If" owner="BuiltIn">
<arg>${NewYear}&gt;${CurrYear}</arg>
<arg>DatePicker Click Next Month</arg>
<doc>Runs the given keyword with the given arguments, if ``condition`` is true.</doc>
<status status="PASS" start="2025-06-18T16:49:14.257565" elapsed="0.000212"/>
</kw>
<kw name="Run Keyword If" owner="BuiltIn">
<kw name="DatePicker Click Prev Month">
<kw name="Click Link" owner="SeleniumLibrary">
<msg time="2025-06-18T16:49:14.258526" level="INFO">Clicking link '//div[@id="datepicker"]//a[@title="Prev"]'.</msg>
<arg>//div[@id="datepicker"]//a[@title="Prev"]</arg>
<doc>Clicks a link identified by ``locator``.</doc>
<status status="PASS" start="2025-06-18T16:49:14.258377" elapsed="0.047373"/>
</kw>
<status status="PASS" start="2025-06-18T16:49:14.258179" elapsed="0.047677"/>
</kw>
<arg>${NewYear}&lt;${CurrYear}</arg>
<arg>DatePicker Click Prev Month</arg>
<doc>Runs the given keyword with the given arguments, if ``condition`` is true.</doc>
<status status="PASS" start="2025-06-18T16:49:14.257923" elapsed="0.047977"/>
</kw>
<kw name="DatePicker Current Year">
<kw name="Get Text" owner="SeleniumLibrary">
<msg time="2025-06-18T16:49:14.318631" level="INFO">${DPYear} = 2024</msg>
<var>${DPYear}</var>
<arg>//div[@id="datepicker"]//span[@class="ui-datepicker-year"]</arg>
<doc>Returns the text value of the element identified by ``locator``.</doc>
<status status="PASS" start="2025-06-18T16:49:14.306329" elapsed="0.012376"/>
</kw>
<return>
<value>${DPYear}</value>
<status status="PASS" start="2025-06-18T16:49:14.318820" elapsed="0.000066"/>
</return>
<msg time="2025-06-18T16:49:14.319055" level="INFO">${CurrYear} = 2024</msg>
<var>${CurrYear}</var>
<status status="PASS" start="2025-06-18T16:49:14.306056" elapsed="0.013022"/>
</kw>
<kw name="Should Be Equal As Numbers" owner="BuiltIn">
<msg time="2025-06-18T16:49:14.319537" level="FAIL">2024.0 != 2020.0</msg>
<arg>${CurrYear}</arg>
<arg>${NewYear}</arg>
<doc>Fails if objects are unequal after converting them to real numbers.</doc>
<status status="FAIL" start="2025-06-18T16:49:14.319206" elapsed="0.000399">2024.0 != 2020.0</status>
</kw>
<arg>${NewYear}</arg>
<status status="FAIL" start="2025-06-18T16:49:14.243084" elapsed="0.076622">2024.0 != 2020.0</status>
</kw>
<kw name="Move DatePicker To Year">
<kw name="DatePicker Current Year">
<kw name="Get Text" owner="SeleniumLibrary">
<msg time="2025-06-18T16:49:14.432774" level="INFO">${DPYear} = 2024</msg>
<var>${DPYear}</var>
<arg>//div[@id="datepicker"]//span[@class="ui-datepicker-year"]</arg>
<doc>Returns the text value of the element identified by ``locator``.</doc>
<status status="PASS" start="2025-06-18T16:49:14.421021" elapsed="0.011795"/>
</kw>
<return>
<value>${DPYear}</value>
<status status="PASS" start="2025-06-18T16:49:14.432894" elapsed="0.000060"/>
</return>
<msg time="2025-06-18T16:49:14.433106" level="INFO">${CurrYear} = 2024</msg>
<var>${CurrYear}</var>
<status status="PASS" start="2025-06-18T16:49:14.420863" elapsed="0.012270"/>
</kw>
<kw name="Run Keyword If" owner="BuiltIn">
<arg>${NewYear}&gt;${CurrYear}</arg>
<arg>DatePicker Click Next Month</arg>
<doc>Runs the given keyword with the given arguments, if ``condition`` is true.</doc>
<status status="PASS" start="2025-06-18T16:49:14.433266" elapsed="0.000208"/>
</kw>
<kw name="Run Keyword If" owner="BuiltIn">
<kw name="DatePicker Click Prev Month">
<kw name="Click Link" owner="SeleniumLibrary">
<msg time="2025-06-18T16:49:14.434145" level="INFO">Clicking link '//div[@id="datepicker"]//a[@title="Prev"]'.</msg>
<arg>//div[@id="datepicker"]//a[@title="Prev"]</arg>
<doc>Clicks a link identified by ``locator``.</doc>
<status status="PASS" start="2025-06-18T16:49:14.434010" elapsed="0.047777"/>
</kw>
<status status="PASS" start="2025-06-18T16:49:14.433820" elapsed="0.048081"/>
</kw>
<arg>${NewYear}&lt;${CurrYear}</arg>
<arg>DatePicker Click Prev Month</arg>
<doc>Runs the given keyword with the given arguments, if ``condition`` is true.</doc>
<status status="PASS" start="2025-06-18T16:49:14.433594" elapsed="0.048349"/>
</kw>
<kw name="DatePicker Current Year">
<kw name="Get Text" owner="SeleniumLibrary">
<msg time="2025-06-18T16:49:14.509773" level="INFO">${DPYear} = 2024</msg>
<var>${DPYear}</var>
<arg>//div[@id="datepicker"]//span[@class="ui-datepicker-year"]</arg>
<doc>Returns the text value of the element identified by ``locator``.</doc>
<status status="PASS" start="2025-06-18T16:49:14.482311" elapsed="0.027524"/>
</kw>
<return>
<value>${DPYear}</value>
<status status="PASS" start="2025-06-18T16:49:14.509951" elapsed="0.000074"/>
</return>
<msg time="2025-06-18T16:49:14.510196" level="INFO">${CurrYear} = 2024</msg>
<var>${CurrYear}</var>
<status status="PASS" start="2025-06-18T16:49:14.482104" elapsed="0.028125"/>
</kw>
<kw name="Should Be Equal As Numbers" owner="BuiltIn">
<msg time="2025-06-18T16:49:14.510660" level="FAIL">2024.0 != 2020.0</msg>
<arg>${CurrYear}</arg>
<arg>${NewYear}</arg>
<doc>Fails if objects are unequal after converting them to real numbers.</doc>
<status status="FAIL" start="2025-06-18T16:49:14.510397" elapsed="0.000335">2024.0 != 2020.0</status>
</kw>
<arg>${NewYear}</arg>
<status status="FAIL" start="2025-06-18T16:49:14.420541" elapsed="0.090387">2024.0 != 2020.0</status>
</kw>
<kw name="Move DatePicker To Year">
<kw name="DatePicker Current Year">
<kw name="Get Text" owner="SeleniumLibrary">
<msg time="2025-06-18T16:49:14.625733" level="INFO">${DPYear} = 2024</msg>
<var>${DPYear}</var>
<arg>//div[@id="datepicker"]//span[@class="ui-datepicker-year"]</arg>
<doc>Returns the text value of the element identified by ``locator``.</doc>
<status status="PASS" start="2025-06-18T16:49:14.612673" elapsed="0.013103"/>
</kw>
<return>
<value>${DPYear}</value>
<status status="PASS" start="2025-06-18T16:49:14.625854" elapsed="0.000049"/>
</return>
<msg time="2025-06-18T16:49:14.626014" level="INFO">${CurrYear} = 2024</msg>
<var>${CurrYear}</var>
<status status="PASS" start="2025-06-18T16:49:14.612423" elapsed="0.013612"/>
</kw>
<kw name="Run Keyword If" owner="BuiltIn">
<arg>${NewYear}&gt;${CurrYear}</arg>
<arg>DatePicker Click Next Month</arg>
<doc>Runs the given keyword with the given arguments, if ``condition`` is true.</doc>
<status status="PASS" start="2025-06-18T16:49:14.626164" elapsed="0.000181"/>
</kw>
<kw name="Run Keyword If" owner="BuiltIn">
<kw name="DatePicker Click Prev Month">
<kw name="Click Link" owner="SeleniumLibrary">
<msg time="2025-06-18T16:49:14.626990" level="INFO">Clicking link '//div[@id="datepicker"]//a[@title="Prev"]'.</msg>
<arg>//div[@id="datepicker"]//a[@title="Prev"]</arg>
<doc>Clicks a link identified by ``locator``.</doc>
<status status="PASS" start="2025-06-18T16:49:14.626853" elapsed="0.051072"/>
</kw>
<status status="PASS" start="2025-06-18T16:49:14.626684" elapsed="0.051374"/>
</kw>
<arg>${NewYear}&lt;${CurrYear}</arg>
<arg>DatePicker Click Prev Month</arg>
<doc>Runs the given keyword with the given arguments, if ``condition`` is true.</doc>
<status status="PASS" start="2025-06-18T16:49:14.626464" elapsed="0.051652"/>
</kw>
<kw name="DatePicker Current Year">
<kw name="Get Text" owner="SeleniumLibrary">
<msg time="2025-06-18T16:49:14.691987" level="INFO">${DPYear} = 2024</msg>
<var>${DPYear}</var>
<arg>//div[@id="datepicker"]//span[@class="ui-datepicker-year"]</arg>
<doc>Returns the text value of the element identified by ``locator``.</doc>
<status status="PASS" start="2025-06-18T16:49:14.678649" elapsed="0.013385"/>
</kw>
<return>
<value>${DPYear}</value>
<status status="PASS" start="2025-06-18T16:49:14.692113" elapsed="0.000051"/>
</return>
<msg time="2025-06-18T16:49:14.692280" level="INFO">${CurrYear} = 2024</msg>
<var>${CurrYear}</var>
<status status="PASS" start="2025-06-18T16:49:14.678314" elapsed="0.013986"/>
</kw>
<kw name="Should Be Equal As Numbers" owner="BuiltIn">
<msg time="2025-06-18T16:49:14.692655" level="FAIL">2024.0 != 2020.0</msg>
<arg>${CurrYear}</arg>
<arg>${NewYear}</arg>
<doc>Fails if objects are unequal after converting them to real numbers.</doc>
<status status="FAIL" start="2025-06-18T16:49:14.692409" elapsed="0.000320">2024.0 != 2020.0</status>
</kw>
<arg>${NewYear}</arg>
<status status="FAIL" start="2025-06-18T16:49:14.611851" elapsed="0.080995">2024.0 != 2020.0</status>
</kw>
<kw name="Move DatePicker To Year">
<kw name="DatePicker Current Year">
<kw name="Get Text" owner="SeleniumLibrary">
<msg time="2025-06-18T16:49:14.806354" level="INFO">${DPYear} = 2024</msg>
<var>${DPYear}</var>
<arg>//div[@id="datepicker"]//span[@class="ui-datepicker-year"]</arg>
<doc>Returns the text value of the element identified by ``locator``.</doc>
<status status="PASS" start="2025-06-18T16:49:14.794151" elapsed="0.012295"/>
</kw>
<return>
<value>${DPYear}</value>
<status status="PASS" start="2025-06-18T16:49:14.806628" elapsed="0.000117"/>
</return>
<msg time="2025-06-18T16:49:14.807096" level="INFO">${CurrYear} = 2024</msg>
<var>${CurrYear}</var>
<status status="PASS" start="2025-06-18T16:49:14.793981" elapsed="0.013194"/>
</kw>
<kw name="Run Keyword If" owner="BuiltIn">
<arg>${NewYear}&gt;${CurrYear}</arg>
<arg>DatePicker Click Next Month</arg>
<doc>Runs the given keyword with the given arguments, if ``condition`` is true.</doc>
<status status="PASS" start="2025-06-18T16:49:14.807535" elapsed="0.000507"/>
</kw>
<kw name="Run Keyword If" owner="BuiltIn">
<kw name="DatePicker Click Prev Month">
<kw name="Click Link" owner="SeleniumLibrary">
<msg time="2025-06-18T16:49:14.809794" level="INFO">Clicking link '//div[@id="datepicker"]//a[@title="Prev"]'.</msg>
<arg>//div[@id="datepicker"]//a[@title="Prev"]</arg>
<doc>Clicks a link identified by ``locator``.</doc>
<status status="PASS" start="2025-06-18T16:49:14.809416" elapsed="0.049817"/>
</kw>
<status status="PASS" start="2025-06-18T16:49:14.808894" elapsed="0.050466"/>
</kw>
<arg>${NewYear}&lt;${CurrYear}</arg>
<arg>DatePicker Click Prev Month</arg>
<doc>Runs the given keyword with the given arguments, if ``condition`` is true.</doc>
<status status="PASS" start="2025-06-18T16:49:14.808331" elapsed="0.051073"/>
</kw>
<kw name="DatePicker Current Year">
<kw name="Get Text" owner="SeleniumLibrary">
<msg time="2025-06-18T16:49:14.872536" level="INFO">${DPYear} = 2024</msg>
<var>${DPYear}</var>
<arg>//div[@id="datepicker"]//span[@class="ui-datepicker-year"]</arg>
<doc>Returns the text value of the element identified by ``locator``.</doc>
<status status="PASS" start="2025-06-18T16:49:14.859777" elapsed="0.012846"/>
</kw>
<return>
<value>${DPYear}</value>
<status status="PASS" start="2025-06-18T16:49:14.872762" elapsed="0.000089"/>
</return>
<msg time="2025-06-18T16:49:14.873075" level="INFO">${CurrYear} = 2024</msg>
<var>${CurrYear}</var>
<status status="PASS" start="2025-06-18T16:49:14.859561" elapsed="0.013556"/>
</kw>
<kw name="Should Be Equal As Numbers" owner="BuiltIn">
<msg time="2025-06-18T16:49:14.873769" level="FAIL">2024.0 != 2020.0</msg>
<arg>${CurrYear}</arg>
<arg>${NewYear}</arg>
<doc>Fails if objects are unequal after converting them to real numbers.</doc>
<status status="FAIL" start="2025-06-18T16:49:14.873371" elapsed="0.000524">2024.0 != 2020.0</status>
</kw>
<arg>${NewYear}</arg>
<status status="FAIL" start="2025-06-18T16:49:14.793665" elapsed="0.080411">2024.0 != 2020.0</status>
</kw>
<kw name="Move DatePicker To Year">
<kw name="DatePicker Current Year">
<kw name="Get Text" owner="SeleniumLibrary">
<msg time="2025-06-18T16:49:15.039644" level="INFO">${DPYear} = 2024</msg>
<var>${DPYear}</var>
<arg>//div[@id="datepicker"]//span[@class="ui-datepicker-year"]</arg>
<doc>Returns the text value of the element identified by ``locator``.</doc>
[...]
<msg time="2025-06-18T16:49:25.030758" level="INFO">${DPNumMonth} = 4</msg>
<var>${DPNumMonth}</var>
<arg>${Months}</arg>
<arg>${DPMonth}</arg>
<doc>Returns the index of the first occurrence of the ``value`` on the list.</doc>
<status status="PASS" start="2025-06-18T16:49:25.030578" elapsed="0.000203"/>
</kw>
<return>
<value>${DPNumMonth}</value>
<status status="PASS" start="2025-06-18T16:49:25.030829" elapsed="0.000039"/>
</return>
<msg time="2025-06-18T16:49:25.030967" level="INFO">${CurrMonth} = 4</msg>
<var>${CurrMonth}</var>
<status status="PASS" start="2025-06-18T16:49:25.012871" elapsed="0.018116"/>
</kw>
<kw name="Should Be Equal As Numbers" owner="BuiltIn">
<msg time="2025-06-18T16:49:25.031244" level="FAIL">4.0 != 1.0</msg>
<arg>${CurrMonth}</arg>
<arg>${NewMonth}</arg>
<doc>Fails if objects are unequal after converting them to real numbers.</doc>
<status status="FAIL" start="2025-06-18T16:49:25.031069" elapsed="0.000234">4.0 != 1.0</status>
</kw>
<arg>${NewMonth}</arg>
<status status="FAIL" start="2025-06-18T16:49:24.937192" elapsed="0.094197">4.0 != 1.0</status>
</kw>
<kw name="Move DatePicker To Month">
<kw name="DatePicker Current Month">
<kw name="Create List" owner="BuiltIn">
<msg time="2025-06-18T16:49:25.133108" level="INFO">@{Months} = [ 0thMonth | January | February | March | April | May | June | July | August | September | October | November | December ]</msg>
<var>@{Months}</var>
<arg>0thMonth</arg>
<arg>January</arg>
<arg>February</arg>
<arg>March</arg>
<arg>April</arg>
<arg>May</arg>
<arg>June</arg>
<arg>July</arg>
<arg>August</arg>
<arg>September</arg>
<arg>October</arg>
<arg>November</arg>
<arg>December</arg>
<doc>Returns a list containing given items.</doc>
<status status="PASS" start="2025-06-18T16:49:25.132848" elapsed="0.000308"/>
</kw>
<kw name="Get Text" owner="SeleniumLibrary">
<msg time="2025-06-18T16:49:25.225887" level="INFO">${DPMonth} = April</msg>
<var>${DPMonth}</var>
<arg>//div[@id="datepicker"]//span[@class="ui-datepicker-month"]</arg>
<doc>Returns the text value of the element identified by ``locator``.</doc>
<status status="PASS" start="2025-06-18T16:49:25.133369" elapsed="0.092665"/>
</kw>
<kw name="Get Index From List" owner="Collections">
<msg time="2025-06-18T16:49:25.226545" level="INFO">${DPNumMonth} = 4</msg>
<var>${DPNumMonth}</var>
<arg>${Months}</arg>
<arg>${DPMonth}</arg>
<doc>Returns the index of the first occurrence of the ``value`` on the list.</doc>
<status status="PASS" start="2025-06-18T16:49:25.226264" elapsed="0.000317"/>
</kw>
<return>
<value>${DPNumMonth}</value>
<status status="PASS" start="2025-06-18T16:49:25.226671" elapsed="0.000066"/>
</return>
<msg time="2025-06-18T16:49:25.226900" level="INFO">${CurrMonth} = 4</msg>
<var>${CurrMonth}</var>
<status status="PASS" start="2025-06-18T16:49:25.132505" elapsed="0.094426"/>
</kw>
<kw name="Run Keyword If" owner="BuiltIn">
<arg>${NewMonth}&gt;${CurrMonth}</arg>
<arg>DatePicker Click Next Month</arg>
<doc>Runs the given keyword with the given arguments, if ``condition`` is true.</doc>
<status status="PASS" start="2025-06-18T16:49:25.227091" elapsed="0.000261"/>
</kw>
<kw name="Run Keyword If" owner="BuiltIn">
<kw name="DatePicker Click Prev Month">
<kw name="Click Link" owner="SeleniumLibrary">
<msg time="2025-06-18T16:49:25.228332" level="INFO">Clicking link '//div[@id="datepicker"]//a[@title="Prev"]'.</msg>
<arg>//div[@id="datepicker"]//a[@title="Prev"]</arg>
<doc>Clicks a link identified by ``locator``.</doc>
<status status="PASS" start="2025-06-18T16:49:25.228116" elapsed="0.069078"/>
</kw>
<status status="PASS" start="2025-06-18T16:49:25.227815" elapsed="0.069551"/>
</kw>
<arg>${NewMonth}&lt;${CurrMonth}</arg>
<arg>DatePicker Click Prev Month</arg>
<doc>Runs the given keyword with the given arguments, if ``condition`` is true.</doc>
<status status="PASS" start="2025-06-18T16:49:25.227498" elapsed="0.069943"/>
</kw>
<kw name="DatePicker Current Month">
<kw name="Create List" owner="BuiltIn">
<msg time="2025-06-18T16:49:25.298316" level="INFO">@{Months} = [ 0thMonth | January | February | March | April | May | June | July | August | September | October | November | December ]</msg>
<var>@{Months}</var>
<arg>0thMonth</arg>
<arg>January</arg>
<arg>February</arg>
<arg>March</arg>
<arg>April</arg>
<arg>May</arg>
<arg>June</arg>
<arg>July</arg>
<arg>August</arg>
<arg>September</arg>
<arg>October</arg>
<arg>November</arg>
<arg>December</arg>
<doc>Returns a list containing given items.</doc>
<status status="PASS" start="2025-06-18T16:49:25.298066" elapsed="0.000294"/>
</kw>
<kw name="Get Text" owner="SeleniumLibrary">
<msg time="2025-06-18T16:49:25.312513" level="INFO">${DPMonth} = March</msg>
<var>${DPMonth}</var>
<arg>//div[@id="datepicker"]//span[@class="ui-datepicker-month"]</arg>
<doc>Returns the text value of the element identified by ``locator``.</doc>
<status status="PASS" start="2025-06-18T16:49:25.298585" elapsed="0.013988"/>
</kw>
<kw name="Get Index From List" owner="Collections">
<msg time="2025-06-18T16:49:25.312905" level="INFO">${DPNumMonth} = 3</msg>
<var>${DPNumMonth}</var>
<arg>${Months}</arg>
<arg>${DPMonth}</arg>
<doc>Returns the index of the first occurrence of the ``value`` on the list.</doc>
<status status="PASS" start="2025-06-18T16:49:25.312720" elapsed="0.000209"/>
</kw>
<return>
<value>${DPNumMonth}</value>
<status status="PASS" start="2025-06-18T16:49:25.312980" elapsed="0.000038"/>
</return>
<msg time="2025-06-18T16:49:25.313116" level="INFO">${CurrMonth} = 3</msg>
<var>${CurrMonth}</var>
<status status="PASS" start="2025-06-18T16:49:25.297710" elapsed="0.015426"/>
</kw>
<kw name="Should Be Equal As Numbers" owner="BuiltIn">
<msg time="2025-06-18T16:49:25.313386" level="FAIL">3.0 != 1.0</msg>
<arg>${CurrMonth}</arg>
<arg>${NewMonth}</arg>
<doc>Fails if objects are unequal after converting them to real numbers.</doc>
<status status="FAIL" start="2025-06-18T16:49:25.313216" elapsed="0.000226">3.0 != 1.0</status>
</kw>
<arg>${NewMonth}</arg>
<status status="FAIL" start="2025-06-18T16:49:25.131932" elapsed="0.181596">3.0 != 1.0</status>
</kw>
<kw name="Move DatePicker To Month">
<kw name="DatePicker Current Month">
<kw name="Create List" owner="BuiltIn">
<msg time="2025-06-18T16:49:25.415315" level="INFO">@{Months} = [ 0thMonth | January | February | March | April | May | June | July | August | September | October | November | December ]</msg>
<var>@{Months}</var>
<arg>0thMonth</arg>
<arg>January</arg>
<arg>February</arg>
<arg>March</arg>
<arg>April</arg>
<arg>May</arg>
<arg>June</arg>
<arg>July</arg>
<arg>August</arg>
<arg>September</arg>
<arg>October</arg>
<arg>November</arg>
<arg>December</arg>
<doc>Returns a list containing given items.</doc>
<status status="PASS" start="2025-06-18T16:49:25.415134" elapsed="0.000223"/>
</kw>
<kw name="Get Text" owner="SeleniumLibrary">
<msg time="2025-06-18T16:49:25.429291" level="INFO">${DPMonth} = March</msg>
<var>${DPMonth}</var>
<arg>//div[@id="datepicker"]//span[@class="ui-datepicker-month"]</arg>
<doc>Returns the text value of the element identified by ``locator``.</doc>
<status status="PASS" start="2025-06-18T16:49:25.415501" elapsed="0.013835"/>
</kw>
<kw name="Get Index From List" owner="Collections">
<msg time="2025-06-18T16:49:25.429681" level="INFO">${DPNumMonth} = 3</msg>
<var>${DPNumMonth}</var>
<arg>${Months}</arg>
<arg>${DPMonth}</arg>
<doc>Returns the index of the first occurrence of the ``value`` on the list.</doc>
<status status="PASS" start="2025-06-18T16:49:25.429482" elapsed="0.000235"/>
</kw>
<return>
<value>${DPNumMonth}</value>
<status status="PASS" start="2025-06-18T16:49:25.429787" elapsed="0.000047"/>
</return>
<msg time="2025-06-18T16:49:25.429968" level="INFO">${CurrMonth} = 3</msg>
<var>${CurrMonth}</var>
<status status="PASS" start="2025-06-18T16:49:25.414871" elapsed="0.015125"/>
</kw>
<kw name="Run Keyword If" owner="BuiltIn">
<arg>${NewMonth}&gt;${CurrMonth}</arg>
<arg>DatePicker Click Next Month</arg>
<doc>Runs the given keyword with the given arguments, if ``condition`` is true.</doc>
<status status="PASS" start="2025-06-18T16:49:25.430107" elapsed="0.000167"/>
</kw>
<kw name="Run Keyword If" owner="BuiltIn">
<kw name="DatePicker Click Prev Month">
<kw name="Click Link" owner="SeleniumLibrary">
<msg time="2025-06-18T16:49:25.430901" level="INFO">Clicking link '//div[@id="datepicker"]//a[@title="Prev"]'.</msg>
<arg>//div[@id="datepicker"]//a[@title="Prev"]</arg>
<doc>Clicks a link identified by ``locator``.</doc>
<status status="PASS" start="2025-06-18T16:49:25.430771" elapsed="0.048177"/>
</kw>
<status status="PASS" start="2025-06-18T16:49:25.430574" elapsed="0.048485"/>
</kw>
<arg>${NewMonth}&lt;${CurrMonth}</arg>
<arg>DatePicker Click Prev Month</arg>
<doc>Runs the given keyword with the given arguments, if ``condition`` is true.</doc>
<status status="PASS" start="2025-06-18T16:49:25.430365" elapsed="0.048736"/>
</kw>
<kw name="DatePicker Current Month">
<kw name="Create List" owner="BuiltIn">
<msg time="2025-06-18T16:49:25.479807" level="INFO">@{Months} = [ 0thMonth | January | February | March | April | May | June | July | August | September | October | November | December ]</msg>
<var>@{Months}</var>
<arg>0thMonth</arg>
<arg>January</arg>
<arg>February</arg>
<arg>March</arg>
<arg>April</arg>
<arg>May</arg>
<arg>June</arg>
<arg>July</arg>
<arg>August</arg>
<arg>September</arg>
<arg>October</arg>
<arg>November</arg>
<arg>December</arg>
<doc>Returns a list containing given items.</doc>
<status status="PASS" start="2025-06-18T16:49:25.479613" elapsed="0.000228"/>
</kw>
<kw name="Get Text" owner="SeleniumLibrary">
<msg time="2025-06-18T16:49:25.492538" level="INFO">${DPMonth} = February</msg>
<var>${DPMonth}</var>
<arg>//div[@id="datepicker"]//span[@class="ui-datepicker-month"]</arg>
<doc>Returns the text value of the element identified by ``locator``.</doc>
<status status="PASS" start="2025-06-18T16:49:25.479987" elapsed="0.012595"/>
</kw>
<kw name="Get Index From List" owner="Collections">
<msg time="2025-06-18T16:49:25.493174" level="INFO">${DPNumMonth} = 2</msg>
<var>${DPNumMonth}</var>
<arg>${Months}</arg>
<arg>${DPMonth}</arg>
<doc>Returns the index of the first occurrence of the ``value`` on the list.</doc>
<status status="PASS" start="2025-06-18T16:49:25.492923" elapsed="0.000280"/>
</kw>
<return>
<value>${DPNumMonth}</value>
<status status="PASS" start="2025-06-18T16:49:25.493295" elapsed="0.000045"/>
</return>
<msg time="2025-06-18T16:49:25.493456" level="INFO">${CurrMonth} = 2</msg>
<var>${CurrMonth}</var>
<status status="PASS" start="2025-06-18T16:49:25.479305" elapsed="0.014172"/>
</kw>
<kw name="Should Be Equal As Numbers" owner="BuiltIn">
<msg time="2025-06-18T16:49:25.493821" level="FAIL">2.0 != 1.0</msg>
<arg>${CurrMonth}</arg>
<arg>${NewMonth}</arg>
<doc>Fails if objects are unequal after converting them to real numbers.</doc>
<status status="FAIL" start="2025-06-18T16:49:25.493591" elapsed="0.000301">2.0 != 1.0</status>
</kw>
<arg>${NewMonth}</arg>
<status status="FAIL" start="2025-06-18T16:49:25.414380" elapsed="0.079618">2.0 != 1.0</status>
</kw>
<kw name="Move DatePicker To Month">
<kw name="DatePicker Current Month">
<kw name="Create List" owner="BuiltIn">
<msg time="2025-06-18T16:49:25.595373" level="INFO">@{Months} = [ 0thMonth | January | February | March | April | May | June | July | August | September | October | November | December ]</msg>
<var>@{Months}</var>
<arg>0thMonth</arg>
<arg>January</arg>
<arg>February</arg>
<arg>March</arg>
<arg>April</arg>
<arg>May</arg>
<arg>June</arg>
<arg>July</arg>
<arg>August</arg>
<arg>September</arg>
<arg>October</arg>
<arg>November</arg>
<arg>December</arg>
<doc>Returns a list containing given items.</doc>
<status status="PASS" start="2025-06-18T16:49:25.595231" elapsed="0.000171"/>
</kw>
<kw name="Get Text" owner="SeleniumLibrary">
<msg time="2025-06-18T16:49:25.607056" level="INFO">${DPMonth} = February</msg>
<var>${DPMonth}</var>
<arg>//div[@id="datepicker"]//span[@class="ui-datepicker-month"]</arg>
<doc>Returns the text value of the element identified by ``locator``.</doc>
<status status="PASS" start="2025-06-18T16:49:25.595558" elapsed="0.011541"/>
</kw>
<kw name="Get Index From List" owner="Collections">
<msg time="2025-06-18T16:49:25.607485" level="INFO">${DPNumMonth} = 2</msg>
<var>${DPNumMonth}</var>
<arg>${Months}</arg>
<arg>${DPMonth}</arg>
<doc>Returns the index of the first occurrence of the ``value`` on the list.</doc>
<status status="PASS" start="2025-06-18T16:49:25.607282" elapsed="0.000227"/>
</kw>
<return>
<value>${DPNumMonth}</value>
<status status="PASS" start="2025-06-18T16:49:25.607575" elapsed="0.000054"/>
</return>
<msg time="2025-06-18T16:49:25.607767" level="INFO">${CurrMonth} = 2</msg>
<var>${CurrMonth}</var>
<status status="PASS" start="2025-06-18T16:49:25.595067" elapsed="0.012726"/>
</kw>
<kw name="Run Keyword If" owner="BuiltIn">
<arg>${NewMonth}&gt;${CurrMonth}</arg>
<arg>DatePicker Click Next Month</arg>
<doc>Runs the given keyword with the given arguments, if ``condition`` is true.</doc>
<status status="PASS" start="2025-06-18T16:49:25.607915" elapsed="0.000168"/>
</kw>
<kw name="Run Keyword If" owner="BuiltIn">
<kw name="DatePicker Click Prev Month">
<kw name="Click Link" owner="SeleniumLibrary">
<msg time="2025-06-18T16:49:25.608669" level="INFO">Clicking link '//div[@id="datepicker"]//a[@title="Prev"]'.</msg>
<arg>//div[@id="datepicker"]//a[@title="Prev"]</arg>
<doc>Clicks a link identified by ``locator``.</doc>
<status status="PASS" start="2025-06-18T16:49:25.608540" elapsed="0.044908"/>
</kw>
<status status="PASS" start="2025-06-18T16:49:25.608364" elapsed="0.045203"/>
</kw>
<arg>${NewMonth}&lt;${CurrMonth}</arg>
<arg>DatePicker Click Prev Month</arg>
<doc>Runs the given keyword with the given arguments, if ``condition`` is true.</doc>
<status status="PASS" start="2025-06-18T16:49:25.608173" elapsed="0.045438"/>
</kw>
<kw name="DatePicker Current Month">
<kw name="Create List" owner="BuiltIn">
<msg time="2025-06-18T16:49:25.654147" level="INFO">@{Months} = [ 0thMonth | January | February | March | April | May | June | July | August | September | October | November | December ]</msg>
<var>@{Months}</var>
<arg>0thMonth</arg>
<arg>January</arg>
<arg>February</arg>
<arg>March</arg>
<arg>April</arg>
<arg>May</arg>
<arg>June</arg>
<arg>July</arg>
<arg>August</arg>
<arg>September</arg>
<arg>October</arg>
<arg>November</arg>
<arg>December</arg>
<doc>Returns a list containing given items.</doc>
<status status="PASS" start="2025-06-18T16:49:25.654006" elapsed="0.000167"/>
</kw>
<kw name="Get Text" owner="SeleniumLibrary">
<msg time="2025-06-18T16:49:25.665417" level="INFO">${DPMonth} = January</msg>
<var>${DPMonth}</var>
<arg>//div[@id="datepicker"]//span[@class="ui-datepicker-month"]</arg>
<doc>Returns the text value of the element identified by ``locator``.</doc>
<status status="PASS" start="2025-06-18T16:49:25.654279" elapsed="0.011179"/>
</kw>
<kw name="Get Index From List" owner="Collections">
<msg time="2025-06-18T16:49:25.665885" level="INFO">${DPNumMonth} = 1</msg>
<var>${DPNumMonth}</var>
<arg>${Months}</arg>
<arg>${DPMonth}</arg>
<doc>Returns the index of the first occurrence of the ``value`` on the list.</doc>
<status status="PASS" start="2025-06-18T16:49:25.665592" elapsed="0.000324"/>
</kw>
<return>
<value>${DPNumMonth}</value>
<status status="PASS" start="2025-06-18T16:49:25.665987" elapsed="0.000045"/>
</return>
<msg time="2025-06-18T16:49:25.666166" level="INFO">${CurrMonth} = 1</msg>
<var>${CurrMonth}</var>
<status status="PASS" start="2025-06-18T16:49:25.653784" elapsed="0.012407"/>
</kw>
<kw name="Should Be Equal As Numbers" owner="BuiltIn">
<arg>${CurrMonth}</arg>
<arg>${NewMonth}</arg>
<doc>Fails if objects are unequal after converting them to real numbers.</doc>
<status status="PASS" start="2025-06-18T16:49:25.666294" elapsed="0.000172"/>
</kw>
<arg>${NewMonth}</arg>
<status status="PASS" start="2025-06-18T16:49:25.594715" elapsed="0.071804"/>
</kw>
<arg>1 min</arg>
<arg>100ms</arg>
<arg>Move DatePicker To Month</arg>
<arg>${NewMonth}</arg>
<doc>Runs the specified keyword and retries if it fails.</doc>
<status status="PASS" start="2025-06-18T16:49:23.562652" elapsed="2.103905"/>
</kw>
<kw name="Click Link" owner="SeleniumLibrary">
<msg time="2025-06-18T16:49:25.666782" level="INFO">Clicking link '//div[@id="datepicker"]//a[@data-date="1"]'.</msg>
<arg>//div[@id="datepicker"]//a[@data-date="${NewDay}"]</arg>
<doc>Clicks a link identified by ``locator``.</doc>
<status status="PASS" start="2025-06-18T16:49:25.666637" elapsed="0.065004"/>
</kw>
<kw name="Capture Page Screenshot" owner="SeleniumLibrary">
<msg time="2025-06-18T16:49:25.852609" level="INFO" html="true">&lt;/td&gt;&lt;/tr&gt;&lt;tr&gt;&lt;td colspan="3"&gt;&lt;a href="selenium-screenshot-10.png"&gt;&lt;img src="selenium-screenshot-10.png" width="800px"&gt;&lt;/a&gt;</msg>
<doc>Takes a screenshot of the current page and embeds it into a log file.</doc>
<status status="PASS" start="2025-06-18T16:49:25.731855" elapsed="0.120901"/>
</kw>
<arg>2020-01-01</arg>
<status status="PASS" start="2025-06-18T16:49:12.918676" elapsed="12.934243"/>
</kw>
<kw name="Close Browser" owner="SeleniumLibrary">
<doc>Closes the current browser.</doc>
<status status="PASS" start="2025-06-18T16:49:25.853208" elapsed="2.171215"/>
</kw>
<status status="PASS" start="2025-06-18T16:49:09.246831" elapsed="18.777963"/>
</test>
<test id="s1-s2-t2" name="JQuery Datepicker Date In Future" line="12">
<kw name="Load JQuery Theme Page">
<kw name="Open Browser" owner="SeleniumLibrary">
<msg time="2025-06-18T16:49:28.026631" level="INFO">Opening browser 'Chrome' to base url 'https://jqueryui.com/themeroller/'.</msg>
<arg>https://jqueryui.com/themeroller/</arg>
<arg>Chrome</arg>
<doc>Opens a new browser instance to the optional ``url``.</doc>
<status status="PASS" start="2025-06-18T16:49:28.026389" elapsed="2.171842"/>
</kw>
<kw name="Scroll Element Into View" owner="SeleniumLibrary">
<msg time="2025-06-18T16:49:31.283703" level="INFO" html="true">&lt;/td&gt;&lt;/tr&gt;&lt;tr&gt;&lt;td colspan="3"&gt;&lt;a href="selenium-screenshot-11.png"&gt;&lt;img src="selenium-screenshot-11.png" width="800px"&gt;&lt;/a&gt;</msg>
<msg time="2025-06-18T16:49:31.284062" level="FAIL">Element with locator 'id:datepicker' not found.</msg>
<arg>id:datepicker</arg>
<doc>Scrolls the element identified by ``locator`` into view.</doc>
<status status="FAIL" start="2025-06-18T16:49:30.198686" elapsed="1.152138">Element with locator 'id:datepicker' not found.</status>
</kw>
<kw name="Scroll Element Into View" owner="SeleniumLibrary">
<arg>id:progressbar</arg>
<doc>Scrolls the element identified by ``locator`` into view.</doc>
<status status="NOT RUN" start="2025-06-18T16:49:31.351246" elapsed="0.000070"/>
</kw>
<status status="FAIL" start="2025-06-18T16:49:28.026019" elapsed="3.325508">Element with locator 'id:datepicker' not found.</status>
</kw>
<kw name="Select Date From DatePicker">
<arg>2024-02-29</arg>
<status status="NOT RUN" start="2025-06-18T16:49:31.354459" elapsed="0.000151"/>
</kw>
<kw name="Close Browser" owner="SeleniumLibrary">
<doc>Closes the current browser.</doc>
<status status="NOT RUN" start="2025-06-18T16:49:31.354934" elapsed="0.000040"/>
</kw>
<status status="FAIL" start="2025-06-18T16:49:28.025423" elapsed="3.329798">Element with locator 'id:datepicker' not found.</status>
</test>
<status status="FAIL" start="2025-06-18T16:49:09.241945" elapsed="22.113947"/>
</suite>
<status status="FAIL" start="2025-06-18T16:48:56.445791" elapsed="34.911181"/>
</suite>
<statistics>
<total>
<stat pass="2" fail="3" skip="0">All Tests</stat>
</total>
<tag>
</tag>
<suite>
<stat name="Import Doc Case" id="s1" pass="2" fail="3" skip="0">Import Doc Case</stat>
<stat name="Main" id="s1-s1" pass="1" fail="2" skip="0">Import Doc Case.Main</stat>
<stat name="Main2" id="s1-s2" pass="1" fail="1" skip="0">Import Doc Case.Main2</stat>
</suite>
</statistics>
<errors>
</errors>
</robot>
