<?xml version="1.0" encoding="UTF-8"?>
<robot generator="Robot 7.2.2 (Python 3.13.3 on win32)" generated="2025-06-18T16:02:13.834989" rpa="false" schemaversion="5">
<suite id="s1" name="Robot Vsmart" source="C:\robotframework\robot_vsmart">
<suite id="s1-s1" name="Import Doc Case" source="C:\robotframework\robot_vsmart\import_doc_case">
<suite id="s1-s1-s1" name="Main" source="C:\robotframework\robot_vsmart\import_doc_case\main.robot">
<test id="s1-s1-s1-t1" name="Username" line="20">
<kw name="Get File" owner="OperatingSystem">
<msg time="2025-06-18T16:02:14.651865" level="INFO" html="true">Getting file '&lt;a href="file://C:\robotframework\robot_vsmart\import_doc_case\json\data_test\username_json.json"&gt;C:\robotframework\robot_vsmart\import_doc_case\json\data_test\username_json.json&lt;/a&gt;'.</msg>
<msg time="2025-06-18T16:02:14.652354" level="INFO">${json_string} = [
    {
        "province": "พังงา",
        "username": "pnatnsw",
        "password": "pnatnsw#smart3"
    }
]
</msg>
<var>${json_string}</var>
<arg>C:\\robotframework\\robot_vsmart\\import_doc_case/json/data_test/username_json.json</arg>
<doc>Returns the contents of a specified file.</doc>
<status status="PASS" start="2025-06-18T16:02:14.651691" elapsed="0.000705"/>
</kw>
<kw name="Evaluate" owner="BuiltIn">
<msg time="2025-06-18T16:02:14.653082" level="INFO">${json_array} = [{'province': 'พังงา', 'username': 'pnatnsw', 'password': 'pnatnsw#smart3'}]</msg>
<var>${json_array}</var>
<arg>json.loads('''${json_string}''')</arg>
<arg>json</arg>
<doc>Evaluates the given expression in Python and returns the result.</doc>
<status status="PASS" start="2025-06-18T16:02:14.652772" elapsed="0.000336"/>
</kw>
<kw name="Get From List" owner="Collections">
<msg time="2025-06-18T16:02:14.653577" level="INFO">${first_item} = {'province': 'พังงา', 'username': 'pnatnsw', 'password': 'pnatnsw#smart3'}</msg>
<var>${first_item}</var>
<arg>${json_array}</arg>
<arg>0</arg>
<doc>Returns the value specified with an ``index`` from ``list``.</doc>
<status status="PASS" start="2025-06-18T16:02:14.653427" elapsed="0.000174"/>
</kw>
<kw name="Get From Dictionary" owner="Collections">
<msg time="2025-06-18T16:02:14.654065" level="INFO">${province} = พังงา</msg>
<var>${province}</var>
<arg>${first_item}</arg>
<arg>province</arg>
<doc>Returns a value from the given ``dictionary`` based on the given ``key``.</doc>
<status status="PASS" start="2025-06-18T16:02:14.653930" elapsed="0.000179"/>
</kw>
<kw name="Get From Dictionary" owner="Collections">
<msg time="2025-06-18T16:02:14.654633" level="INFO">${username} = pnatnsw</msg>
<var>${username}</var>
<arg>${first_item}</arg>
<arg>username</arg>
<doc>Returns a value from the given ``dictionary`` based on the given ``key``.</doc>
<status status="PASS" start="2025-06-18T16:02:14.654494" elapsed="0.000162"/>
</kw>
<kw name="Get From Dictionary" owner="Collections">
<msg time="2025-06-18T16:02:14.655124" level="INFO">${password} = pnatnsw#smart3</msg>
<var>${password}</var>
<arg>${first_item}</arg>
<arg>password</arg>
<doc>Returns a value from the given ``dictionary`` based on the given ``key``.</doc>
<status status="PASS" start="2025-06-18T16:02:14.654997" elapsed="0.000148"/>
</kw>
<kw name="Log" owner="BuiltIn">
<msg time="2025-06-18T16:02:14.655564" level="INFO">Province: พังงา</msg>
<arg>Province: ${province}</arg>
<doc>Logs the given message with the given level.</doc>
<status status="PASS" start="2025-06-18T16:02:14.655444" elapsed="0.000157"/>
</kw>
<kw name="Log" owner="BuiltIn">
<msg time="2025-06-18T16:02:14.656012" level="INFO">Username: pnatnsw</msg>
<arg>Username: ${username}</arg>
<doc>Logs the given message with the given level.</doc>
<status status="PASS" start="2025-06-18T16:02:14.655903" elapsed="0.000149"/>
</kw>
<kw name="Log" owner="BuiltIn">
<msg time="2025-06-18T16:02:14.656460" level="INFO">Password: pnatnsw#smart3</msg>
<arg>Password: ${password}</arg>
<doc>Logs the given message with the given level.</doc>
<status status="PASS" start="2025-06-18T16:02:14.656353" elapsed="0.000141"/>
</kw>
<status status="PASS" start="2025-06-18T16:02:14.650248" elapsed="0.006959"/>
</test>
<test id="s1-s1-s1-t2" name="TC_1_001 | dwf_department_show_responsible_province" line="37">
<kw name="Set Selenium Speed" owner="SeleniumLibrary">
<arg>${Delay}</arg>
<doc>Sets the delay that is waited after each Selenium command.</doc>
<status status="PASS" start="2025-06-18T16:02:14.658702" elapsed="0.000253"/>
</kw>
<kw name="Get File" owner="OperatingSystem">
<msg time="2025-06-18T16:02:14.659407" level="INFO" html="true">Getting file '&lt;a href="file://C:\robotframework\robot_vsmart\import_doc_case\json\data_test\username_json.json"&gt;C:\robotframework\robot_vsmart\import_doc_case\json\data_test\username_json.json&lt;/a&gt;'.</msg>
<msg time="2025-06-18T16:02:14.659765" level="INFO">${json_string} = [
    {
        "province": "พังงา",
        "username": "pnatnsw",
        "password": "pnatnsw#smart3"
    }
]
</msg>
<var>${json_string}</var>
<arg>C:\\robotframework\\robot_vsmart\\import_doc_case/json/data_test/username_json.json</arg>
<doc>Returns the contents of a specified file.</doc>
<status status="PASS" start="2025-06-18T16:02:14.659292" elapsed="0.000506"/>
</kw>
<kw name="Evaluate" owner="BuiltIn">
<msg time="2025-06-18T16:02:14.660471" level="INFO">${json_array} = [{'province': 'พังงา', 'username': 'pnatnsw', 'password': 'pnatnsw#smart3'}]</msg>
<var>${json_array}</var>
<arg>json.loads('''${json_string}''')</arg>
<arg>json</arg>
<doc>Evaluates the given expression in Python and returns the result.</doc>
<status status="PASS" start="2025-06-18T16:02:14.660142" elapsed="0.000358"/>
</kw>
<for flavor="IN">
<iter>
<kw name="Get From Dictionary" owner="Collections">
<msg time="2025-06-18T16:02:14.661654" level="INFO">${province} = พังงา</msg>
<var>${province}</var>
<arg>${item}</arg>
<arg>province</arg>
<doc>Returns a value from the given ``dictionary`` based on the given ``key``.</doc>
<status status="PASS" start="2025-06-18T16:02:14.661494" elapsed="0.000189"/>
</kw>
<kw name="Get From Dictionary" owner="Collections">
<msg time="2025-06-18T16:02:14.680849" level="INFO">${username} = pnatnsw</msg>
<var>${username}</var>
<arg>${item}</arg>
<arg>username</arg>
<doc>Returns a value from the given ``dictionary`` based on the given ``key``.</doc>
<status status="PASS" start="2025-06-18T16:02:14.680366" elapsed="0.000537"/>
</kw>
<kw name="Get From Dictionary" owner="Collections">
<msg time="2025-06-18T16:02:14.681432" level="INFO">${password} = pnatnsw#smart3</msg>
<var>${password}</var>
<arg>${item}</arg>
<arg>password</arg>
<doc>Returns a value from the given ``dictionary`` based on the given ``key``.</doc>
<status status="PASS" start="2025-06-18T16:02:14.681197" elapsed="0.000277"/>
</kw>
<kw name="Log" owner="BuiltIn">
<msg time="2025-06-18T16:02:14.683589" level="INFO">------------------------------------------------------------------------พังงา</msg>
<arg>------------------------------------------------------------------------${province}</arg>
<doc>Logs the given message with the given level.</doc>
<status status="PASS" start="2025-06-18T16:02:14.681681" elapsed="0.002006"/>
</kw>
<kw name="Login Vsmart" owner="Login_Vsmart">
<kw name="Open Browser" owner="SeleniumLibrary">
<msg time="2025-06-18T16:02:14.684889" level="INFO">Opening browser 'Chrome' to base url 'http://127.0.0.1:8000/'.</msg>
<msg time="2025-06-18T16:02:20.442450" level="INFO" html="true">&lt;/td&gt;&lt;/tr&gt;&lt;tr&gt;&lt;td colspan="3"&gt;&lt;a href="selenium-screenshot-4.png"&gt;&lt;img src="selenium-screenshot-4.png" width="800px"&gt;&lt;/a&gt;</msg>
<msg time="2025-06-18T16:02:20.443132" level="FAIL">WebDriverException: Message: unknown error: net::ERR_CONNECTION_REFUSED
  (Session info: chrome=137.0.7151.104)
Stacktrace:
	GetHandleVerifier [0x0x7ff694e7cda5+78885]
	GetHandleVerifier [0x0x7ff694e7ce00+78976]
	(No symbol) [0x0x7ff694c39bca]
	(No symbol) [0x0x7ff694c365e2]
	(No symbol) [0x0x7ff694c27319]
	(No symbol) [0x0x7ff694c290c1]
	(No symbol) [0x0x7ff694c27636]
	(No symbol) [0x0x7ff694c27096]
	(No symbol) [0x0x7ff694c26d5a]
	(No symbol) [0x0x7ff694c2492f]
	(No symbol) [0x0x7ff694c251ac]
	(No symbol) [0x0x7ff694c3db7a]
	(No symbol) [0x0x7ff694ce201e]
	(No symbol) [0x0x7ff694cb8b8a]
	(No symbol) [0x0x7ff694ce122f]
	(No symbol) [0x0x7ff694cb8963]
	(No symbol) [0x0x7ff694c816b1]
	(No symbol) [0x0x7ff694c82443]
	GetHandleVerifier [0x0x7ff695154eed+3061101]
	GetHandleVerifier [0x0x7ff69514f33d+3037629]
	GetHandleVerifier [0x0x7ff69516e592+3165202]
	GetHandleVerifier [0x0x7ff694e9730e+186766]
	GetHandleVerifier [0x0x7ff694e9eb3f+217535]
	GetHandleVerifier [0x0x7ff694e859b4+114740]
	GetHandleVerifier [0x0x7ff694e85b69+115177]
	GetHandleVerifier [0x0x7ff694e6c368+10728]
	BaseThreadInitThunk [0x0x7ffb91dde8d7+23]
	RtlUserThreadStart [0x0x7ffb93f3c34c+44]
</msg>
<arg>http://127.0.0.1:8000/</arg>
<arg>Chrome</arg>
<doc>Opens a new browser instance to the optional ``url``.</doc>
<status status="FAIL" start="2025-06-18T16:02:14.684660" elapsed="5.770202">WebDriverException: Message: unknown error: net::ERR_CONNECTION_REFUSED
  (Session info: chrome=137.0.7151.104)
Stacktrace:
	GetHandleVerifier [0x0x7ff694e7cda5+78885]
	GetHandleVerifier [0x0x7ff694e7ce00+78976]
	(No symbol) [0x0x7ff694c39bca]
	(No symbol) [0x0x7ff694c365e2]
	(No symbol) [0x0x7ff694c27319]
	(No symbol) [0x0x7ff694c290c1]
	(No symbol) [0x0x7ff694c27636]
	(No symbol) [0x0x7ff694c27096]
	(No symbol) [0x0x7ff694c26d5a]
	(No symbol) [0x0x7ff694c2492f]
	(No symbol) [0x0x7ff694c251ac]
	(No symbol) [0x0x7ff694c3db7a]
	(No symbol) [0x0x7ff694ce201e]
	(No symbol) [0x0x7ff694cb8b8a]
	(No symbol) [0x0x7ff694ce122f]
	(No symbol) [0x0x7ff694cb8963]
	(No symbol) [0x0x7ff694c816b1]
	(No symbol) [0x0x7ff694c82443]
	GetHandleVerifier [0x0x7ff695154eed+3061101]
	GetHandleVerifier [0x0x7ff69514f33d+3037629]
	GetHandleVerifier [0x0x7ff69516e592+3165202]
	GetHandleVerifier [0x0x7ff694e9730e+186766]
	GetHandleVerifier [0x0x7ff694e9eb3f+217535]
	GetHandleVerifier [0x0x7ff694e859b4+114740]
	GetHandleVerifier [0x0x7ff694e85b69+115177]
	GetHandleVerifier [0x0x7ff694e6c368+10728]
	BaseThreadInitThunk [0x0x7ffb91dde8d7+23]
	RtlUserThreadStart [0x0x7ffb93f3c34c+44]
</status>
</kw>
<kw name="Sleep" owner="BuiltIn">
<arg>1s</arg>
<doc>Pauses the test executed for the given time.</doc>
<status status="NOT RUN" start="2025-06-18T16:02:20.455560" elapsed="0.000107"/>
</kw>
<kw name="Wait Until Element Is Visible" owner="SeleniumLibrary">
<arg>//*[@id="announcementModal"]</arg>
<doc>Waits until the element ``locator`` is visible.</doc>
<status status="NOT RUN" start="2025-06-18T16:02:20.456026" elapsed="0.000061"/>
</kw>
<kw name="Wait Until Element Is Visible" owner="SeleniumLibrary">
<arg>//*[@id="announcementModal"]/div/div/div[1]/button</arg>
<arg>timeout=20s</arg>
<doc>Waits until the element ``locator`` is visible.</doc>
<status status="NOT RUN" start="2025-06-18T16:02:20.456371" elapsed="0.000052"/>
</kw>
<kw name="Click Element" owner="SeleniumLibrary">
<arg>//*[@id="announcementModal"]/div/div/div[1]/button</arg>
<doc>Click the element identified by ``locator``.</doc>
<status status="NOT RUN" start="2025-06-18T16:02:20.456714" elapsed="0.000055"/>
</kw>
<kw name="Sleep" owner="BuiltIn">
<arg>2s</arg>
<doc>Pauses the test executed for the given time.</doc>
<status status="NOT RUN" start="2025-06-18T16:02:20.457025" elapsed="0.000051"/>
</kw>
<kw name="Input Username" owner="Login_Vsmart">
<arg>${Username}</arg>
<status status="NOT RUN" start="2025-06-18T16:02:20.457477" elapsed="0.000066"/>
</kw>
<kw name="Input Passwords" owner="Login_Vsmart">
<arg>${password}</arg>
<status status="NOT RUN" start="2025-06-18T16:02:20.457834" elapsed="0.000056"/>
</kw>
<kw name="Submit" owner="Login_Vsmart">
<status status="NOT RUN" start="2025-06-18T16:02:20.458149" elapsed="0.000050"/>
</kw>
<arg>${username}</arg>
<arg>${password}</arg>
<status status="FAIL" start="2025-06-18T16:02:14.684039" elapsed="5.774437">WebDriverException: Message: unknown error: net::ERR_CONNECTION_REFUSED
  (Session info: chrome=137.0.7151.104)
Stacktrace:
	GetHandleVerifier [0x0x7ff694e7cda5+78885]
	GetHandleVerifier [0x0x7ff694e7ce00+78976]
	(No symbol) [0x0x7ff694c39bca]
	(No symbol) [0x0x7ff694c365e2]
	(No symbol) [0x0x7ff694c27319]
	(No symbol) [0x0x7ff694c290c1]
	(No symbol) [0x0x7ff694c27636]
	(No symbol) [0x0x7ff694c27096]
	(No symbol) [0x0x7ff694c26d5a]
	(No symbol) [0x0x7ff694c2492f]
	(No symbol) [0x0x7ff694c251ac]
	(No symbol) [0x0x7ff694c3db7a]
	(No symbol) [0x0x7ff694ce201e]
	(No symbol) [0x0x7ff694cb8b8a]
	(No symbol) [0x0x7ff694ce122f]
	(No symbol) [0x0x7ff694cb8963]
	(No symbol) [0x0x7ff694c816b1]
	(No symbol) [0x0x7ff694c82443]
	GetHandleVerifier [0x0x7ff695154eed+3061101]
	GetHandleVerifier [0x0x7ff69514f33d+3037629]
	GetHandleVerifier [0x0x7ff69516e592+3165202]
	GetHandleVerifier [0x0x7ff694e9730e+186766]
	GetHandleVerifier [0x0x7ff694e9eb3f+217535]
	GetHandleVerifier [0x0x7ff694e859b4+114740]
	GetHandleVerifier [0x0x7ff694e85b69+115177]
	GetHandleVerifier [0x0x7ff694e6c368+10728]
	BaseThreadInitThunk [0x0x7ffb91dde8d7+23]
	RtlUserThreadStart [0x0x7ffb93f3c34c+44]
</status>
</kw>
<kw name="Goto import doc case" owner="Import_Doc_Case">
<status status="NOT RUN" start="2025-06-18T16:02:20.458879" elapsed="0.000056"/>
</kw>
<kw name="Wait Until Keyword Succeeds" owner="BuiltIn">
<arg>1 min</arg>
<arg>100ms</arg>
<arg>Switch To New Window</arg>
<doc>Runs the specified keyword and retries if it fails.</doc>
<status status="NOT RUN" start="2025-06-18T16:02:20.459238" elapsed="0.000055"/>
</kw>
<kw name="Sleep" owner="BuiltIn">
<arg>3s</arg>
<doc>Pauses the test executed for the given time.</doc>
<status status="NOT RUN" start="2025-06-18T16:02:20.459549" elapsed="0.000049"/>
</kw>
<for flavor="IN RANGE">
<iter>
<kw name="Run Notebook And Get Variables">
<var>${citizen_id}</var>
<var>${firstname}</var>
<var>${lastname}</var>
<var>${prefix}</var>
<arg>random_cid_name.ipynb</arg>
<status status="NOT RUN" start="2025-06-18T16:02:20.460464" elapsed="0.000057"/>
</kw>
<kw name="Execute Javascript" owner="SeleniumLibrary">
<arg>window.location.reload();</arg>
<doc>Executes the given JavaScript code with possible arguments.</doc>
<status status="NOT RUN" start="2025-06-18T16:02:20.460756" elapsed="0.000033"/>
</kw>
<kw name="Sleep" owner="BuiltIn">
<arg>3s</arg>
<doc>Pauses the test executed for the given time.</doc>
<status status="NOT RUN" start="2025-06-18T16:02:20.460942" elapsed="0.000031"/>
</kw>
<kw name="Insert Consent Form" owner="Consent_Form">
<status status="NOT RUN" start="2025-06-18T16:02:20.461199" elapsed="0.000054"/>
</kw>
<kw name="Informer over 18 years old" owner="Informer">
<arg>${citizen_id}</arg>
<arg>${firstname}</arg>
<arg>${lastname}</arg>
<arg>${prefix}</arg>
<status status="NOT RUN" start="2025-06-18T16:02:20.461512" elapsed="0.000051"/>
</kw>
<kw name="Run Notebook And Get Variables">
<var>${citizen_id}</var>
<var>${firstname}</var>
<var>${lastname}</var>
<var>${prefix}</var>
<arg>random_cid_name.ipynb</arg>
<status status="NOT RUN" start="2025-06-18T16:02:20.461794" elapsed="0.000055"/>
</kw>
<kw name="People problem over 18 years old" owner="People_Problem">
<arg>${citizen_id}</arg>
<arg>${firstname}</arg>
<arg>${lastname}</arg>
<arg>${prefix}</arg>
<status status="NOT RUN" start="2025-06-18T16:02:20.462148" elapsed="0.000039"/>
</kw>
<kw name="Run Notebook And Get Variables">
<var>${citizen_id}</var>
<var>${firstname}</var>
<var>${lastname}</var>
<var>${prefix}</var>
<arg>random_cid_name.ipynb</arg>
<status status="NOT RUN" start="2025-06-18T16:02:20.462386" elapsed="0.000034"/>
</kw>
<kw name="Insert Family Memeber" owner="Family_Member">
<arg>${citizen_id}</arg>
<arg>${firstname}</arg>
<arg>${lastname}</arg>
<arg>${prefix}</arg>
<status status="NOT RUN" start="2025-06-18T16:02:20.462702" elapsed="0.000052"/>
</kw>
<kw name="Random Info About Informer" owner="Info_About_Informer">
<status status="NOT RUN" start="2025-06-18T16:02:20.463084" elapsed="0.000035"/>
</kw>
<kw name="Insert House Condition" owner="Home_inspect">
<arg>'Automated Test'</arg>
<status status="NOT RUN" start="2025-06-18T16:02:20.463290" elapsed="0.000035"/>
</kw>
<kw name="Set Variable" owner="BuiltIn">
<var>${backup_house_condition_2}</var>
<arg>'Automated Test'</arg>
<doc>Returns the given values which can then be assigned to a variables.</doc>
<status status="NOT RUN" start="2025-06-18T16:02:20.463499" elapsed="0.000034"/>
</kw>
<kw name="Insert House Problem" owner="Home_inspect">
<arg>'Automated test'</arg>
<status status="NOT RUN" start="2025-06-18T16:02:20.463704" elapsed="0.000034"/>
</kw>
<kw name="Set Variable" owner="BuiltIn">
<var>${backup_house_problem_2}</var>
<arg>'Automated Test'</arg>
<doc>Returns the given values which can then be assigned to a variables.</doc>
<status status="NOT RUN" start="2025-06-18T16:02:20.463910" elapsed="0.000033"/>
</kw>
<kw name="Insert House Comment" owner="Home_inspect">
<arg>'Automated test'</arg>
<status status="NOT RUN" start="2025-06-18T16:02:20.464383" elapsed="0.000043"/>
</kw>
<kw name="Set Variable" owner="BuiltIn">
<var>${backup_house_comment}</var>
<arg>'Automated Test'</arg>
<doc>Returns the given values which can then be assigned to a variables.</doc>
<status status="NOT RUN" start="2025-06-18T16:02:20.464558" elapsed="0.000026"/>
</kw>
<kw name="Random Order Value" owner="Order">
<var>${backup_order}</var>
<arg>xpath=//select[@name="order_name"]</arg>
<status status="NOT RUN" start="2025-06-18T16:02:20.464749" elapsed="0.000027"/>
</kw>
<kw name="Random Money Help" owner="Home_inspect">
<var>${backup_money_help}</var>
<arg>xpath=//input[@name="money_help"]</arg>
<status status="NOT RUN" start="2025-06-18T16:02:20.464912" elapsed="0.000025"/>
</kw>
<kw name="Random How Payment Value" owner="Order">
<var>${backup_how_payment}</var>
<arg>xpath=//select[@name="transfer_money_type"]</arg>
<status status="NOT RUN" start="2025-06-18T16:02:20.465068" elapsed="0.000025"/>
</kw>
<kw name="Random Select By Text" owner="Random">
<var>${backup_bank_name}</var>
<arg>xpath=//select[@name="bank_name"]</arg>
<status status="NOT RUN" start="2025-06-18T16:02:20.465224" elapsed="0.000024"/>
</kw>
<kw name="Input Text" owner="SeleniumLibrary">
<arg>xpath=//input[@name='bank_branch']</arg>
<arg>automated test</arg>
<doc>Types the given ``text`` into the text field identified by ``locator``.</doc>
<status status="NOT RUN" start="2025-06-18T16:02:20.465411" elapsed="0.000033"/>
</kw>
<kw name="Set Variable" owner="BuiltIn">
<var>${backup_bank_branch}</var>
<arg>automated test</arg>
<doc>Returns the given values which can then be assigned to a variables.</doc>
<status status="NOT RUN" start="2025-06-18T16:02:20.465580" elapsed="0.000024"/>
</kw>
<kw name="Input Text" owner="SeleniumLibrary">
<arg>xpath=//input[@name='account_number']</arg>
<arg>1669931231</arg>
<doc>Types the given ``text`` into the text field identified by ``locator``.</doc>
<status status="NOT RUN" start="2025-06-18T16:02:20.465722" elapsed="0.000023"/>
</kw>
<kw name="Set Variable" owner="BuiltIn">
<var>${backup_account_number}</var>
<arg>1669931231</arg>
<doc>Returns the given values which can then be assigned to a variables.</doc>
<status status="NOT RUN" start="2025-06-18T16:02:20.465866" elapsed="0.000023"/>
</kw>
<kw name="Input Text" owner="SeleniumLibrary">
<arg>xpath=//input[@name='account_name']</arg>
<arg>automated test</arg>
<doc>Types the given ``text`` into the text field identified by ``locator``.</doc>
<status status="NOT RUN" start="2025-06-18T16:02:20.466012" elapsed="0.000017"/>
</kw>
<kw name="Set Variable" owner="BuiltIn">
<var>${backup_account_name}</var>
<arg>automated test</arg>
<doc>Returns the given values which can then be assigned to a variables.</doc>
<status status="NOT RUN" start="2025-06-18T16:02:20.466113" elapsed="0.000016"/>
</kw>
<kw name="Random Select By Text" owner="Random">
<var>${backup_account_type}</var>
<arg>xpath=//select[@name="account_type"]</arg>
<status status="NOT RUN" start="2025-06-18T16:02:20.466239" elapsed="0.000019"/>
</kw>
<kw name="Insert All Picture Inspect" owner="Home_inspect">
<status status="NOT RUN" start="2025-06-18T16:02:20.466379" elapsed="0.000019"/>
</kw>
<kw name="Click Element" owner="SeleniumLibrary">
<arg>xpath=//input[@value="บันทึกอย่างเดียว"]</arg>
<doc>Click the element identified by ``locator``.</doc>
<status status="NOT RUN" start="2025-06-18T16:02:20.466491" elapsed="0.000018"/>
</kw>
<kw name="Handle Alert" owner="SeleniumLibrary">
<arg>ACCEPT</arg>
<doc>Handles the current alert and returns its message.</doc>
<status status="NOT RUN" start="2025-06-18T16:02:20.466602" elapsed="0.000017"/>
</kw>
<var name="${i}"/>
<status status="NOT RUN" start="2025-06-18T16:02:20.460124" elapsed="0.006522"/>
</iter>
<var>${i}</var>
<value>3</value>
<status status="NOT RUN" start="2025-06-18T16:02:20.459716" elapsed="0.006976"/>
</for>
<kw name="Sleep" owner="BuiltIn">
<arg>5s</arg>
<doc>Pauses the test executed for the given time.</doc>
<status status="NOT RUN" start="2025-06-18T16:02:20.466801" elapsed="0.000019"/>
</kw>
<kw name="Close All Browsers" owner="SeleniumLibrary">
<doc>Closes all open browsers and resets the browser cache.</doc>
<status status="NOT RUN" start="2025-06-18T16:02:20.466912" elapsed="0.000017"/>
</kw>
<var name="${item}">{'province': 'พังงา', 'username': 'pnatnsw', 'password': 'pnatnsw#smart3'}</var>
<status status="FAIL" start="2025-06-18T16:02:14.661331" elapsed="5.805655">WebDriverException: Message: unknown error: net::ERR_CONNECTION_REFUSED
  (Session info: chrome=137.0.7151.104)
Stacktrace:
	GetHandleVerifier [0x0x7ff694e7cda5+78885]
	GetHandleVerifier [0x0x7ff694e7ce00+78976]
	(No symbol) [0x0x7ff694c39bca]
	(No symbol) [0x0x7ff694c365e2]
	(No symbol) [0x0x7ff694c27319]
	(No symbol) [0x0x7ff694c290c1]
	(No symbol) [0x0x7ff694c27636]
	(No symbol) [0x0x7ff694c27096]
	(No symbol) [0x0x7ff694c26d5a]
	(No symbol) [0x0x7ff694c2492f]
	(No symbol) [0x0x7ff694c251ac]
	(No symbol) [0x0x7ff694c3db7a]
	(No symbol) [0x0x7ff694ce201e]
	(No symbol) [0x0x7ff694cb8b8a]
	(No symbol) [0x0x7ff694ce122f]
	(No symbol) [0x0x7ff694cb8963]
	(No symbol) [0x0x7ff694c816b1]
	(No symbol) [0x0x7ff694c82443]
	GetHandleVerifier [0x0x7ff695154eed+3061101]
	GetHandleVerifier [0x0x7ff69514f33d+3037629]
	GetHandleVerifier [0x0x7ff69516e592+3165202]
	GetHandleVerifier [0x0x7ff694e9730e+186766]
	GetHandleVerifier [0x0x7ff694e9eb3f+217535]
	GetHandleVerifier [0x0x7ff694e859b4+114740]
	GetHandleVerifier [0x0x7ff694e85b69+115177]
	GetHandleVerifier [0x0x7ff694e6c368+10728]
	BaseThreadInitThunk [0x0x7ffb91dde8d7+23]
	RtlUserThreadStart [0x0x7ffb93f3c34c+44]
</status>
</iter>
<var>${item}</var>
<value>@{json_array}</value>
<status status="FAIL" start="2025-06-18T16:02:14.660688" elapsed="5.806372">WebDriverException: Message: unknown error: net::ERR_CONNECTION_REFUSED
  (Session info: chrome=137.0.7151.104)
Stacktrace:
	GetHandleVerifier [0x0x7ff694e7cda5+78885]
	GetHandleVerifier [0x0x7ff694e7ce00+78976]
	(No symbol) [0x0x7ff694c39bca]
	(No symbol) [0x0x7ff694c365e2]
	(No symbol) [0x0x7ff694c27319]
	(No symbol) [0x0x7ff694c290c1]
	(No symbol) [0x0x7ff694c27636]
	(No symbol) [0x0x7ff694c27096]
	(No symbol) [0x0x7ff694c26d5a]
	(No symbol) [0x0x7ff694c2492f]
	(No symbol) [0x0x7ff694c251ac]
	(No symbol) [0x0x7ff694c3db7a]
	(No symbol) [0x0x7ff694ce201e]
	(No symbol) [0x0x7ff694cb8b8a]
	(No symbol) [0x0x7ff694ce122f]
	(No symbol) [0x0x7ff694cb8963]
	(No symbol) [0x0x7ff694c816b1]
	(No symbol) [0x0x7ff694c82443]
	GetHandleVerifier [0x0x7ff695154eed+3061101]
	GetHandleVerifier [0x0x7ff69514f33d+3037629]
	GetHandleVerifier [0x0x7ff69516e592+3165202]
	GetHandleVerifier [0x0x7ff694e9730e+186766]
	GetHandleVerifier [0x0x7ff694e9eb3f+217535]
	GetHandleVerifier [0x0x7ff694e859b4+114740]
	GetHandleVerifier [0x0x7ff694e85b69+115177]
	GetHandleVerifier [0x0x7ff694e6c368+10728]
	BaseThreadInitThunk [0x0x7ffb91dde8d7+23]
	RtlUserThreadStart [0x0x7ffb93f3c34c+44]
</status>
</for>
<status status="FAIL" start="2025-06-18T16:02:14.658131" elapsed="5.809427">WebDriverException: Message: unknown error: net::ERR_CONNECTION_REFUSED
  (Session info: chrome=137.0.7151.104)
Stacktrace:
	GetHandleVerifier [0x0x7ff694e7cda5+78885]
	GetHandleVerifier [0x0x7ff694e7ce00+78976]
	(No symbol) [0x0x7ff694c39bca]
	(No symbol) [0x0x7ff694c365e2]
	(No symbol) [0x0x7ff694c27319]
	(No symbol) [0x0x7ff694c290c1]
	(No symbol) [0x0x7ff694c27636]
	(No symbol) [0x0x7ff694c27096]
	(No symbol) [0x0x7ff694c26d5a]
	(No symbol) [0x0x7ff694c2492f]
	(No symbol) [0x0x7ff694c251ac]
	(No symbol) [0x0x7ff694c3db7a]
	(No symbol) [0x0x7ff694ce201e]
	(No symbol) [0x0x7ff694cb8b8a]
	(No symbol) [0x0x7ff694ce122f]
	(No symbol) [0x0x7ff694cb8963]
	(No symbol) [0x0x7ff694c816b1]
	(No symbol) [0x0x7ff694c82443]
	GetHandleVerifier [0x0x7ff695154eed+3061101]
	GetHandleVerifier [0x0x7ff69514f33d+3037629]
	GetHandleVerifier [0x0x7ff69516e592+3165202]
	GetHandleVerifier [0x0x7ff694e9730e+186766]
	GetHandleVerifier [0x0x7ff694e9eb3f+217535]
	GetHandleVerifier [0x0x7ff694e859b4+114740]
	GetHandleVerifier [0x0x7ff694e85b69+115177]
	GetHandleVerifier [0x0x7ff694e6c368+10728]
	BaseThreadInitThunk [0x0x7ffb91dde8d7+23]
	RtlUserThreadStart [0x0x7ffb93f3c34c+44]
</status>
</test>
<test id="s1-s1-s1-t3" name="TC_2_001 | with json" line="98">
<kw name="Set Variable" owner="BuiltIn">
<msg time="2025-06-18T16:02:20.469796" level="INFO">${DATA_FILE_PATH} = C:\robotframework\robot_vsmart\import_doc_case\json\data_test/</msg>
<var>${DATA_FILE_PATH}</var>
<arg>C:\\robotframework\\robot_vsmart\\import_doc_case${/}json${/}data_test/</arg>
<doc>Returns the given values which can then be assigned to a variables.</doc>
<status status="PASS" start="2025-06-18T16:02:20.469610" elapsed="0.000209"/>
</kw>
<kw name="Read JSON Data" owner="JsonData">
<kw name="Get File" owner="OperatingSystem">
<msg time="2025-06-18T16:02:20.471140" level="INFO" html="true">Getting file '&lt;a href="file://C:\robotframework\robot_vsmart\import_doc_case\json\data_test\data1.json"&gt;C:\robotframework\robot_vsmart\import_doc_case\json\data_test\data1.json&lt;/a&gt;'.</msg>
<msg time="2025-06-18T16:02:20.472308" level="INFO">${json_string} = {
    "Informer": {
        "tpmap": "True",
        "informer_type": "1",
        "i_cid": "1231231231234",
        "i_prefix": "3",
        "i_firstname": "ทดสอบชื่อ",
        "i_last_name": "ทดสอบน...</msg>
<var>${json_string}</var>
<arg>${json_file}</arg>
<doc>Returns the contents of a specified file.</doc>
<status status="PASS" start="2025-06-18T16:02:20.471034" elapsed="0.001312"/>
</kw>
<kw name="Evaluate" owner="BuiltIn">
<msg time="2025-06-18T16:02:20.474242" level="INFO">${json_data} = {'Informer': {'tpmap': 'True', 'informer_type': '1', 'i_cid': '1231231231234', 'i_prefix': '3', 'i_firstname': 'ทดสอบชื่อ', 'i_last_name': 'ทดสอบนามสกุล', 'i_date': '1989-02-24', 'i_edu': '1', 'i_ethn...</msg>
<var>${json_data}</var>
<arg>json.loads('''${json_string}''')</arg>
<arg>json</arg>
<doc>Evaluates the given expression in Python and returns the result.</doc>
<status status="PASS" start="2025-06-18T16:02:20.472494" elapsed="0.001849"/>
</kw>
<return>
<value>${json_data}</value>
<status status="PASS" start="2025-06-18T16:02:20.474481" elapsed="0.000101"/>
</return>
<msg time="2025-06-18T16:02:20.474981" level="INFO">${data} = {'Informer': {'tpmap': 'True', 'informer_type': '1', 'i_cid': '1231231231234', 'i_prefix': '3', 'i_firstname': 'ทดสอบชื่อ', 'i_last_name': 'ทดสอบนามสกุล', 'i_date': '1989-02-24', 'i_edu': '1', 'i_ethn...</msg>
<var>${data}</var>
<arg>${DATA_FILE_PATH}data1.json</arg>
<status status="PASS" start="2025-06-18T16:02:20.470544" elapsed="0.004492"/>
</kw>
<kw name="Set Selenium Speed" owner="SeleniumLibrary">
<arg>${Delay}</arg>
<doc>Sets the delay that is waited after each Selenium command.</doc>
<status status="PASS" start="2025-06-18T16:02:20.475626" elapsed="0.000407"/>
</kw>
<kw name="Run Notebook And Get Variables">
<msg time="2025-06-18T16:02:20.481111" level="FAIL">No keyword with name 'Run Notebook And Get Variables' found. Did you try using keyword 'OperatingSystem.Run' and forgot to use enough whitespace between keyword and arguments?</msg>
<var>${citizen_id}</var>
<var>${firstname}</var>
<var>${lastname}</var>
<var>${prefix}</var>
<arg>random_cid_name.ipynb</arg>
<status status="FAIL" start="2025-06-18T16:02:20.481008" elapsed="0.000169">No keyword with name 'Run Notebook And Get Variables' found. Did you try using keyword 'OperatingSystem.Run' and forgot to use enough whitespace between keyword and arguments?</status>
</kw>
<kw name="Login Vsmart" owner="Login_Vsmart">
<arg>icetest33</arg>
<arg>88888888</arg>
<status status="NOT RUN" start="2025-06-18T16:02:20.481669" elapsed="0.000049"/>
</kw>
<kw name="Goto import doc case" owner="Import_Doc_Case">
<status status="NOT RUN" start="2025-06-18T16:02:20.482107" elapsed="0.000036"/>
</kw>
<kw name="Wait Until Keyword Succeeds" owner="BuiltIn">
<arg>1 min</arg>
<arg>100ms</arg>
<arg>Switch To New Window</arg>
<doc>Runs the specified keyword and retries if it fails.</doc>
<status status="NOT RUN" start="2025-06-18T16:02:20.482501" elapsed="0.000027"/>
</kw>
<kw name="Sleep" owner="BuiltIn">
<arg>3s</arg>
<doc>Pauses the test executed for the given time.</doc>
<status status="NOT RUN" start="2025-06-18T16:02:20.482894" elapsed="0.000030"/>
</kw>
<kw name="Execute Javascript" owner="SeleniumLibrary">
<arg>window.location.reload();</arg>
<doc>Executes the given JavaScript code with possible arguments.</doc>
<status status="NOT RUN" start="2025-06-18T16:02:20.483334" elapsed="0.000042"/>
</kw>
<kw name="Fill Informer Form From JSON" owner="Consent_Form">
<arg>${data}</arg>
<status status="NOT RUN" start="2025-06-18T16:02:20.483996" elapsed="0.000035"/>
</kw>
<kw name="Informer over 18 years old From JSON" owner="Informer">
<arg>${data}</arg>
<status status="NOT RUN" start="2025-06-18T16:02:20.484392" elapsed="0.000033"/>
</kw>
<kw name="Insert Family Memeber From JSON" owner="Family_Member">
<arg>${data}</arg>
<status status="NOT RUN" start="2025-06-18T16:02:20.484820" elapsed="0.000029"/>
</kw>
<kw name="Info About Informer From JSON" owner="Info_About_Informer">
<arg>${data}</arg>
<status status="NOT RUN" start="2025-06-18T16:02:20.485196" elapsed="0.000027"/>
</kw>
<kw name="Set Variable" owner="BuiltIn">
<var>${Type_Service}</var>
<arg>${data['TypeService']}</arg>
<doc>Returns the given values which can then be assigned to a variables.</doc>
<status status="NOT RUN" start="2025-06-18T16:02:20.485584" elapsed="0.000029"/>
</kw>
<kw name="Select Random Multiple Checkboxes By Name FORM FIVE With Json" owner="Checkbox_Form_Five">
<arg>${Type_Service}</arg>
<arg>modal_section5_</arg>
<status status="NOT RUN" start="2025-06-18T16:02:20.486023" elapsed="0.000034"/>
</kw>
<kw name="Wait Until Element Is Visible" owner="SeleniumLibrary">
<arg>xpath=//a[@id='icon_checked_6']</arg>
<doc>Waits until the element ``locator`` is visible.</doc>
<status status="NOT RUN" start="2025-06-18T16:02:20.486288" elapsed="0.000030"/>
</kw>
<kw name="Set Variable" owner="BuiltIn">
<var>${StatusProblem}</var>
<arg>${data['StatusProblem']}</arg>
<doc>Returns the given values which can then be assigned to a variables.</doc>
<status status="NOT RUN" start="2025-06-18T16:02:20.486585" elapsed="0.000041"/>
</kw>
<kw name="Select Random Multiple Checkboxes By Name FORM SIX With Json" owner="Checkbox_Form_Six">
<arg>${StatusProblem}</arg>
<arg>modal_section6_</arg>
<status status="NOT RUN" start="2025-06-18T16:02:20.487218" elapsed="0.000042"/>
</kw>
<kw name="Set Variable" owner="BuiltIn">
<var>${HelpingType}</var>
<arg>${data['HelpingType']}</arg>
<doc>Returns the given values which can then be assigned to a variables.</doc>
<status status="NOT RUN" start="2025-06-18T16:02:20.487572" elapsed="0.000032"/>
</kw>
<kw name="Select Random Multiple Checkboxes By Name FORM SEVEN With Json" owner="Checkbox_Form_Seven">
<arg>${HelpingType}</arg>
<arg>modal_section7_</arg>
<status status="NOT RUN" start="2025-06-18T16:02:20.488033" elapsed="0.000054"/>
</kw>
<kw name="Set Variable" owner="BuiltIn">
<var>${Benefit}</var>
<arg>${data['Benefit']}</arg>
<doc>Returns the given values which can then be assigned to a variables.</doc>
<status status="NOT RUN" start="2025-06-18T16:02:20.488410" elapsed="0.000028"/>
</kw>
<kw name="Select Random Multiple Checkboxes By Name FORM EIGHT With Json" owner="Checkbox_Form_Eight">
<arg>${Benefit}</arg>
<arg>modal_section8_</arg>
<status status="NOT RUN" start="2025-06-18T16:02:20.488962" elapsed="0.000041"/>
</kw>
<kw name="Set Variable" owner="BuiltIn">
<var>${VisitHome}</var>
<arg>${data['VisitHome']}</arg>
<doc>Returns the given values which can then be assigned to a variables.</doc>
<status status="NOT RUN" start="2025-06-18T16:02:20.489309" elapsed="0.000030"/>
</kw>
<kw name="Execute Javascript" owner="SeleniumLibrary">
<arg>document.querySelector('#s_housingconditions').value = '${VisitHome['s_housingconditions']}'</arg>
<arg>ARGUMENTS</arg>
<arg>1</arg>
<doc>Executes the given JavaScript code with possible arguments.</doc>
<status status="NOT RUN" start="2025-06-18T16:02:20.489652" elapsed="0.000035"/>
</kw>
<kw name="Execute Javascript" owner="SeleniumLibrary">
<arg>document.querySelector('#s_problem').value = '${VisitHome['s_problem']}'</arg>
<arg>ARGUMENTS</arg>
<arg>1</arg>
<doc>Executes the given JavaScript code with possible arguments.</doc>
<status status="NOT RUN" start="2025-06-18T16:02:20.490075" elapsed="0.000028"/>
</kw>
<kw name="Execute Javascript" owner="SeleniumLibrary">
<arg>document.querySelector('#s_comment').value = '${VisitHome['s_comment']}'</arg>
<arg>ARGUMENTS</arg>
<arg>1</arg>
<doc>Executes the given JavaScript code with possible arguments.</doc>
<status status="NOT RUN" start="2025-06-18T16:02:20.490507" elapsed="0.000022"/>
</kw>
<kw name="Select From List By Value" owner="SeleniumLibrary">
<arg>xpath=//select[@id='order_name']</arg>
<arg>${VisitHome['order_name']}</arg>
<doc>Selects options from selection list ``locator`` by ``values``.</doc>
<status status="NOT RUN" start="2025-06-18T16:02:20.490715" elapsed="0.000020"/>
</kw>
<kw name="Input Text" owner="SeleniumLibrary">
<arg>xpath=//input[@id='money_help']</arg>
<arg>${VisitHome['money_help']}</arg>
<doc>Types the given ``text`` into the text field identified by ``locator``.</doc>
<status status="NOT RUN" start="2025-06-18T16:02:20.490907" elapsed="0.000019"/>
</kw>
<kw name="Select From List By Value" owner="SeleniumLibrary">
<arg>xpath=//select[@id='transfer_money_type']</arg>
<arg>${VisitHome['transfer_money_type']}</arg>
<doc>Selects options from selection list ``locator`` by ``values``.</doc>
<status status="NOT RUN" start="2025-06-18T16:02:20.491106" elapsed="0.000018"/>
</kw>
<kw name="Select From List By Value" owner="SeleniumLibrary">
<arg>xpath=//select[@id='bank_name']</arg>
<arg>${VisitHome['bank_name']}</arg>
<doc>Selects options from selection list ``locator`` by ``values``.</doc>
<status status="NOT RUN" start="2025-06-18T16:02:20.491292" elapsed="0.000018"/>
</kw>
<kw name="Execute Javascript" owner="SeleniumLibrary">
<arg>document.querySelector('#bank_branch').value = '${VisitHome['bank_branch']}'</arg>
<arg>ARGUMENTS</arg>
<arg>1</arg>
<doc>Executes the given JavaScript code with possible arguments.</doc>
<status status="NOT RUN" start="2025-06-18T16:02:20.491478" elapsed="0.000018"/>
</kw>
<kw name="Execute Javascript" owner="SeleniumLibrary">
<arg>document.querySelector('#account_number').value = '${VisitHome['account_number']}'</arg>
<arg>ARGUMENTS</arg>
<arg>1</arg>
<doc>Executes the given JavaScript code with possible arguments.</doc>
<status status="NOT RUN" start="2025-06-18T16:02:20.491664" elapsed="0.000017"/>
</kw>
<kw name="Execute Javascript" owner="SeleniumLibrary">
<arg>document.querySelector('#account_name').value = '${VisitHome['account_name']}'</arg>
<arg>ARGUMENTS</arg>
<arg>1</arg>
<doc>Executes the given JavaScript code with possible arguments.</doc>
<status status="NOT RUN" start="2025-06-18T16:02:20.491849" elapsed="0.000018"/>
</kw>
<kw name="Select From List By Value" owner="SeleniumLibrary">
<arg>xpath=//select[@name='account_type']</arg>
<arg>${VisitHome['account_type']}</arg>
<doc>Selects options from selection list ``locator`` by ``values``.</doc>
<status status="NOT RUN" start="2025-06-18T16:02:20.492244" elapsed="0.000020"/>
</kw>
<kw name="Insert All Picture Inspect" owner="Home_inspect">
<status status="NOT RUN" start="2025-06-18T16:02:20.492483" elapsed="0.000023"/>
</kw>
<status status="FAIL" start="2025-06-18T16:02:20.469160" elapsed="0.023543">No keyword with name 'Run Notebook And Get Variables' found. Did you try using keyword 'OperatingSystem.Run' and forgot to use enough whitespace between keyword and arguments?</status>
</test>
<status status="FAIL" start="2025-06-18T16:02:13.877995" elapsed="6.615413"/>
</suite>
<suite id="s1-s1-s2" name="Main2" source="C:\robotframework\robot_vsmart\import_doc_case\main2.robot">
<test id="s1-s1-s2-t1" name="JQuery Datepicker Date In Past" line="7">
<kw name="Load JQuery Theme Page">
<kw name="Open Browser" owner="SeleniumLibrary">
<msg time="2025-06-18T16:02:20.498715" level="INFO">Opening browser 'Chrome' to base url 'https://jqueryui.com/themeroller/'.</msg>
<arg>https://jqueryui.com/themeroller/</arg>
<arg>Chrome</arg>
<doc>Opens a new browser instance to the optional ``url``.</doc>
<status status="PASS" start="2025-06-18T16:02:20.498581" elapsed="2.097248"/>
</kw>
<kw name="Scroll Element Into View" owner="SeleniumLibrary">
<arg>id:datepicker</arg>
<doc>Scrolls the element identified by ``locator`` into view.</doc>
<status status="PASS" start="2025-06-18T16:02:22.596075" elapsed="0.374009"/>
</kw>
<kw name="Scroll Element Into View" owner="SeleniumLibrary">
<arg>id:progressbar</arg>
<doc>Scrolls the element identified by ``locator`` into view.</doc>
<status status="PASS" start="2025-06-18T16:02:22.970367" elapsed="0.280456"/>
</kw>
<status status="PASS" start="2025-06-18T16:02:20.498349" elapsed="2.752726"/>
</kw>
<kw name="Select Date From DatePicker">
<kw name="Evaluate" owner="BuiltIn">
<msg time="2025-06-18T16:02:23.252378" level="INFO">${NewYear} = 2020</msg>
<msg time="2025-06-18T16:02:23.252436" level="INFO">${NewMonth} = 01</msg>
<msg time="2025-06-18T16:02:23.252484" level="INFO">${NewDay} = 01</msg>
<var>${NewYear}</var>
<var>${NewMonth}</var>
<var>${NewDay}</var>
<arg>"${NewDate}".split("-")</arg>
<doc>Evaluates the given expression in Python and returns the result.</doc>
<status status="PASS" start="2025-06-18T16:02:23.252012" elapsed="0.000496"/>
</kw>
<kw name="Convert To Integer" owner="BuiltIn">
<msg time="2025-06-18T16:02:23.253346" level="INFO">${NewMonth} = 1</msg>
<var>${NewMonth}</var>
<arg>${NewMonth}</arg>
<doc>Converts the given item to an integer number.</doc>
<status status="PASS" start="2025-06-18T16:02:23.252831" elapsed="0.000595"/>
</kw>
<kw name="Convert To Integer" owner="BuiltIn">
<msg time="2025-06-18T16:02:23.254210" level="INFO">${NewDay} = 1</msg>
<var>${NewDay}</var>
<arg>${NewDay}</arg>
<doc>Converts the given item to an integer number.</doc>
<status status="PASS" start="2025-06-18T16:02:23.253736" elapsed="0.000555"/>
</kw>
<kw name="Wait Until Keyword Succeeds" owner="BuiltIn">
<kw name="Move DatePicker To Year">
<kw name="DatePicker Current Year">
<kw name="Get Text" owner="SeleniumLibrary">
<msg time="2025-06-18T16:02:23.283024" level="INFO">${DPYear} = 2025</msg>
<var>${DPYear}</var>
<arg>//div[@id="datepicker"]//span[@class="ui-datepicker-year"]</arg>
<doc>Returns the text value of the element identified by ``locator``.</doc>
<status status="PASS" start="2025-06-18T16:02:23.256548" elapsed="0.026534"/>
</kw>
<return>
<value>${DPYear}</value>
<status status="PASS" start="2025-06-18T16:02:23.283201" elapsed="0.000099"/>
</return>
<msg time="2025-06-18T16:02:23.283487" level="INFO">${CurrYear} = 2025</msg>
<var>${CurrYear}</var>
<status status="PASS" start="2025-06-18T16:02:23.256244" elapsed="0.027272"/>
</kw>
<kw name="Run Keyword If" owner="BuiltIn">
<arg>${NewYear}&gt;${CurrYear}</arg>
<arg>DatePicker Click Next Month</arg>
<doc>Runs the given keyword with the given arguments, if ``condition`` is true.</doc>
<status status="PASS" start="2025-06-18T16:02:23.283676" elapsed="0.000248"/>
</kw>
<kw name="Run Keyword If" owner="BuiltIn">
<kw name="DatePicker Click Prev Month">
<kw name="Click Link" owner="SeleniumLibrary">
<msg time="2025-06-18T16:02:23.284781" level="INFO">Clicking link '//div[@id="datepicker"]//a[@title="Prev"]'.</msg>
<arg>//div[@id="datepicker"]//a[@title="Prev"]</arg>
<doc>Clicks a link identified by ``locator``.</doc>
<status status="PASS" start="2025-06-18T16:02:23.284588" elapsed="0.066037"/>
</kw>
<status status="PASS" start="2025-06-18T16:02:23.284344" elapsed="0.066411"/>
</kw>
<arg>${NewYear}&lt;${CurrYear}</arg>
<arg>DatePicker Click Prev Month</arg>
<doc>Runs the given keyword with the given arguments, if ``condition`` is true.</doc>
<status status="PASS" start="2025-06-18T16:02:23.284059" elapsed="0.066744"/>
</kw>
<kw name="DatePicker Current Year">
<kw name="Get Text" owner="SeleniumLibrary">
<msg time="2025-06-18T16:02:23.366691" level="INFO">${DPYear} = 2025</msg>
<var>${DPYear}</var>
<arg>//div[@id="datepicker"]//span[@class="ui-datepicker-year"]</arg>
<doc>Returns the text value of the element identified by ``locator``.</doc>
<status status="PASS" start="2025-06-18T16:02:23.351238" elapsed="0.015565"/>
</kw>
<return>
<value>${DPYear}</value>
<status status="PASS" start="2025-06-18T16:02:23.366894" elapsed="0.000057"/>
</return>
<msg time="2025-06-18T16:02:23.367096" level="INFO">${CurrYear} = 2025</msg>
<var>${CurrYear}</var>
<status status="PASS" start="2025-06-18T16:02:23.350984" elapsed="0.016135"/>
</kw>
<kw name="Should Be Equal As Numbers" owner="BuiltIn">
<msg time="2025-06-18T16:02:23.367504" level="FAIL">2025.0 != 2020.0</msg>
<arg>${CurrYear}</arg>
<arg>${NewYear}</arg>
<doc>Fails if objects are unequal after converting them to real numbers.</doc>
<status status="FAIL" start="2025-06-18T16:02:23.367239" elapsed="0.000364">2025.0 != 2020.0</status>
</kw>
<arg>${NewYear}</arg>
<status status="FAIL" start="2025-06-18T16:02:23.255364" elapsed="0.112348">2025.0 != 2020.0</status>
</kw>
<kw name="Move DatePicker To Year">
<kw name="DatePicker Current Year">
<kw name="Get Text" owner="SeleniumLibrary">
<msg time="2025-06-18T16:02:23.482995" level="INFO">${DPYear} = 2025</msg>
<var>${DPYear}</var>
<arg>//div[@id="datepicker"]//span[@class="ui-datepicker-year"]</arg>
<doc>Returns the text value of the element identified by ``locator``.</doc>
<status status="PASS" start="2025-06-18T16:02:23.468800" elapsed="0.014253"/>
</kw>
<return>
<value>${DPYear}</value>
<status status="PASS" start="2025-06-18T16:02:23.483204" elapsed="0.000076"/>
</return>
<msg time="2025-06-18T16:02:23.483459" level="INFO">${CurrYear} = 2025</msg>
<var>${CurrYear}</var>
<status status="PASS" start="2025-06-18T16:02:23.468626" elapsed="0.014864"/>
</kw>
<kw name="Run Keyword If" owner="BuiltIn">
<arg>${NewYear}&gt;${CurrYear}</arg>
<arg>DatePicker Click Next Month</arg>
<doc>Runs the given keyword with the given arguments, if ``condition`` is true.</doc>
<status status="PASS" start="2025-06-18T16:02:23.483661" elapsed="0.000330"/>
</kw>
<kw name="Run Keyword If" owner="BuiltIn">
<kw name="DatePicker Click Prev Month">
<kw name="Click Link" owner="SeleniumLibrary">
<msg time="2025-06-18T16:02:23.486034" level="INFO">Clicking link '//div[@id="datepicker"]//a[@title="Prev"]'.</msg>
<arg>//div[@id="datepicker"]//a[@title="Prev"]</arg>
<doc>Clicks a link identified by ``locator``.</doc>
<status status="PASS" start="2025-06-18T16:02:23.485620" elapsed="0.098687"/>
</kw>
<status status="PASS" start="2025-06-18T16:02:23.485033" elapsed="0.099387"/>
</kw>
<arg>${NewYear}&lt;${CurrYear}</arg>
<arg>DatePicker Click Prev Month</arg>
<doc>Runs the given keyword with the given arguments, if ``condition`` is true.</doc>
<status status="PASS" start="2025-06-18T16:02:23.484323" elapsed="0.100141"/>
</kw>
<kw name="DatePicker Current Year">
<kw name="Get Text" owner="SeleniumLibrary">
<msg time="2025-06-18T16:02:23.595927" level="INFO">${DPYear} = 2025</msg>
<var>${DPYear}</var>
<arg>//div[@id="datepicker"]//span[@class="ui-datepicker-year"]</arg>
<doc>Returns the text value of the element identified by ``locator``.</doc>
<status status="PASS" start="2025-06-18T16:02:23.584877" elapsed="0.011117"/>
</kw>
<return>
<value>${DPYear}</value>
<status status="PASS" start="2025-06-18T16:02:23.596115" elapsed="0.000076"/>
</return>
<msg time="2025-06-18T16:02:23.596346" level="INFO">${CurrYear} = 2025</msg>
<var>${CurrYear}</var>
<status status="PASS" start="2025-06-18T16:02:23.584644" elapsed="0.011725"/>
</kw>
<kw name="Should Be Equal As Numbers" owner="BuiltIn">
<msg time="2025-06-18T16:02:23.596732" level="FAIL">2025.0 != 2020.0</msg>
<arg>${CurrYear}</arg>
<arg>${NewYear}</arg>
<doc>Fails if objects are unequal after converting them to real numbers.</doc>
<status status="FAIL" start="2025-06-18T16:02:23.596509" elapsed="0.000288">2025.0 != 2020.0</status>
</kw>
<arg>${NewYear}</arg>
<status status="FAIL" start="2025-06-18T16:02:23.468306" elapsed="0.128589">2025.0 != 2020.0</status>
</kw>
<kw name="Move DatePicker To Year">
<kw name="DatePicker Current Year">
<kw name="Get Text" owner="SeleniumLibrary">
<msg time="2025-06-18T16:02:23.717617" level="INFO">${DPYear} = 2025</msg>
<var>${DPYear}</var>
<arg>//div[@id="datepicker"]//span[@class="ui-datepicker-year"]</arg>
<doc>Returns the text value of the element identified by ``locator``.</doc>
<status status="PASS" start="2025-06-18T16:02:23.699516" elapsed="0.018142"/>
</kw>
<return>
<value>${DPYear}</value>
<status status="PASS" start="2025-06-18T16:02:23.717736" elapsed="0.000046"/>
</return>
<msg time="2025-06-18T16:02:23.717898" level="INFO">${CurrYear} = 2025</msg>
<var>${CurrYear}</var>
<status status="PASS" start="2025-06-18T16:02:23.698950" elapsed="0.018968"/>
</kw>
<kw name="Run Keyword If" owner="BuiltIn">
<arg>${NewYear}&gt;${CurrYear}</arg>
<arg>DatePicker Click Next Month</arg>
<doc>Runs the given keyword with the given arguments, if ``condition`` is true.</doc>
<status status="PASS" start="2025-06-18T16:02:23.718031" elapsed="0.000171"/>
</kw>
<kw name="Run Keyword If" owner="BuiltIn">
<kw name="DatePicker Click Prev Month">
<kw name="Click Link" owner="SeleniumLibrary">
<msg time="2025-06-18T16:02:23.719054" level="INFO">Clicking link '//div[@id="datepicker"]//a[@title="Prev"]'.</msg>
<arg>//div[@id="datepicker"]//a[@title="Prev"]</arg>
<doc>Clicks a link identified by ``locator``.</doc>
<status status="PASS" start="2025-06-18T16:02:23.718854" elapsed="0.047022"/>
</kw>
<status status="PASS" start="2025-06-18T16:02:23.718605" elapsed="0.047428"/>
</kw>
<arg>${NewYear}&lt;${CurrYear}</arg>
<arg>DatePicker Click Prev Month</arg>
<doc>Runs the given keyword with the given arguments, if ``condition`` is true.</doc>
<status status="PASS" start="2025-06-18T16:02:23.718316" elapsed="0.047788"/>
</kw>
<kw name="DatePicker Current Year">
<kw name="Get Text" owner="SeleniumLibrary">
<msg time="2025-06-18T16:02:23.778411" level="INFO">${DPYear} = 2025</msg>
<var>${DPYear}</var>
<arg>//div[@id="datepicker"]//span[@class="ui-datepicker-year"]</arg>
<doc>Returns the text value of the element identified by ``locator``.</doc>
<status status="PASS" start="2025-06-18T16:02:23.766610" elapsed="0.011860"/>
</kw>
<return>
<value>${DPYear}</value>
<status status="PASS" start="2025-06-18T16:02:23.778569" elapsed="0.000073"/>
</return>
<msg time="2025-06-18T16:02:23.778847" level="INFO">${CurrYear} = 2025</msg>
<var>${CurrYear}</var>
<status status="PASS" start="2025-06-18T16:02:23.766329" elapsed="0.012552"/>
</kw>
<kw name="Should Be Equal As Numbers" owner="BuiltIn">
<msg time="2025-06-18T16:02:23.779304" level="FAIL">2025.0 != 2020.0</msg>
<arg>${CurrYear}</arg>
<arg>${NewYear}</arg>
<doc>Fails if objects are unequal after converting them to real numbers.</doc>
<status status="FAIL" start="2025-06-18T16:02:23.779044" elapsed="0.000325">2025.0 != 2020.0</status>
</kw>
<arg>${NewYear}</arg>
<status status="FAIL" start="2025-06-18T16:02:23.698001" elapsed="0.081463">2025.0 != 2020.0</status>
</kw>
<kw name="Move DatePicker To Year">
<kw name="DatePicker Current Year">
<kw name="Get Text" owner="SeleniumLibrary">
<msg time="2025-06-18T16:02:23.922645" level="INFO">${DPYear} = 2025</msg>
<var>${DPYear}</var>
<arg>//div[@id="datepicker"]//span[@class="ui-datepicker-year"]</arg>
<doc>Returns the text value of the element identified by ``locator``.</doc>
<status status="PASS" start="2025-06-18T16:02:23.881670" elapsed="0.041031"/>
</kw>
<return>
<value>${DPYear}</value>
<status status="PASS" start="2025-06-18T16:02:23.922796" elapsed="0.000053"/>
</return>
<msg time="2025-06-18T16:02:23.922969" level="INFO">${CurrYear} = 2025</msg>
<var>${CurrYear}</var>
<status status="PASS" start="2025-06-18T16:02:23.881250" elapsed="0.041740"/>
</kw>
<kw name="Run Keyword If" owner="BuiltIn">
<arg>${NewYear}&gt;${CurrYear}</arg>
<arg>DatePicker Click Next Month</arg>
<doc>Runs the given keyword with the given arguments, if ``condition`` is true.</doc>
<status status="PASS" start="2025-06-18T16:02:23.923103" elapsed="0.000166"/>
</kw>
<kw name="Run Keyword If" owner="BuiltIn">
<kw name="DatePicker Click Prev Month">
<kw name="Click Link" owner="SeleniumLibrary">
<msg time="2025-06-18T16:02:23.924267" level="INFO">Clicking link '//div[@id="datepicker"]//a[@title="Prev"]'.</msg>
<arg>//div[@id="datepicker"]//a[@title="Prev"]</arg>
<doc>Clicks a link identified by ``locator``.</doc>
<status status="PASS" start="2025-06-18T16:02:23.924081" elapsed="0.050271"/>
</kw>
<status status="PASS" start="2025-06-18T16:02:23.923814" elapsed="0.050643"/>
</kw>
<arg>${NewYear}&lt;${CurrYear}</arg>
<arg>DatePicker Click Prev Month</arg>
<doc>Runs the given keyword with the given arguments, if ``condition`` is true.</doc>
<status status="PASS" start="2025-06-18T16:02:23.923535" elapsed="0.050966"/>
</kw>
<kw name="DatePicker Current Year">
<kw name="Get Text" owner="SeleniumLibrary">
<msg time="2025-06-18T16:02:23.990305" level="INFO">${DPYear} = 2025</msg>
<var>${DPYear}</var>
<arg>//div[@id="datepicker"]//span[@class="ui-datepicker-year"]</arg>
<doc>Returns the text value of the element identified by ``locator``.</doc>
<status status="PASS" start="2025-06-18T16:02:23.974871" elapsed="0.015476"/>
</kw>
<return>
<value>${DPYear}</value>
<status status="PASS" start="2025-06-18T16:02:23.990426" elapsed="0.000049"/>
</return>
<msg time="2025-06-18T16:02:23.990595" level="INFO">${CurrYear} = 2025</msg>
<var>${CurrYear}</var>
<status status="PASS" start="2025-06-18T16:02:23.974658" elapsed="0.015958"/>
</kw>
<kw name="Should Be Equal As Numbers" owner="BuiltIn">
<msg time="2025-06-18T16:02:23.990916" level="FAIL">2025.0 != 2020.0</msg>
<arg>${CurrYear}</arg>
<arg>${NewYear}</arg>
<doc>Fails if objects are unequal after converting them to real numbers.</doc>
<status status="FAIL" start="2025-06-18T16:02:23.990721" elapsed="0.000254">2025.0 != 2020.0</status>
</kw>
<arg>${NewYear}</arg>
<status status="FAIL" start="2025-06-18T16:02:23.880538" elapsed="0.110523">2025.0 != 2020.0</status>
</kw>
<kw name="Move DatePicker To Year">
<kw name="DatePicker Current Year">
<kw name="Get Text" owner="SeleniumLibrary">
<msg time="2025-06-18T16:02:24.125381" level="INFO">${DPYear} = 2025</msg>
<var>${DPYear}</var>
<arg>//div[@id="datepicker"]//span[@class="ui-datepicker-year"]</arg>
<doc>Returns the text value of the element identified by ``locator``.</doc>
<status status="PASS" start="2025-06-18T16:02:24.093920" elapsed="0.031501"/>
</kw>
<return>
<value>${DPYear}</value>
<status status="PASS" start="2025-06-18T16:02:24.125494" elapsed="0.000048"/>
</return>
<msg time="2025-06-18T16:02:24.125659" level="INFO">${CurrYear} = 2025</msg>
<var>${CurrYear}</var>
<status status="PASS" start="2025-06-18T16:02:24.093274" elapsed="0.032405"/>
</kw>
<kw name="Run Keyword If" owner="BuiltIn">
<arg>${NewYear}&gt;${CurrYear}</arg>
<arg>DatePicker Click Next Month</arg>
<doc>Runs the given keyword with the given arguments, if ``condition`` is true.</doc>
<status status="PASS" start="2025-06-18T16:02:24.125783" elapsed="0.000157"/>
</kw>
<kw name="Run Keyword If" owner="BuiltIn">
<kw name="DatePicker Click Prev Month">
<kw name="Click Link" owner="SeleniumLibrary">
<msg time="2025-06-18T16:02:24.126458" level="INFO">Clicking link '//div[@id="datepicker"]//a[@title="Prev"]'.</msg>
<arg>//div[@id="datepicker"]//a[@title="Prev"]</arg>
<doc>Clicks a link identified by ``locator``.</doc>
<status status="PASS" start="2025-06-18T16:02:24.126341" elapsed="0.065094"/>
</kw>
<status status="PASS" start="2025-06-18T16:02:24.126194" elapsed="0.065343"/>
</kw>
<arg>${NewYear}&lt;${CurrYear}</arg>
<arg>DatePicker Click Prev Month</arg>
<doc>Runs the given keyword with the given arguments, if ``condition`` is true.</doc>
<status status="PASS" start="2025-06-18T16:02:24.126024" elapsed="0.065555"/>
</kw>
<kw name="DatePicker Current Year">
<kw name="Get Text" owner="SeleniumLibrary">
<msg time="2025-06-18T16:02:24.202871" level="INFO">${DPYear} = 2025</msg>
<var>${DPYear}</var>
<arg>//div[@id="datepicker"]//span[@class="ui-datepicker-year"]</arg>
<doc>Returns the text value of the element identified by ``locator``.</doc>
<status status="PASS" start="2025-06-18T16:02:24.191942" elapsed="0.010968"/>
</kw>
<return>
<value>${DPYear}</value>
<status status="PASS" start="2025-06-18T16:02:24.202988" elapsed="0.000047"/>
</return>
<msg time="2025-06-18T16:02:24.203152" level="INFO">${CurrYear} = 2025</msg>
<var>${CurrYear}</var>
<status status="PASS" start="2025-06-18T16:02:24.191733" elapsed="0.011440"/>
</kw>
<kw name="Should Be Equal As Numbers" owner="BuiltIn">
<msg time="2025-06-18T16:02:24.203517" level="FAIL">2025.0 != 2020.0</msg>
<arg>${CurrYear}</arg>
<arg>${NewYear}</arg>
<doc>Fails if objects are unequal after converting them to real numbers.</doc>
<status status="FAIL" start="2025-06-18T16:02:24.203284" elapsed="0.000292">2025.0 != 2020.0</status>
</kw>
<arg>${NewYear}</arg>
<status status="FAIL" start="2025-06-18T16:02:24.092306" elapsed="0.111364">2025.0 != 2020.0</status>
</kw>
<kw name="Move DatePicker To Year">
<kw name="DatePicker Current Year">
<kw name="Get Text" owner="SeleniumLibrary">
<msg time="2025-06-18T16:02:24.317506" level="INFO">${DPYear} = 2025</msg>
<var>${DPYear}</var>
<arg>//div[@id="datepicker"]//span[@class="ui-datepicker-year"]</arg>
<doc>Returns the text value of the element identified by ``locator``.</doc>
<status status="PASS" start="2025-06-18T16:02:24.304531" elapsed="0.013026"/>
</kw>
<return>
<value>${DPYear}</value>
<status status="PASS" start="2025-06-18T16:02:24.317654" elapsed="0.000054"/>
</return>
<msg time="2025-06-18T16:02:24.317835" level="INFO">${CurrYear} = 2025</msg>
<var>${CurrYear}</var>
<status status="PASS" start="2025-06-18T16:02:24.304349" elapsed="0.013510"/>
</kw>
<kw name="Run Keyword If" owner="BuiltIn">
<arg>${NewYear}&gt;${CurrYear}</arg>
<arg>DatePicker Click Next Month</arg>
<doc>Runs the given keyword with the given arguments, if ``condition`` is true.</doc>
<status status="PASS" start="2025-06-18T16:02:24.317976" elapsed="0.000196"/>
</kw>
<kw name="Run Keyword If" owner="BuiltIn">
<kw name="DatePicker Click Prev Month">
<kw name="Click Link" owner="SeleniumLibrary">
<msg time="2025-06-18T16:02:24.318834" level="INFO">Clicking link '//div[@id="datepicker"]//a[@title="Prev"]'.</msg>
<arg>//div[@id="datepicker"]//a[@title="Prev"]</arg>
<doc>Clicks a link identified by ``locator``.</doc>
<status status="PASS" start="2025-06-18T16:02:24.318664" elapsed="0.055440"/>
</kw>
<status status="PASS" start="2025-06-18T16:02:24.318482" elapsed="0.055887"/>
</kw>
<arg>${NewYear}&lt;${CurrYear}</arg>
<arg>DatePicker Click Prev Month</arg>
<doc>Runs the given keyword with the given arguments, if ``condition`` is true.</doc>
<status status="PASS" start="2025-06-18T16:02:24.318275" elapsed="0.056175"/>
</kw>
<kw name="DatePicker Current Year">
<kw name="Get Text" owner="SeleniumLibrary">
<msg time="2025-06-18T16:02:24.388684" level="INFO">${DPYear} = 2024</msg>
<var>${DPYear}</var>
<arg>//div[@id="datepicker"]//span[@class="ui-datepicker-year"]</arg>
<doc>Returns the text value of the element identified by ``locator``.</doc>
<status status="PASS" start="2025-06-18T16:02:24.374955" elapsed="0.013791"/>
</kw>
<return>
<value>${DPYear}</value>
<status status="PASS" start="2025-06-18T16:02:24.388880" elapsed="0.000122"/>
</return>
<msg time="2025-06-18T16:02:24.389264" level="INFO">${CurrYear} = 2024</msg>
<var>${CurrYear}</var>
<status status="PASS" start="2025-06-18T16:02:24.374686" elapsed="0.014617"/>
</kw>
<kw name="Should Be Equal As Numbers" owner="BuiltIn">
<msg time="2025-06-18T16:02:24.389757" level="FAIL">2024.0 != 2020.0</msg>
<arg>${CurrYear}</arg>
<arg>${NewYear}</arg>
<doc>Fails if objects are unequal after converting them to real numbers.</doc>
<status status="FAIL" start="2025-06-18T16:02:24.389473" elapsed="0.000361">2024.0 != 2020.0</status>
</kw>
<arg>${NewYear}</arg>
<status status="FAIL" start="2025-06-18T16:02:24.304006" elapsed="0.085951">2024.0 != 2020.0</status>
</kw>
<kw name="Move DatePicker To Year">
<kw name="DatePicker Current Year">
<kw name="Get Text" owner="SeleniumLibrary">
<msg time="2025-06-18T16:02:24.522168" level="INFO">${DPYear} = 2024</msg>
<var>${DPYear}</var>
<arg>//div[@id="datepicker"]//span[@class="ui-datepicker-year"]</arg>
<doc>Returns the text value of the element identified by ``locator``.</doc>
<status status="PASS" start="2025-06-18T16:02:24.491973" elapsed="0.030250"/>
</kw>
<return>
<value>${DPYear}</value>
<status status="PASS" start="2025-06-18T16:02:24.522330" elapsed="0.000072"/>
</return>
<msg time="2025-06-18T16:02:24.522568" level="INFO">${CurrYear} = 2024</msg>
<var>${CurrYear}</var>
<status status="PASS" start="2025-06-18T16:02:24.491573" elapsed="0.031023"/>
</kw>
<kw name="Run Keyword If" owner="BuiltIn">
<arg>${NewYear}&gt;${CurrYear}</arg>
<arg>DatePicker Click Next Month</arg>
<doc>Runs the given keyword with the given arguments, if ``condition`` is true.</doc>
<status status="PASS" start="2025-06-18T16:02:24.522754" elapsed="0.000238"/>
</kw>
<kw name="Run Keyword If" owner="BuiltIn">
<kw name="DatePicker Click Prev Month">
<kw name="Click Link" owner="SeleniumLibrary">
<msg time="2025-06-18T16:02:24.523555" level="INFO">Clicking link '//div[@id="datepicker"]//a[@title="Prev"]'.</msg>
<arg>//div[@id="datepicker"]//a[@title="Prev"]</arg>
<doc>Clicks a link identified by ``locator``.</doc>
<status status="PASS" start="2025-06-18T16:02:24.523433" elapsed="0.048561"/>
</kw>
<status status="PASS" start="2025-06-18T16:02:24.523273" elapsed="0.048825"/>
</kw>
<arg>${NewYear}&lt;${CurrYear}</arg>
<arg>DatePicker Click Prev Month</arg>
<doc>Runs the given keyword with the given arguments, if ``condition`` is true.</doc>
<status status="PASS" start="2025-06-18T16:02:24.523091" elapsed="0.049050"/>
</kw>
<kw name="DatePicker Current Year">
<kw name="Get Text" owner="SeleniumLibrary">
<msg time="2025-06-18T16:02:24.583343" level="INFO">${DPYear} = 2024</msg>
<var>${DPYear}</var>
<arg>//div[@id="datepicker"]//span[@class="ui-datepicker-year"]</arg>
<doc>Returns the text value of the element identified by ``locator``.</doc>
<status status="PASS" start="2025-06-18T16:02:24.572500" elapsed="0.010885"/>
</kw>
<return>
<value>${DPYear}</value>
<status status="PASS" start="2025-06-18T16:02:24.583463" elapsed="0.000048"/>
</return>
<msg time="2025-06-18T16:02:24.583623" level="INFO">${CurrYear} = 2024</msg>
<var>${CurrYear}</var>
<status status="PASS" start="2025-06-18T16:02:24.572295" elapsed="0.011350"/>
</kw>
<kw name="Should Be Equal As Numbers" owner="BuiltIn">
<msg time="2025-06-18T16:02:24.583940" level="FAIL">2024.0 != 2020.0</msg>
<arg>${CurrYear}</arg>
<arg>${NewYear}</arg>
<doc>Fails if objects are unequal after converting them to real numbers.</doc>
<status status="FAIL" start="2025-06-18T16:02:24.583746" elapsed="0.000252">2024.0 != 2020.0</status>
</kw>
<arg>${NewYear}</arg>
<status status="FAIL" start="2025-06-18T16:02:24.490910" elapsed="0.093177">2024.0 != 2020.0</status>
</kw>
<kw name="Move DatePicker To Year">
<kw name="DatePicker Current Year">
<kw name="Get Text" owner="SeleniumLibrary">
<msg time="2025-06-18T16:02:24.724819" level="INFO">${DPYear} = 2024</msg>
<var>${DPYear}</var>
<arg>//div[@id="datepicker"]//span[@class="ui-datepicker-year"]</arg>
<doc>Returns the text value of the element identified by ``locator``.</doc>
<status status="PASS" start="2025-06-18T16:02:24.685588" elapsed="0.039304"/>
</kw>
<return>
<value>${DPYear}</value>
<status status="PASS" start="2025-06-18T16:02:24.725045" elapsed="0.000090"/>
</return>
<msg time="2025-06-18T16:02:24.725335" level="INFO">${CurrYear} = 2024</msg>
<var>${CurrYear}</var>
<status status="PASS" start="2025-06-18T16:02:24.685306" elapsed="0.040067"/>
</kw>
<kw name="Run Keyword If" owner="BuiltIn">
<arg>${NewYear}&gt;${CurrYear}</arg>
<arg>DatePicker Click Next Month</arg>
<doc>Runs the given keyword with the given arguments, if ``condition`` is true.</doc>
<status status="PASS" start="2025-06-18T16:02:24.725590" elapsed="0.000290"/>
</kw>
<kw name="Run Keyword If" owner="BuiltIn">
<kw name="DatePicker Click Prev Month">
<kw name="Click Link" owner="SeleniumLibrary">
<msg time="2025-06-18T16:02:24.726934" level="INFO">Clicking link '//div[@id="datepicker"]//a[@title="Prev"]'.</msg>
<arg>//div[@id="datepicker"]//a[@title="Prev"]</arg>
<doc>Clicks a link identified by ``locator``.</doc>
<status status="PASS" start="2025-06-18T16:02:24.726675" elapsed="0.075290"/>
</kw>
<status status="PASS" start="2025-06-18T16:02:24.726405" elapsed="0.075669"/>
</kw>
<arg>${NewYear}&lt;${CurrYear}</arg>
<arg>DatePicker Click Prev Month</arg>
<doc>Runs the given keyword with the given arguments, if ``condition`` is true.</doc>
<status status="PASS" start="2025-06-18T16:02:24.726069" elapsed="0.076047"/>
</kw>
<kw name="DatePicker Current Year">
<kw name="Get Text" owner="SeleniumLibrary">
<msg time="2025-06-18T16:02:24.816611" level="INFO">${DPYear} = 2024</msg>
<var>${DPYear}</var>
<arg>//div[@id="datepicker"]//span[@class="ui-datepicker-year"]</arg>
<doc>Returns the text value of the element identified by ``locator``.</doc>
<status status="PASS" start="2025-06-18T16:02:24.802523" elapsed="0.014138"/>
</kw>
<return>
<value>${DPYear}</value>
<status status="PASS" start="2025-06-18T16:02:24.816762" elapsed="0.000054"/>
</return>
<msg time="2025-06-18T16:02:24.816952" level="INFO">${CurrYear} = 2024</msg>
<var>${CurrYear}</var>
<status status="PASS" start="2025-06-18T16:02:24.802276" elapsed="0.014704"/>
</kw>
<kw name="Should Be Equal As Numbers" owner="BuiltIn">
<msg time="2025-06-18T16:02:24.817339" level="FAIL">2024.0 != 2020.0</msg>
<arg>${CurrYear}</arg>
<arg>${NewYear}</arg>
<doc>Fails if objects are unequal after converting them to real numbers.</doc>
<status status="FAIL" start="2025-06-18T16:02:24.817098" elapsed="0.000309">2024.0 != 2020.0</status>
</kw>
<arg>${NewYear}</arg>
<status status="FAIL" start="2025-06-18T16:02:24.684745" elapsed="0.132755">2024.0 != 2020.0</status>
</kw>
<kw name="Move DatePicker To Year">
<kw name="DatePicker Current Year">
<kw name="Get Text" owner="SeleniumLibrary">
<msg time="2025-06-18T16:02:24.940193" level="INFO">${DPYear} = 2024</msg>
<var>${DPYear}</var>
<arg>//div[@id="datepicker"]//span[@class="ui-datepicker-year"]</arg>
<doc>Returns the text value of the element identified by ``locator``.</doc>
<status status="PASS" start="2025-06-18T16:02:24.919746" elapsed="0.020518"/>
</kw>
<return>
<value>${DPYear}</value>
<status status="PASS" start="2025-06-18T16:02:24.940461" elapsed="0.000259"/>
</return>
<msg time="2025-06-18T16:02:24.941141" level="INFO">${CurrYear} = 2024</msg>
<var>${CurrYear}</var>
<status status="PASS" start="2025-06-18T16:02:24.918891" elapsed="0.022325"/>
</kw>
<kw name="Run Keyword If" owner="BuiltIn">
<arg>${NewYear}&gt;${CurrYear}</arg>
<arg>DatePicker Click Next Month</arg>
<doc>Runs the given keyword with the given arguments, if ``condition`` is true.</doc>
<status status="PASS" start="2025-06-18T16:02:24.941529" elapsed="0.000454"/>
</kw>
<kw name="Run Keyword If" owner="BuiltIn">
<kw name="DatePicker Click Prev Month">
<kw name="Click Link" owner="SeleniumLibrary">
<msg time="2025-06-18T16:02:24.943699" level="INFO">Clicking link '//div[@id="datepicker"]//a[@title="Prev"]'.</msg>
<arg>//div[@id="datepicker"]//a[@title="Prev"]</arg>
<doc>Clicks a link identified by ``locator``.</doc>
<status status="PASS" start="2025-06-18T16:02:24.943348" elapsed="0.064513"/>
</kw>
<status status="PASS" start="2025-06-18T16:02:24.942767" elapsed="0.065195"/>
</kw>
<arg>${NewYear}&lt;${CurrYear}</arg>
<arg>DatePicker Click Prev Month</arg>
<doc>Runs the given keyword with the given arguments, if ``condition`` is true.</doc>
<status status="PASS" start="2025-06-18T16:02:24.942278" elapsed="0.065724"/>
</kw>
<kw name="DatePicker Current Year">
<kw name="Get Text" owner="SeleniumLibrary">
<msg time="2025-06-18T16:02:25.021859" level="INFO">${DPYear} = 2024</msg>
<var>${DPYear}</var>
<arg>//div[@id="datepicker"]//span[@class="ui-datepicker-year"]</arg>
<doc>Returns the text value of the element identified by ``locator``.</doc>
<status status="PASS" start="2025-06-18T16:02:25.008353" elapsed="0.013546"/>
</kw>
<return>
<value>${DPYear}</value>
<status status="PASS" start="2025-06-18T16:02:25.022048" elapsed="0.000053"/>
</return>
<msg time="2025-06-18T16:02:25.022226" level="INFO">${CurrYear} = 2024</msg>
<var>${CurrYear}</var>
<status status="PASS" start="2025-06-18T16:02:25.008150" elapsed="0.014097"/>
</kw>
<kw name="Should Be Equal As Numbers" owner="BuiltIn">
<msg time="2025-06-18T16:02:25.022560" level="FAIL">2024.0 != 2020.0</msg>
<arg>${CurrYear}</arg>
<arg>${NewYear}</arg>
<doc>Fails if objects are unequal after converting them to real numbers.</doc>
<status status="FAIL" start="2025-06-18T16:02:25.022353" elapsed="0.000265">2024.0 != 2020.0</status>
</kw>
<arg>${NewYear}</arg>
<status status="FAIL" start="2025-06-18T16:02:24.918271" elapsed="0.104432">2024.0 != 2020.0</status>
</kw>
<kw name="Move DatePicker To Year">
<kw name="DatePicker Current Year">
<kw name="Get Text" owner="SeleniumLibrary">
<msg time="2025-06-18T16:02:25.135794" level="INFO">${DPYear} = 2024</msg>
<var>${DPYear}</var>
<arg>//div[@id="datepicker"]//span[@class="ui-datepicker-year"]</arg>
<doc>Returns the text value of the element identified by ``locator``.</doc>
<status status="PASS" start="2025-06-18T16:02:25.123931" elapsed="0.011906"/>
</kw>
<return>
<value>${DPYear}</value>
<status status="PASS" start="2025-06-18T16:02:25.135915" elapsed="0.000046"/>
</return>
<msg time="2025-06-18T16:02:25.136075" level="INFO">${CurrYear} = 2024</msg>
<var>${CurrYear}</var>
<status status="PASS" start="2025-06-18T16:02:25.123768" elapsed="0.012329"/>
</kw>
<kw name="Run Keyword If" owner="BuiltIn">
<arg>${NewYear}&gt;${CurrYear}</arg>
<arg>DatePicker Click Next Month</arg>
<doc>Runs the given keyword with the given arguments, if ``condition`` is true.</doc>
<status status="PASS" start="2025-06-18T16:02:25.136211" elapsed="0.000171"/>
</kw>
<kw name="Run Keyword If" owner="BuiltIn">
<kw name="DatePicker Click Prev Month">
<kw name="Click Link" owner="SeleniumLibrary">
<msg time="2025-06-18T16:02:25.137499" level="INFO">Clicking link '//div[@id="datepicker"]//a[@title="Prev"]'.</msg>
<arg>//div[@id="datepicker"]//a[@title="Prev"]</arg>
<doc>Clicks a link identified by ``locator``.</doc>
<status status="PASS" start="2025-06-18T16:02:25.137254" elapsed="0.049278"/>
</kw>
<status status="PASS" start="2025-06-18T16:02:25.136922" elapsed="0.049717"/>
</kw>
<arg>${NewYear}&lt;${CurrYear}</arg>
<arg>DatePicker Click Prev Month</arg>
<doc>Runs the given keyword with the given arguments, if ``condition`` is true.</doc>
<status status="PASS" start="2025-06-18T16:02:25.136513" elapsed="0.050165"/>
</kw>
<kw name="DatePicker Current Year">
<kw name="Get Text" owner="SeleniumLibrary">
<msg time="2025-06-18T16:02:25.206921" level="INFO">${DPYear} = 2024</msg>
<var>${DPYear}</var>
<arg>//div[@id="datepicker"]//span[@class="ui-datepicker-year"]</arg>
<doc>Returns the text value of the element identified by ``locator``.</doc>
<status status="PASS" start="2025-06-18T16:02:25.187065" elapsed="0.019922"/>
</kw>
<return>
<value>${DPYear}</value>
<status status="PASS" start="2025-06-18T16:02:25.207117" elapsed="0.000085"/>
</return>
<msg time="2025-06-18T16:02:25.207429" level="INFO">${CurrYear} = 2024</msg>
<var>${CurrYear}</var>
<status status="PASS" start="2025-06-18T16:02:25.186833" elapsed="0.020634"/>
</kw>
<kw name="Should Be Equal As Numbers" owner="BuiltIn">
<msg time="2025-06-18T16:02:25.208002" level="FAIL">2024.0 != 2020.0</msg>
<arg>${CurrYear}</arg>
<arg>${NewYear}</arg>
<doc>Fails if objects are unequal after converting them to real numbers.</doc>
<status status="FAIL" start="2025-06-18T16:02:25.207645" elapsed="0.000462">2024.0 != 2020.0</status>
</kw>
<arg>${NewYear}</arg>
<status status="FAIL" start="2025-06-18T16:02:25.123431" elapsed="0.084856">2024.0 != 2020.0</status>
</kw>
<kw name="Move DatePicker To Year">
<kw name="DatePicker Current Year">
<kw name="Get Text" owner="SeleniumLibrary">
<msg time="2025-06-18T16:02:25.336225" level="INFO">${DPYear} = 2024</msg>
<var>${DPYear}</var>
<arg>//div[@id="datepicker"]//span[@class="ui-datepicker-year"]</arg>
<doc>Returns the text value of the element identified by ``locator``.</doc>
<status status="PASS" start="2025-06-18T16:02:25.310333" elapsed="0.025934"/>
</kw>
<return>
<value>${DPYear}</value>
<status status="PASS" start="2025-06-18T16:02:25.336344" elapsed="0.000047"/>
</return>
<msg time="2025-06-18T16:02:25.336503" level="INFO">${CurrYear} = 2024</msg>
<var>${CurrYear}</var>
<status status="PASS" start="2025-06-18T16:02:25.309826" elapsed="0.026697"/>
</kw>
<kw name="Run Keyword If" owner="BuiltIn">
<arg>${NewYear}&gt;${CurrYear}</arg>
<arg>DatePicker Click Next Month</arg>
<doc>Runs the given keyword with the given arguments, if ``condition`` is true.</doc>
<status status="PASS" start="2025-06-18T16:02:25.336631" elapsed="0.000214"/>
</kw>
<kw name="Run Keyword If" owner="BuiltIn">
<kw name="DatePicker Click Prev Month">
<kw name="Click Link" owner="SeleniumLibrary">
<msg time="2025-06-18T16:02:25.338322" level="INFO">Clicking link '//div[@id="datepicker"]//a[@title="Prev"]'.</msg>
<arg>//div[@id="datepicker"]//a[@title="Prev"]</arg>
<doc>Clicks a link identified by ``locator``.</doc>
<status status="PASS" start="2025-06-18T16:02:25.338013" elapsed="0.045080"/>
</kw>
<status status="PASS" start="2025-06-18T16:02:25.337573" elapsed="0.045685"/>
</kw>
<arg>${NewYear}&lt;${CurrYear}</arg>
<arg>DatePicker Click Prev Month</arg>
<doc>Runs the given keyword with the given arguments, if ``condition`` is true.</doc>
<status status="PASS" start="2025-06-18T16:02:25.337093" elapsed="0.046237"/>
</kw>
<kw name="DatePicker Current Year">
<kw name="Get Text" owner="SeleniumLibrary">
<msg time="2025-06-18T16:02:25.395093" level="INFO">${DPYear} = 2024</msg>
<var>${DPYear}</var>
<arg>//div[@id="datepicker"]//span[@class="ui-datepicker-year"]</arg>
<doc>Returns the text value of the element identified by ``locator``.</doc>
<status status="PASS" start="2025-06-18T16:02:25.383904" elapsed="0.011247"/>
</kw>
<return>
<value>${DPYear}</value>
<status status="PASS" start="2025-06-18T16:02:25.395248" elapsed="0.000057"/>
</return>
<msg time="2025-06-18T16:02:25.395441" level="INFO">${CurrYear} = 2024</msg>
<var>${CurrYear}</var>
<status status="PASS" start="2025-06-18T16:02:25.383581" elapsed="0.011883"/>
</kw>
<kw name="Should Be Equal As Numbers" owner="BuiltIn">
<msg time="2025-06-18T16:02:25.395772" level="FAIL">2024.0 != 2020.0</msg>
<arg>${CurrYear}</arg>
<arg>${NewYear}</arg>
<doc>Fails if objects are unequal after converting them to real numbers.</doc>
<status status="FAIL" start="2025-06-18T16:02:25.395571" elapsed="0.000262">2024.0 != 2020.0</status>
</kw>
<arg>${NewYear}</arg>
<status status="FAIL" start="2025-06-18T16:02:25.309094" elapsed="0.086829">2024.0 != 2020.0</status>
</kw>
<kw name="Move DatePicker To Year">
<kw name="DatePicker Current Year">
<kw name="Get Text" owner="SeleniumLibrary">
<msg time="2025-06-18T16:02:25.520347" level="INFO">${DPYear} = 2024</msg>
<var>${DPYear}</var>
<arg>//div[@id="datepicker"]//span[@class="ui-datepicker-year"]</arg>
<doc>Returns the text value of the element identified by ``locator``.</doc>
<status status="PASS" start="2025-06-18T16:02:25.498268" elapsed="0.022119"/>
</kw>
<return>
<value>${DPYear}</value>
<status status="PASS" start="2025-06-18T16:02:25.520461" elapsed="0.000050"/>
</return>
<msg time="2025-06-18T16:02:25.520622" level="INFO">${CurrYear} = 2024</msg>
<var>${CurrYear}</var>
<status status="PASS" start="2025-06-18T16:02:25.497830" elapsed="0.022812"/>
</kw>
<kw name="Run Keyword If" owner="BuiltIn">
<arg>${NewYear}&gt;${CurrYear}</arg>
<arg>DatePicker Click Next Month</arg>
<doc>Runs the given keyword with the given arguments, if ``condition`` is true.</doc>
<status status="PASS" start="2025-06-18T16:02:25.520751" elapsed="0.000160"/>
</kw>
<kw name="Run Keyword If" owner="BuiltIn">
<kw name="DatePicker Click Prev Month">
<kw name="Click Link" owner="SeleniumLibrary">
<msg time="2025-06-18T16:02:25.521598" level="INFO">Clicking link '//div[@id="datepicker"]//a[@title="Prev"]'.</msg>
<arg>//div[@id="datepicker"]//a[@title="Prev"]</arg>
<doc>Clicks a link identified by ``locator``.</doc>
<status status="PASS" start="2025-06-18T16:02:25.521471" elapsed="0.047589"/>
</kw>
<status status="PASS" start="2025-06-18T16:02:25.521308" elapsed="0.047862"/>
</kw>
<arg>${NewYear}&lt;${CurrYear}</arg>
<arg>DatePicker Click Prev Month</arg>
<doc>Runs the given keyword with the given arguments, if ``condition`` is true.</doc>
<status status="PASS" start="2025-06-18T16:02:25.521091" elapsed="0.048127"/>
</kw>
<kw name="DatePicker Current Year">
<kw name="Get Text" owner="SeleniumLibrary">
<msg time="2025-06-18T16:02:25.582233" level="INFO">${DPYear} = 2024</msg>
<var>${DPYear}</var>
<arg>//div[@id="datepicker"]//span[@class="ui-datepicker-year"]</arg>
<doc>Returns the text value of the element identified by ``locator``.</doc>
<status status="PASS" start="2025-06-18T16:02:25.569598" elapsed="0.012676"/>
</kw>
<return>
<value>${DPYear}</value>
<status status="PASS" start="2025-06-18T16:02:25.582353" elapsed="0.000049"/>
</return>
<msg time="2025-06-18T16:02:25.582522" level="INFO">${CurrYear} = 2024</msg>
<var>${CurrYear}</var>
<status status="PASS" start="2025-06-18T16:02:25.569383" elapsed="0.013160"/>
</kw>
<kw name="Should Be Equal As Numbers" owner="BuiltIn">
<msg time="2025-06-18T16:02:25.582850" level="FAIL">2024.0 != 2020.0</msg>
<arg>${CurrYear}</arg>
<arg>${NewYear}</arg>
<doc>Fails if objects are unequal after converting them to real numbers.</doc>
<status status="FAIL" start="2025-06-18T16:02:25.582650" elapsed="0.000258">2024.0 != 2020.0</status>
</kw>
<arg>${NewYear}</arg>
<status status="FAIL" start="2025-06-18T16:02:25.497021" elapsed="0.085976">2024.0 != 2020.0</status>
</kw>
<kw name="Move DatePicker To Year">
<kw name="DatePicker Current Year">
<kw name="Get Text" owner="SeleniumLibrary">
<msg time="2025-06-18T16:02:25.721585" level="INFO">${DPYear} = 2024</msg>
<var>${DPYear}</var>
<arg>//div[@id="datepicker"]//span[@class="ui-datepicker-year"]</arg>
<doc>Returns the text value of the element identified by ``locator``.</doc>
<status status="PASS" start="2025-06-18T16:02:25.685253" elapsed="0.036402"/>
</kw>
<return>
<value>${DPYear}</value>
<status status="PASS" start="2025-06-18T16:02:25.721793" elapsed="0.000082"/>
</return>
<msg time="2025-06-18T16:02:25.722088" level="INFO">${CurrYear} = 2024</msg>
<var>${CurrYear}</var>
<status status="PASS" start="2025-06-18T16:02:25.684825" elapsed="0.037299"/>
</kw>
<kw name="Run Keyword If" owner="BuiltIn">
<arg>${NewYear}&gt;${CurrYear}</arg>
<arg>DatePicker Click Next Month</arg>
<doc>Runs the given keyword with the given arguments, if ``condition`` is true.</doc>
<status status="PASS" start="2025-06-18T16:02:25.722342" elapsed="0.000335"/>
</kw>
<kw name="Run Keyword If" owner="BuiltIn">
<kw name="DatePicker Click Prev Month">
<kw name="Click Link" owner="SeleniumLibrary">
<msg time="2025-06-18T16:02:25.723793" level="INFO">Clicking link '//div[@id="datepicker"]//a[@title="Prev"]'.</msg>
<arg>//div[@id="datepicker"]//a[@title="Prev"]</arg>
<doc>Clicks a link identified by ``locator``.</doc>
<status status="PASS" start="2025-06-18T16:02:25.723567" elapsed="0.048689"/>
</kw>
<status status="PASS" start="2025-06-18T16:02:25.723204" elapsed="0.049153"/>
</kw>
<arg>${NewYear}&lt;${CurrYear}</arg>
<arg>DatePicker Click Prev Month</arg>
<doc>Runs the given keyword with the given arguments, if ``condition`` is true.</doc>
<status status="PASS" start="2025-06-18T16:02:25.722870" elapsed="0.049525"/>
</kw>
<kw name="DatePicker Current Year">
<kw name="Get Text" owner="SeleniumLibrary">
<msg time="2025-06-18T16:02:25.784259" level="INFO">${DPYear} = 2024</msg>
<var>${DPYear}</var>
<arg>//div[@id="datepicker"]//span[@class="ui-datepicker-year"]</arg>
<doc>Returns the text value of the element identified by ``locator``.</doc>
<status status="PASS" start="2025-06-18T16:02:25.772753" elapsed="0.011595"/>
</kw>
<return>
<value>${DPYear}</value>
<status status="PASS" start="2025-06-18T16:02:25.784505" elapsed="0.000100"/>
</return>
<msg time="2025-06-18T16:02:25.784868" level="INFO">${CurrYear} = 2024</msg>
<var>${CurrYear}</var>
<status status="PASS" start="2025-06-18T16:02:25.772548" elapsed="0.012373"/>
</kw>
<kw name="Should Be Equal As Numbers" owner="BuiltIn">
<msg time="2025-06-18T16:02:25.785593" level="FAIL">2024.0 != 2020.0</msg>
<arg>${CurrYear}</arg>
<arg>${NewYear}</arg>
<doc>Fails if objects are unequal after converting them to real numbers.</doc>
<status status="FAIL" start="2025-06-18T16:02:25.785151" elapsed="0.000565">2024.0 != 2020.0</status>
</kw>
<arg>${NewYear}</arg>
<status status="FAIL" start="2025-06-18T16:02:25.684117" elapsed="0.101789">2024.0 != 2020.0</status>
</kw>
<kw name="Move DatePicker To Year">
<kw name="DatePicker Current Year">
<kw name="Get Text" owner="SeleniumLibrary">
<msg time="2025-06-18T16:02:25.913240" level="INFO">${DPYear} = 2024</msg>
<var>${DPYear}</var>
<arg>//div[@id="datepicker"]//span[@class="ui-datepicker-year"]</arg>
<doc>Returns the text value of the element identified by ``locator``.</doc>
<status status="PASS" start="2025-06-18T16:02:25.888454" elapsed="0.024827"/>
</kw>
<return>
<value>${DPYear}</value>
<status status="PASS" start="2025-06-18T16:02:25.913357" elapsed="0.000049"/>
</return>
<msg time="2025-06-18T16:02:25.913554" level="INFO">${CurrYear} = 2024</msg>
<var>${CurrYear}</var>
<status status="PASS" start="2025-06-18T16:02:25.887996" elapsed="0.025590"/>
</kw>
<kw name="Run Keyword If" owner="BuiltIn">
<arg>${NewYear}&gt;${CurrYear}</arg>
<arg>DatePicker Click Next Month</arg>
<doc>Runs the given keyword with the given arguments, if ``condition`` is true.</doc>
<status status="PASS" start="2025-06-18T16:02:25.913752" elapsed="0.000255"/>
</kw>
<kw name="Run Keyword If" owner="BuiltIn">
<kw name="DatePicker Click Prev Month">
<kw name="Click Link" owner="SeleniumLibrary">
<msg time="2025-06-18T16:02:25.914764" level="INFO">Clicking link '//div[@id="datepicker"]//a[@title="Prev"]'.</msg>
<arg>//div[@id="datepicker"]//a[@title="Prev"]</arg>
<doc>Clicks a link identified by ``locator``.</doc>
<status status="PASS" start="2025-06-18T16:02:25.914633" elapsed="0.046674"/>
</kw>
[...]
<var>@{Months}</var>
<arg>0thMonth</arg>
<arg>January</arg>
<arg>February</arg>
<arg>March</arg>
<arg>April</arg>
<arg>May</arg>
<arg>June</arg>
<arg>July</arg>
<arg>August</arg>
<arg>September</arg>
<arg>October</arg>
<arg>November</arg>
<arg>December</arg>
<doc>Returns a list containing given items.</doc>
<status status="PASS" start="2025-06-18T16:02:44.008810" elapsed="0.000192"/>
</kw>
<kw name="Get Text" owner="SeleniumLibrary">
<msg time="2025-06-18T16:02:44.020389" level="INFO">${DPMonth} = April</msg>
<var>${DPMonth}</var>
<arg>//div[@id="datepicker"]//span[@class="ui-datepicker-month"]</arg>
<doc>Returns the text value of the element identified by ``locator``.</doc>
<status status="PASS" start="2025-06-18T16:02:44.009112" elapsed="0.011320"/>
</kw>
<kw name="Get Index From List" owner="Collections">
<msg time="2025-06-18T16:02:44.020771" level="INFO">${DPNumMonth} = 4</msg>
<var>${DPNumMonth}</var>
<arg>${Months}</arg>
<arg>${DPMonth}</arg>
<doc>Returns the index of the first occurrence of the ``value`` on the list.</doc>
<status status="PASS" start="2025-06-18T16:02:44.020586" elapsed="0.000209"/>
</kw>
<return>
<value>${DPNumMonth}</value>
<status status="PASS" start="2025-06-18T16:02:44.020854" elapsed="0.000041"/>
</return>
<msg time="2025-06-18T16:02:44.021000" level="INFO">${CurrMonth} = 4</msg>
<var>${CurrMonth}</var>
<status status="PASS" start="2025-06-18T16:02:44.008596" elapsed="0.012425"/>
</kw>
<kw name="Should Be Equal As Numbers" owner="BuiltIn">
<msg time="2025-06-18T16:02:44.021279" level="FAIL">4.0 != 2.0</msg>
<arg>${CurrMonth}</arg>
<arg>${NewMonth}</arg>
<doc>Fails if objects are unequal after converting them to real numbers.</doc>
<status status="FAIL" start="2025-06-18T16:02:44.021105" elapsed="0.000232">4.0 != 2.0</status>
</kw>
<arg>${NewMonth}</arg>
<status status="FAIL" start="2025-06-18T16:02:43.936364" elapsed="0.085056">4.0 != 2.0</status>
</kw>
<kw name="Move DatePicker To Month">
<kw name="DatePicker Current Month">
<kw name="Create List" owner="BuiltIn">
<msg time="2025-06-18T16:02:44.125539" level="INFO">@{Months} = [ 0thMonth | January | February | March | April | May | June | July | August | September | October | November | December ]</msg>
<var>@{Months}</var>
<arg>0thMonth</arg>
<arg>January</arg>
<arg>February</arg>
<arg>March</arg>
<arg>April</arg>
<arg>May</arg>
<arg>June</arg>
<arg>July</arg>
<arg>August</arg>
<arg>September</arg>
<arg>October</arg>
<arg>November</arg>
<arg>December</arg>
<doc>Returns a list containing given items.</doc>
<status status="PASS" start="2025-06-18T16:02:44.125129" elapsed="0.000494"/>
</kw>
<kw name="Get Text" owner="SeleniumLibrary">
<msg time="2025-06-18T16:02:44.145350" level="INFO">${DPMonth} = April</msg>
<var>${DPMonth}</var>
<arg>//div[@id="datepicker"]//span[@class="ui-datepicker-month"]</arg>
<doc>Returns the text value of the element identified by ``locator``.</doc>
<status status="PASS" start="2025-06-18T16:02:44.125965" elapsed="0.019424"/>
</kw>
<kw name="Get Index From List" owner="Collections">
<msg time="2025-06-18T16:02:44.145683" level="INFO">${DPNumMonth} = 4</msg>
<var>${DPNumMonth}</var>
<arg>${Months}</arg>
<arg>${DPMonth}</arg>
<doc>Returns the index of the first occurrence of the ``value`` on the list.</doc>
<status status="PASS" start="2025-06-18T16:02:44.145518" elapsed="0.000186"/>
</kw>
<return>
<value>${DPNumMonth}</value>
<status status="PASS" start="2025-06-18T16:02:44.145751" elapsed="0.000034"/>
</return>
<msg time="2025-06-18T16:02:44.145880" level="INFO">${CurrMonth} = 4</msg>
<var>${CurrMonth}</var>
<status status="PASS" start="2025-06-18T16:02:44.123473" elapsed="0.022425"/>
</kw>
<kw name="Run Keyword If" owner="BuiltIn">
<arg>${NewMonth}&gt;${CurrMonth}</arg>
<arg>DatePicker Click Next Month</arg>
<doc>Runs the given keyword with the given arguments, if ``condition`` is true.</doc>
<status status="PASS" start="2025-06-18T16:02:44.145984" elapsed="0.000179"/>
</kw>
<kw name="Run Keyword If" owner="BuiltIn">
<kw name="DatePicker Click Prev Month">
<kw name="Click Link" owner="SeleniumLibrary">
<msg time="2025-06-18T16:02:44.146701" level="INFO">Clicking link '//div[@id="datepicker"]//a[@title="Prev"]'.</msg>
<arg>//div[@id="datepicker"]//a[@title="Prev"]</arg>
<doc>Clicks a link identified by ``locator``.</doc>
<status status="PASS" start="2025-06-18T16:02:44.146590" elapsed="0.042808"/>
</kw>
<status status="PASS" start="2025-06-18T16:02:44.146433" elapsed="0.043177"/>
</kw>
<arg>${NewMonth}&lt;${CurrMonth}</arg>
<arg>DatePicker Click Prev Month</arg>
<doc>Runs the given keyword with the given arguments, if ``condition`` is true.</doc>
<status status="PASS" start="2025-06-18T16:02:44.146241" elapsed="0.043471"/>
</kw>
<kw name="DatePicker Current Month">
<kw name="Create List" owner="BuiltIn">
<msg time="2025-06-18T16:02:44.190245" level="INFO">@{Months} = [ 0thMonth | January | February | March | April | May | June | July | August | September | October | November | December ]</msg>
<var>@{Months}</var>
<arg>0thMonth</arg>
<arg>January</arg>
<arg>February</arg>
<arg>March</arg>
<arg>April</arg>
<arg>May</arg>
<arg>June</arg>
<arg>July</arg>
<arg>August</arg>
<arg>September</arg>
<arg>October</arg>
<arg>November</arg>
<arg>December</arg>
<doc>Returns a list containing given items.</doc>
<status status="PASS" start="2025-06-18T16:02:44.190096" elapsed="0.000174"/>
</kw>
<kw name="Get Text" owner="SeleniumLibrary">
<msg time="2025-06-18T16:02:44.201687" level="INFO">${DPMonth} = March</msg>
<var>${DPMonth}</var>
<arg>//div[@id="datepicker"]//span[@class="ui-datepicker-month"]</arg>
<doc>Returns the text value of the element identified by ``locator``.</doc>
<status status="PASS" start="2025-06-18T16:02:44.190377" elapsed="0.011352"/>
</kw>
<kw name="Get Index From List" owner="Collections">
<msg time="2025-06-18T16:02:44.202050" level="INFO">${DPNumMonth} = 3</msg>
<var>${DPNumMonth}</var>
<arg>${Months}</arg>
<arg>${DPMonth}</arg>
<doc>Returns the index of the first occurrence of the ``value`` on the list.</doc>
<status status="PASS" start="2025-06-18T16:02:44.201869" elapsed="0.000204"/>
</kw>
<return>
<value>${DPNumMonth}</value>
<status status="PASS" start="2025-06-18T16:02:44.202123" elapsed="0.000038"/>
</return>
<msg time="2025-06-18T16:02:44.202259" level="INFO">${CurrMonth} = 3</msg>
<var>${CurrMonth}</var>
<status status="PASS" start="2025-06-18T16:02:44.189890" elapsed="0.012390"/>
</kw>
<kw name="Should Be Equal As Numbers" owner="BuiltIn">
<msg time="2025-06-18T16:02:44.202531" level="FAIL">3.0 != 2.0</msg>
<arg>${CurrMonth}</arg>
<arg>${NewMonth}</arg>
<doc>Fails if objects are unequal after converting them to real numbers.</doc>
<status status="FAIL" start="2025-06-18T16:02:44.202359" elapsed="0.000227">3.0 != 2.0</status>
</kw>
<arg>${NewMonth}</arg>
<status status="FAIL" start="2025-06-18T16:02:44.122445" elapsed="0.080226">3.0 != 2.0</status>
</kw>
<kw name="Move DatePicker To Month">
<kw name="DatePicker Current Month">
<kw name="Create List" owner="BuiltIn">
<msg time="2025-06-18T16:02:44.305086" level="INFO">@{Months} = [ 0thMonth | January | February | March | April | May | June | July | August | September | October | November | December ]</msg>
<var>@{Months}</var>
<arg>0thMonth</arg>
<arg>January</arg>
<arg>February</arg>
<arg>March</arg>
<arg>April</arg>
<arg>May</arg>
<arg>June</arg>
<arg>July</arg>
<arg>August</arg>
<arg>September</arg>
<arg>October</arg>
<arg>November</arg>
<arg>December</arg>
<doc>Returns a list containing given items.</doc>
<status status="PASS" start="2025-06-18T16:02:44.304673" elapsed="0.000496"/>
</kw>
<kw name="Get Text" owner="SeleniumLibrary">
<msg time="2025-06-18T16:02:44.329364" level="INFO">${DPMonth} = March</msg>
<var>${DPMonth}</var>
<arg>//div[@id="datepicker"]//span[@class="ui-datepicker-month"]</arg>
<doc>Returns the text value of the element identified by ``locator``.</doc>
<status status="PASS" start="2025-06-18T16:02:44.305494" elapsed="0.023919"/>
</kw>
<kw name="Get Index From List" owner="Collections">
<msg time="2025-06-18T16:02:44.329810" level="INFO">${DPNumMonth} = 3</msg>
<var>${DPNumMonth}</var>
<arg>${Months}</arg>
<arg>${DPMonth}</arg>
<doc>Returns the index of the first occurrence of the ``value`` on the list.</doc>
<status status="PASS" start="2025-06-18T16:02:44.329566" elapsed="0.000281"/>
</kw>
<return>
<value>${DPNumMonth}</value>
<status status="PASS" start="2025-06-18T16:02:44.329919" elapsed="0.000042"/>
</return>
<msg time="2025-06-18T16:02:44.330069" level="INFO">${CurrMonth} = 3</msg>
<var>${CurrMonth}</var>
<status status="PASS" start="2025-06-18T16:02:44.304234" elapsed="0.025862"/>
</kw>
<kw name="Run Keyword If" owner="BuiltIn">
<arg>${NewMonth}&gt;${CurrMonth}</arg>
<arg>DatePicker Click Next Month</arg>
<doc>Runs the given keyword with the given arguments, if ``condition`` is true.</doc>
<status status="PASS" start="2025-06-18T16:02:44.330185" elapsed="0.000160"/>
</kw>
<kw name="Run Keyword If" owner="BuiltIn">
<kw name="DatePicker Click Prev Month">
<kw name="Click Link" owner="SeleniumLibrary">
<msg time="2025-06-18T16:02:44.330920" level="INFO">Clicking link '//div[@id="datepicker"]//a[@title="Prev"]'.</msg>
<arg>//div[@id="datepicker"]//a[@title="Prev"]</arg>
<doc>Clicks a link identified by ``locator``.</doc>
<status status="PASS" start="2025-06-18T16:02:44.330797" elapsed="0.054935"/>
</kw>
<status status="PASS" start="2025-06-18T16:02:44.330638" elapsed="0.055195"/>
</kw>
<arg>${NewMonth}&lt;${CurrMonth}</arg>
<arg>DatePicker Click Prev Month</arg>
<doc>Runs the given keyword with the given arguments, if ``condition`` is true.</doc>
<status status="PASS" start="2025-06-18T16:02:44.330445" elapsed="0.055446"/>
</kw>
<kw name="DatePicker Current Month">
<kw name="Create List" owner="BuiltIn">
<msg time="2025-06-18T16:02:44.386428" level="INFO">@{Months} = [ 0thMonth | January | February | March | April | May | June | July | August | September | October | November | December ]</msg>
<var>@{Months}</var>
<arg>0thMonth</arg>
<arg>January</arg>
<arg>February</arg>
<arg>March</arg>
<arg>April</arg>
<arg>May</arg>
<arg>June</arg>
<arg>July</arg>
<arg>August</arg>
<arg>September</arg>
<arg>October</arg>
<arg>November</arg>
<arg>December</arg>
<doc>Returns a list containing given items.</doc>
<status status="PASS" start="2025-06-18T16:02:44.386280" elapsed="0.000173"/>
</kw>
<kw name="Get Text" owner="SeleniumLibrary">
<msg time="2025-06-18T16:02:44.400382" level="INFO">${DPMonth} = February</msg>
<var>${DPMonth}</var>
<arg>//div[@id="datepicker"]//span[@class="ui-datepicker-month"]</arg>
<doc>Returns the text value of the element identified by ``locator``.</doc>
<status status="PASS" start="2025-06-18T16:02:44.386564" elapsed="0.013955"/>
</kw>
<kw name="Get Index From List" owner="Collections">
<msg time="2025-06-18T16:02:44.400870" level="INFO">${DPNumMonth} = 2</msg>
<var>${DPNumMonth}</var>
<arg>${Months}</arg>
<arg>${DPMonth}</arg>
<doc>Returns the index of the first occurrence of the ``value`` on the list.</doc>
<status status="PASS" start="2025-06-18T16:02:44.400672" elapsed="0.000222"/>
</kw>
<return>
<value>${DPNumMonth}</value>
<status status="PASS" start="2025-06-18T16:02:44.400946" elapsed="0.000039"/>
</return>
<msg time="2025-06-18T16:02:44.401088" level="INFO">${CurrMonth} = 2</msg>
<var>${CurrMonth}</var>
<status status="PASS" start="2025-06-18T16:02:44.386064" elapsed="0.015044"/>
</kw>
<kw name="Should Be Equal As Numbers" owner="BuiltIn">
<arg>${CurrMonth}</arg>
<arg>${NewMonth}</arg>
<doc>Fails if objects are unequal after converting them to real numbers.</doc>
<status status="PASS" start="2025-06-18T16:02:44.401188" elapsed="0.000143"/>
</kw>
<arg>${NewMonth}</arg>
<status status="PASS" start="2025-06-18T16:02:44.303437" elapsed="0.097945"/>
</kw>
<arg>1 min</arg>
<arg>100ms</arg>
<arg>Move DatePicker To Month</arg>
<arg>${NewMonth}</arg>
<doc>Runs the specified keyword and retries if it fails.</doc>
<status status="PASS" start="2025-06-18T16:02:42.526204" elapsed="1.875221"/>
</kw>
<kw name="Click Link" owner="SeleniumLibrary">
<msg time="2025-06-18T16:02:44.401650" level="INFO">Clicking link '//div[@id="datepicker"]//a[@data-date="29"]'.</msg>
<arg>//div[@id="datepicker"]//a[@data-date="${NewDay}"]</arg>
<doc>Clicks a link identified by ``locator``.</doc>
<status status="PASS" start="2025-06-18T16:02:44.401507" elapsed="0.054088"/>
</kw>
<kw name="Capture Page Screenshot" owner="SeleniumLibrary">
<msg time="2025-06-18T16:02:44.565092" level="INFO" html="true">&lt;/td&gt;&lt;/tr&gt;&lt;tr&gt;&lt;td colspan="3"&gt;&lt;a href="selenium-screenshot-6.png"&gt;&lt;img src="selenium-screenshot-6.png" width="800px"&gt;&lt;/a&gt;</msg>
<doc>Takes a screenshot of the current page and embeds it into a log file.</doc>
<status status="PASS" start="2025-06-18T16:02:44.455768" elapsed="0.109486"/>
</kw>
<arg>2024-02-29</arg>
<status status="PASS" start="2025-06-18T16:02:41.444905" elapsed="3.120531"/>
</kw>
<kw name="Close Browser" owner="SeleniumLibrary">
<doc>Closes the current browser.</doc>
<status status="PASS" start="2025-06-18T16:02:44.565897" elapsed="2.151567"/>
</kw>
<status status="PASS" start="2025-06-18T16:02:38.866004" elapsed="7.852253"/>
</test>
<status status="PASS" start="2025-06-18T16:02:20.494370" elapsed="26.226056"/>
</suite>
<status status="FAIL" start="2025-06-18T16:02:13.876563" elapsed="32.845207"/>
</suite>
<suite id="s1-s2" name="Test" source="C:\robotframework\robot_vsmart\test.robot">
<test id="s1-s2-t1" name="Open Google" line="6">
<kw name="Get Variables From Notebook">
<msg time="2025-06-18T16:02:46.728429" level="FAIL">No keyword with name 'Get Variables From Notebook' found. Did you try using keyword 'BuiltIn.Get Variables' and forgot to use enough whitespace between keyword and arguments?</msg>
<var>${citizen_id}</var>
<var>${firstname}</var>
<var>${lastname}</var>
<var>${prefix}</var>
<arg>${NOTEBOOK_PATH}</arg>
<status status="FAIL" start="2025-06-18T16:02:46.728352" elapsed="0.000142">No keyword with name 'Get Variables From Notebook' found. Did you try using keyword 'BuiltIn.Get Variables' and forgot to use enough whitespace between keyword and arguments?</status>
</kw>
<kw name="Open Browser" owner="SeleniumLibrary">
<arg>https://www.google.com</arg>
<arg>Chrome</arg>
<doc>Opens a new browser instance to the optional ``url``.</doc>
<status status="NOT RUN" start="2025-06-18T16:02:46.728885" elapsed="0.000034"/>
</kw>
<kw name="Title Should Be" owner="SeleniumLibrary">
<arg>Google</arg>
<doc>Verifies that the current page title equals ``title``.</doc>
<status status="NOT RUN" start="2025-06-18T16:02:46.729102" elapsed="0.000035"/>
</kw>
<status status="FAIL" start="2025-06-18T16:02:46.726381" elapsed="0.003068">No keyword with name 'Get Variables From Notebook' found. Did you try using keyword 'BuiltIn.Get Variables' and forgot to use enough whitespace between keyword and arguments?</status>
</test>
<status status="FAIL" start="2025-06-18T16:02:46.722870" elapsed="0.007479"/>
</suite>
<status status="FAIL" start="2025-06-18T16:02:13.837778" elapsed="32.893607"/>
</suite>
<statistics>
<total>
<stat pass="3" fail="3" skip="0">All Tests</stat>
</total>
<tag>
</tag>
<suite>
<stat name="Robot Vsmart" id="s1" pass="3" fail="3" skip="0">Robot Vsmart</stat>
<stat name="Import Doc Case" id="s1-s1" pass="3" fail="2" skip="0">Robot Vsmart.Import Doc Case</stat>
<stat name="Main" id="s1-s1-s1" pass="1" fail="2" skip="0">Robot Vsmart.Import Doc Case.Main</stat>
<stat name="Main2" id="s1-s1-s2" pass="2" fail="0" skip="0">Robot Vsmart.Import Doc Case.Main2</stat>
<stat name="Test" id="s1-s2" pass="0" fail="1" skip="0">Robot Vsmart.Test</stat>
</suite>
</statistics>
<errors>
<msg time="2025-06-18T16:02:14.202436" level="ERROR">Error in file 'C:\robotframework\robot_vsmart\import_doc_case\Setting.robot' on line 4: Importing library 'C:\robotframework\robot_vsmart\Libraly\NotebookLibrary.py' failed: ModuleNotFoundError: No module named 'nbformat'
Traceback (most recent call last):
  File "C:\robotframework\robot_vsmart\Libraly\NotebookLibrary.py", line 2, in &lt;module&gt;
    import nbformat
PYTHONPATH:
  C:\robotframework\robot_vsmart\Libraly
  C:\robotframework\venv\Scripts\robot.exe
  C:\Users\VivoBook\AppData\Local\Programs\Python\Python313\python313.zip
  C:\Users\VivoBook\AppData\Local\Programs\Python\Python313\DLLs
  C:\Users\VivoBook\AppData\Local\Programs\Python\Python313\Lib
  C:\Users\VivoBook\AppData\Local\Programs\Python\Python313
  C:\robotframework\venv
  C:\robotframework\venv\Lib\site-packages</msg>
<msg time="2025-06-18T16:02:14.206932" level="ERROR">Error in file 'C:\robotframework\robot_vsmart\import_doc_case\Setting.robot' on line 5: Importing library 'C:\robotframework\robot_vsmart\Libraly\DataLibraly.py' failed: ModuleNotFoundError: No module named 'nbformat'
Traceback (most recent call last):
  File "C:\robotframework\robot_vsmart\Libraly\DataLibraly.py", line 3, in &lt;module&gt;
    import nbformat
PYTHONPATH:
  C:\robotframework\robot_vsmart\Libraly
  C:\robotframework\venv\Scripts\robot.exe
  C:\Users\VivoBook\AppData\Local\Programs\Python\Python313\python313.zip
  C:\Users\VivoBook\AppData\Local\Programs\Python\Python313\DLLs
  C:\Users\VivoBook\AppData\Local\Programs\Python\Python313\Lib
  C:\Users\VivoBook\AppData\Local\Programs\Python\Python313
  C:\robotframework\venv
  C:\robotframework\venv\Lib\site-packages</msg>
<msg time="2025-06-18T16:02:14.326386" level="ERROR">Error in file 'C:\robotframework\robot_vsmart\import_doc_case\Resource\Google_Sheet.robot' on line 4: Importing library 'C:\robotframework\robot_vsmart\Libraly\google_sheet_run.py' failed: ModuleNotFoundError: No module named 'gspread'
Traceback (most recent call last):
  File "C:\robotframework\robot_vsmart\Libraly\google_sheet_run.py", line 4, in &lt;module&gt;
    import gspread
PYTHONPATH:
  C:\robotframework\robot_vsmart\Libraly
  C:\robotframework\venv\Scripts\robot.exe
  C:\Users\VivoBook\AppData\Local\Programs\Python\Python313\python313.zip
  C:\Users\VivoBook\AppData\Local\Programs\Python\Python313\DLLs
  C:\Users\VivoBook\AppData\Local\Programs\Python\Python313\Lib
  C:\Users\VivoBook\AppData\Local\Programs\Python\Python313
  C:\robotframework\venv
  C:\robotframework\venv\Lib\site-packages</msg>
<msg time="2025-06-18T16:02:14.329453" level="ERROR">Error in file 'C:\robotframework\robot_vsmart\import_doc_case\main.robot' on line 4: Importing library 'RequestsLibrary' failed: ModuleNotFoundError: No module named 'RequestsLibrary'
Traceback (most recent call last):
  None
PYTHONPATH:
  C:\robotframework\venv\Scripts\robot.exe
  C:\Users\VivoBook\AppData\Local\Programs\Python\Python313\python313.zip
  C:\Users\VivoBook\AppData\Local\Programs\Python\Python313\DLLs
  C:\Users\VivoBook\AppData\Local\Programs\Python\Python313\Lib
  C:\Users\VivoBook\AppData\Local\Programs\Python\Python313
  C:\robotframework\venv
  C:\robotframework\venv\Lib\site-packages</msg>
<msg time="2025-06-18T16:02:14.648230" level="ERROR">Error in file 'C:\robotframework\robot_vsmart\import_doc_case\Resource\Discord.robot' on line 4: Importing library 'C:\robotframework\robot_vsmart\Libraly\get_value_report.py' failed: ModuleNotFoundError: No module named 'bs4'
Traceback (most recent call last):
  File "C:\robotframework\robot_vsmart\Libraly\get_value_report.py", line 2, in &lt;module&gt;
    from bs4 import BeautifulSoup
PYTHONPATH:
  C:\robotframework\robot_vsmart\Libraly
  C:\robotframework\venv\Scripts\robot.exe
  C:\Users\VivoBook\AppData\Local\Programs\Python\Python313\python313.zip
  C:\Users\VivoBook\AppData\Local\Programs\Python\Python313\DLLs
  C:\Users\VivoBook\AppData\Local\Programs\Python\Python313\Lib
  C:\Users\VivoBook\AppData\Local\Programs\Python\Python313
  C:\robotframework\venv
  C:\robotframework\venv\Lib\site-packages</msg>
</errors>
</robot>
